2022-06-29 08:53:36 INFO TimeLog DESKTOP-AGI7VEF /jiucaigongshe/hot GET 5.398s
2022-06-29 09:03:13 INFO TimeLog DESKTOP-AGI7VEF /jiucaigongshe/hot GET 0.005s
2022-06-29 09:03:19 INFO TimeLog DESKTOP-AGI7VEF /jiucaigongshe/hot GET 0.004s
2022-06-29 09:03:24 INFO TimeLog DESKTOP-AGI7VEF /jiucaigongshe/hot GET 0s
2022-06-29 09:03:37 INFO TimeLog DESKTOP-AGI7VEF /jiucaigongshe/hot GET 0.001s
2022-06-29 09:04:21 INFO TimeLog DESKTOP-AGI7VEF /jiucaigongshe/hot GET 0.004s
2022-06-29 09:04:56 INFO TimeLog DESKTOP-AGI7VEF /jiucaigongshe/hot GET 0.006s
2022-06-29 09:09:39 INFO TimeLog DESKTOP-AGI7VEF /jiucaigongshe/hot GET 0.005s
2022-06-29 09:12:11 INFO TimeLog DESKTOP-AGI7VEF /jiucaigongshe/hot GET 0.006s
2022-06-29 09:12:43 INFO TimeLog DESKTOP-AGI7VEF /jiucaigongshe/hot GET 0.005s
2022-06-29 09:13:12 INFO TimeLog DESKTOP-AGI7VEF /jiucaigongshe/hot GET 0.004s
2022-06-29 09:13:37 INFO TimeLog DESKTOP-AGI7VEF /jiucaigongshe/hot GET 0.005s
2022-06-29 09:15:03 INFO TimeLog DESKTOP-AGI7VEF /jiucaigongshe/hot GET 19.838s
2022-06-29 09:19:12 INFO TimeLog DESKTOP-AGI7VEF /jiucaigongshe/hot GET 5.965s
2022-06-29 09:24:42 INFO TimeLog DESKTOP-AGI7VEF /jiucaigongshe/hot GET 3.622s
2022-06-29 12:15:50 INFO TimeLog DESKTOP-AGI7VEF /jiucaigongshe/hot GET 9.495s
2022-06-29 12:16:44 INFO TimeLog DESKTOP-AGI7VEF /jiucaigongshe/hot GET 5.763s
2022-06-29 12:17:04 INFO TimeLog DESKTOP-AGI7VEF /jiucaigongshe/hot GET 5.86s
2022-06-29 12:17:20 INFO TimeLog DESKTOP-AGI7VEF /jiucaigongshe/hot GET 5.735s
2022-06-29 12:19:12 INFO TimeLog DESKTOP-AGI7VEF /jiucaigongshe/hot GET 5.249s
2022-06-29 12:20:56 INFO TimeLog DESKTOP-AGI7VEF /jiucaigongshe/hot GET 5.075s
2022-06-29 12:21:25 INFO TimeLog DESKTOP-AGI7VEF /jiucaigongshe/hot GET 4.176s
2022-06-29 12:22:49 INFO TimeLog DESKTOP-AGI7VEF /jiucaigongshe/hot GET 5.303s
2022-06-29 12:35:28 INFO TimeLog DESKTOP-AGI7VEF /jiucaigongshe/hot GET 5.99s
2022-06-29 12:44:51 FATAL ErrorCatch DESKTOP-AGI7VEF GET /jiucaigongshe/hot 404
2022-06-29 12:44:51 FATAL ErrorCatch DESKTOP-AGI7VEF {"name":"TimeoutError"}
2022-06-29 12:46:07 INFO TimeLog DESKTOP-AGI7VEF /jiucaigongshe/hot GET 5.562s
2022-06-29 12:47:12 INFO TimeLog DESKTOP-AGI7VEF /jiucaigongshe/hot GET 5.048s
2022-06-29 12:47:26 INFO TimeLog DESKTOP-AGI7VEF /jiucaigongshe/hot GET 5.011s
2022-06-29 12:47:44 INFO TimeLog DESKTOP-AGI7VEF /jiucaigongshe/hot GET 4.866s
2022-06-29 12:54:03 INFO TimeLog DESKTOP-AGI7VEF /jiucaigongshe/hot GET 6.617s
2022-06-29 12:57:10 INFO TimeLog DESKTOP-AGI7VEF /jiucaigongshe/hot GET 5.073s
2022-06-29 12:58:00 INFO TimeLog DESKTOP-AGI7VEF /jiucaigongshe/hot GET 5.438s
2022-06-29 13:01:11 INFO TimeLog DESKTOP-AGI7VEF /jiucaigongshe/hot GET 4.516s
2022-06-29 13:03:55 INFO TimeLog DESKTOP-AGI7VEF /jiucaigongshe/hot GET 5.161s
2022-06-29 13:05:48 INFO TimeLog DESKTOP-AGI7VEF /jiucaigongshe/hot GET 5.448s
2022-06-29 13:10:01 INFO TimeLog DESKTOP-AGI7VEF /jiucaigongshe/hot GET 8.539s
2022-06-29 13:22:50 INFO TimeLog DESKTOP-AGI7VEF /jiucaigongshe/hot GET 6.267s
2022-06-29 13:28:35 INFO TimeLog DESKTOP-AGI7VEF /jiucaigongshe/hot GET 6.23s
2022-06-29 13:39:06 INFO TimeLog DESKTOP-AGI7VEF /jiucaigongshe/hot GET 7.598s
2022-06-29 13:42:41 FATAL ErrorCatch DESKTOP-AGI7VEF GET /jiucaigongshe/hot 404
2022-06-29 13:42:41 FATAL ErrorCatch DESKTOP-AGI7VEF {}
2022-06-29 13:43:18 FATAL ErrorCatch DESKTOP-AGI7VEF GET /jiucaigongshe/hot 404
2022-06-29 13:43:18 FATAL ErrorCatch DESKTOP-AGI7VEF {}
2022-06-29 13:44:24 FATAL ErrorCatch DESKTOP-AGI7VEF GET /jiucaigongshe/hot 404
2022-06-29 13:44:24 FATAL ErrorCatch DESKTOP-AGI7VEF {}
2022-06-29 13:45:27 FATAL ErrorCatch DESKTOP-AGI7VEF GET /jiucaigongshe/hot 404
2022-06-29 13:45:27 FATAL ErrorCatch DESKTOP-AGI7VEF {}
2022-06-29 13:47:53 FATAL ErrorCatch DESKTOP-AGI7VEF GET /jiucaigongshe/hot 404
2022-06-29 13:47:53 FATAL ErrorCatch DESKTOP-AGI7VEF {}
2022-06-29 13:48:17 FATAL ErrorCatch DESKTOP-AGI7VEF GET /jiucaigongshe/hot 404
2022-06-29 13:48:17 FATAL ErrorCatch DESKTOP-AGI7VEF {}
2022-06-29 13:48:57 FATAL ErrorCatch DESKTOP-AGI7VEF GET /jiucaigongshe/hot 404
2022-06-29 13:48:57 FATAL ErrorCatch DESKTOP-AGI7VEF {}
2022-06-29 13:50:41 FATAL ErrorCatch DESKTOP-AGI7VEF GET /jiucaigongshe/hot 404
2022-06-29 13:50:41 FATAL ErrorCatch DESKTOP-AGI7VEF {}
2022-06-29 13:51:13 FATAL ErrorCatch DESKTOP-AGI7VEF GET /jiucaigongshe/hot 404
2022-06-29 13:51:13 FATAL ErrorCatch DESKTOP-AGI7VEF {}
2022-06-29 13:51:34 FATAL ErrorCatch DESKTOP-AGI7VEF GET /jiucaigongshe/hot 404
2022-06-29 13:51:34 FATAL ErrorCatch DESKTOP-AGI7VEF {}
2022-06-29 13:53:04 FATAL ErrorCatch DESKTOP-AGI7VEF GET /jiucaigongshe/hot 404
2022-06-29 13:53:04 FATAL ErrorCatch DESKTOP-AGI7VEF {}
2022-06-29 13:53:22 FATAL ErrorCatch DESKTOP-AGI7VEF GET /jiucaigongshe/hot 404
2022-06-29 13:53:22 FATAL ErrorCatch DESKTOP-AGI7VEF {}
2022-06-29 13:54:31 INFO TimeLog DESKTOP-AGI7VEF /jiucaigongshe/hot GET 0.005s
2022-06-29 13:55:21 INFO TimeLog DESKTOP-AGI7VEF /jiucaigongshe/hot GET 5.79s
2022-06-29 13:55:40 INFO TimeLog DESKTOP-AGI7VEF /jiucaigongshe/hot GET 5.316s
2022-06-29 13:56:29 INFO TimeLog DESKTOP-AGI7VEF /jiucaigongshe/hot GET 6.185s
2022-06-29 13:57:03 INFO TimeLog DESKTOP-AGI7VEF /jiucaigongshe/hot GET 10.135s
2022-06-29 13:57:29 INFO TimeLog DESKTOP-AGI7VEF /jiucaigongshe/hot GET 6.005s
2022-06-29 13:57:48 INFO TimeLog DESKTOP-AGI7VEF /jiucaigongshe/hot GET 5.035s
2022-06-29 13:58:02 INFO TimeLog DESKTOP-AGI7VEF /jiucaigongshe/hot GET 4.9s
2022-06-29 13:58:25 FATAL ErrorCatch DESKTOP-AGI7VEF GET /jiucaigongshe/hot 404
2022-06-29 13:58:25 FATAL ErrorCatch DESKTOP-AGI7VEF {}
2022-06-29 13:58:44 INFO TimeLog DESKTOP-AGI7VEF /jiucaigongshe/hot GET 8.25s
2022-06-29 13:59:14 FATAL ErrorCatch DESKTOP-AGI7VEF GET /jiucaigongshe/hot 404
2022-06-29 13:59:14 FATAL ErrorCatch DESKTOP-AGI7VEF {}
2022-06-29 14:00:26 INFO TimeLog DESKTOP-AGI7VEF /jiucaigongshe/hot GET 4.6s
2022-06-29 14:01:02 INFO TimeLog DESKTOP-AGI7VEF /jiucaigongshe/hot GET 4.513s
2022-06-29 14:01:25 INFO TimeLog DESKTOP-AGI7VEF /jiucaigongshe/hot GET 4.447s
2022-06-29 14:01:44 FATAL ErrorCatch DESKTOP-AGI7VEF GET /jiucaigongshe/hot 404
2022-06-29 14:01:44 FATAL ErrorCatch DESKTOP-AGI7VEF {}
2022-06-29 14:02:32 FATAL ErrorCatch DESKTOP-AGI7VEF GET /jiucaigongshe/hot 404
2022-06-29 14:02:32 FATAL ErrorCatch DESKTOP-AGI7VEF {}
2022-06-29 14:03:01 INFO TimeLog DESKTOP-AGI7VEF /jiucaigongshe/hot GET 5.766s
2022-06-29 14:03:31 INFO TimeLog DESKTOP-AGI7VEF /jiucaigongshe/hot GET 5.386s
2022-06-29 14:05:06 INFO TimeLog DESKTOP-AGI7VEF /jiucaigongshe/hot GET 4.947s
2022-06-29 14:15:33 INFO TimeLog DESKTOP-AGI7VEF /jiucaigongshe/hot GET 6.568s
2022-06-29 14:17:22 INFO TimeLog DESKTOP-AGI7VEF /jiucaigongshe/hot GET 7.207s
2022-06-29 14:20:19 INFO TimeLog DESKTOP-AGI7VEF /jiucaigongshe/hot GET 5.993s
2022-06-29 14:26:02 INFO TimeLog DESKTOP-AGI7VEF /jiucaigongshe/hot GET 0.005s
2022-06-29 14:26:04 INFO TimeLog DESKTOP-AGI7VEF /jiucaigongshe/hot GET 0.003s
2022-06-29 14:26:05 INFO TimeLog DESKTOP-AGI7VEF /jiucaigongshe/hot GET 0s
2022-06-29 14:26:05 INFO TimeLog DESKTOP-AGI7VEF /jiucaigongshe/hot GET 0s
2022-06-29 14:26:06 INFO TimeLog DESKTOP-AGI7VEF /jiucaigongshe/hot GET 0.001s
2022-06-29 14:26:07 INFO TimeLog DESKTOP-AGI7VEF /jiucaigongshe/hot GET 0.001s
2022-06-29 14:26:20 INFO TimeLog DESKTOP-AGI7VEF /jiucaigongshe/hot/ GET 0s
2022-06-29 14:26:22 INFO TimeLog DESKTOP-AGI7VEF /jiucaigongshe/hot/ GET 0.001s
2022-06-29 14:26:28 INFO TimeLog DESKTOP-AGI7VEF /jiucaigongshe/hot/1 GET 3.282s
2022-06-29 14:27:21 INFO TimeLog DESKTOP-AGI7VEF /jiucaigongshe/hot/1 GET 6.332s
2022-06-29 14:34:28 INFO TimeLog DESKTOP-AGI7VEF /jiucaigongshe/hot/1 GET 0.006s
2022-06-29 14:34:33 INFO TimeLog DESKTOP-AGI7VEF /jiucaigongshe/hot/1 GET 0.004s
2022-06-29 14:39:04 INFO TimeLog DESKTOP-AGI7VEF /jiucaigongshe/hot/1 GET 0.007s
2022-06-29 14:39:20 INFO TimeLog DESKTOP-AGI7VEF /jiucaigongshe/hot/1 GET 0.007s
2022-06-29 14:39:41 INFO TimeLog DESKTOP-AGI7VEF /jiucaigongshe/hot/ GET 0.003s
2022-06-29 14:39:43 INFO TimeLog DESKTOP-AGI7VEF /jiucaigongshe/hot/ GET 0s
2022-06-29 14:39:43 INFO TimeLog DESKTOP-AGI7VEF /jiucaigongshe/hot/ GET 0s
2022-06-29 14:39:45 INFO TimeLog DESKTOP-AGI7VEF /jiucaigongshe/hot/ GET 0s
2022-06-29 14:40:11 INFO TimeLog DESKTOP-AGI7VEF /jiucaigongshe/hot/20220629 GET 5.936s
2022-06-29 14:41:11 INFO TimeLog DESKTOP-AGI7VEF /jiucaigongshe/hot/20220628 GET 6.687s
2022-06-29 14:41:34 INFO TimeLog DESKTOP-AGI7VEF /jiucaigongshe/hot/20220626 GET 5.047s
2022-06-29 14:44:14 INFO TimeLog DESKTOP-AGI7VEF /jiucaigongshe/hot/20220623 GET 7.114s
2022-06-29 14:44:52 INFO TimeLog DESKTOP-AGI7VEF /jiucaigongshe/hot/20220623 GET 6.15s
2022-06-29 14:45:28 INFO TimeLog DESKTOP-AGI7VEF /jiucaigongshe/hot/20220623 GET 6.204s
2022-06-29 14:45:42 INFO TimeLog DESKTOP-AGI7VEF /jiucaigongshe/hot/20220623 GET 5.511s
2022-06-29 14:46:05 INFO TimeLog DESKTOP-AGI7VEF /jiucaigongshe/hot/20220623 GET 4.388s
2022-06-29 14:47:17 INFO TimeLog DESKTOP-AGI7VEF /jiucaigongshe/hot/20220623 GET 6.004s
