2022-06-28 08:43:18 FATAL ErrorCatch DESKTOP-AGI7VEF GET /jiucaigongshe/hot 404
2022-06-28 08:43:18 FATAL ErrorCatch DESKTOP-AGI7VEF {}
2022-06-28 08:46:23 FATAL ErrorCatch DESKTOP-AGI7VEF GET /jiucaigongshe/hot 404
2022-06-28 08:46:23 FATAL ErrorCatch DESKTOP-AGI7VEF {}
2022-06-28 08:47:16 FATAL ErrorCatch DESKTOP-AGI7VEF GET /jiucaigongshe/hot 404
2022-06-28 08:47:16 FATAL ErrorCatch DESKTOP-AGI7VEF {}
2022-06-28 08:49:40 FATAL jiucaigongshe-hot DESKTOP-AGI7VEF {}
2022-06-28 08:49:40 INFO TimeLog DESKTOP-AGI7VEF /jiucaigongshe/hot GET 3.158s
2022-06-28 08:50:12 FATAL jiucaigongshe-hot DESKTOP-AGI7VEF {}
2022-06-28 08:50:13 INFO TimeLog DESKTOP-AGI7VEF /jiucaigongshe/hot GET 9.809s
2022-06-28 08:52:11 FATAL jiucaigongshe-hot DESKTOP-AGI7VEF {}
2022-06-28 08:52:12 INFO TimeLog DESKTOP-AGI7VEF /jiucaigongshe/hot GET 3.783s
2022-06-28 08:54:00 FATAL jiucaigongshe-hot DESKTOP-AGI7VEF {}
2022-06-28 08:54:01 INFO TimeLog DESKTOP-AGI7VEF /jiucaigongshe/hot GET 8.556s
2022-06-28 09:01:23 FATAL ErrorCatch DESKTOP-AGI7VEF GET /jiucaigongshe/hot 404
2022-06-28 09:01:23 FATAL ErrorCatch DESKTOP-AGI7VEF {"name":"TimeoutError"}
2022-06-28 09:02:46 FATAL ErrorCatch DESKTOP-AGI7VEF GET /jiucaigongshe/hot 404
2022-06-28 09:02:46 FATAL ErrorCatch DESKTOP-AGI7VEF {"name":"TimeoutError"}
2022-06-28 09:03:30 FATAL ErrorCatch DESKTOP-AGI7VEF GET /jiucaigongshe/hot 404
2022-06-28 09:03:30 FATAL ErrorCatch DESKTOP-AGI7VEF {"name":"TimeoutError"}
2022-06-28 09:05:23 FATAL ErrorCatch DESKTOP-AGI7VEF GET /jiucaigongshe/hot 404
2022-06-28 09:05:23 FATAL ErrorCatch DESKTOP-AGI7VEF {"name":"TimeoutError"}
2022-06-28 09:06:05 FATAL ErrorCatch DESKTOP-AGI7VEF GET /jiucaigongshe/hot 404
2022-06-28 09:06:05 FATAL ErrorCatch DESKTOP-AGI7VEF {"name":"TimeoutError"}
2022-06-28 09:06:45 FATAL ErrorCatch DESKTOP-AGI7VEF GET /jiucaigongshe/hot 404
2022-06-28 09:06:45 FATAL ErrorCatch DESKTOP-AGI7VEF {"name":"TimeoutError"}
2022-06-28 09:07:33 FATAL jiucaigongshe-hot DESKTOP-AGI7VEF {}
2022-06-28 09:07:34 INFO TimeLog DESKTOP-AGI7VEF /jiucaigongshe/hot GET 10.131s
2022-06-28 09:08:38 INFO TimeLog DESKTOP-AGI7VEF /jiucaigongshe/hot GET 7.962s
2022-06-28 09:35:38 INFO TimeLog DESKTOP-AGI7VEF /jiucaigongshe/hot GET 4.395s
2022-06-28 09:40:40 INFO TimeLog DESKTOP-AGI7VEF /jiucaigongshe/hot GET 6.105s
2022-06-28 09:56:04 INFO TimeLog DESKTOP-AGI7VEF /jiucaigongshe/hot GET 5.174s
2022-06-28 10:02:11 INFO TimeLog DESKTOP-AGI7VEF /jiucaigongshe/hot GET 5.098s
2022-06-28 10:03:12 INFO TimeLog DESKTOP-AGI7VEF /jiucaigongshe/hot GET 9.917s
2022-06-28 10:05:05 INFO TimeLog DESKTOP-AGI7VEF /jiucaigongshe/hot GET 7.162s
2022-06-28 10:06:02 INFO TimeLog DESKTOP-AGI7VEF /jiucaigongshe/hot GET 6.738s
