2022-07-27 21:13:58 INFO NormalLog avg.local serve started in http://192.168.101.7:3000
2022-07-27 21:14:02 INFO TongHuaShun avg.local 开始爬取：http://data.10jqka.com.cn/rank/ljqs/ ljqs
2022-07-27 21:14:15 INFO TongHuaShun avg.local 开始爬取：http://data.10jqka.com.cn/rank/ljqs/ ljqs - 正在爬取1页
2022-07-27 21:14:15 INFO TongHuaShun avg.local 开始爬取：http://data.10jqka.com.cn/rank/ljqs/ ljqs - 正在爬取1页
2022-07-27 21:14:19 INFO TongHuaShun avg.local 开始爬取：http://data.10jqka.com.cn/rank/ljqs/ ljqs - 正在爬取2页
2022-07-27 21:14:19 INFO TongHuaShun avg.local 开始爬取：http://data.10jqka.com.cn/rank/ljqs/ ljqs - 正在爬取2页
2022-07-27 21:14:32 INFO NormalLog avg.local serve started in http://192.168.101.7:3000
2022-07-27 21:14:37 INFO TongHuaShun avg.local 开始爬取：http://data.10jqka.com.cn/rank/ljqs/ ljqs
2022-07-27 21:14:43 INFO TongHuaShun avg.local 开始爬取：http://data.10jqka.com.cn/rank/ljqs/ ljqs - 正在爬取1页
2022-07-27 21:14:43 INFO TongHuaShun avg.local 开始爬取：http://data.10jqka.com.cn/rank/ljqs/ ljqs - 正在爬取1页
2022-07-27 21:14:44 INFO TongHuaShun avg.local 开始爬取：http://data.10jqka.com.cn/rank/ljqs/ ljqs - 正在爬取2页
2022-07-27 21:14:45 INFO TongHuaShun avg.local 开始爬取：http://data.10jqka.com.cn/rank/ljqs/ ljqs - 正在爬取3页
2022-07-27 21:14:47 INFO TongHuaShun avg.local 开始爬取：http://data.10jqka.com.cn/rank/ljqs/ ljqs - 正在爬取4页
2022-07-27 21:14:48 INFO TongHuaShun avg.local 开始爬取：http://data.10jqka.com.cn/rank/ljqs/ ljqs - 正在爬取5页
2022-07-27 21:14:50 INFO TongHuaShun avg.local 开始爬取：http://data.10jqka.com.cn/rank/ljqs/ ljqs - 正在爬取6页
2022-07-27 21:14:52 INFO TongHuaShun avg.local 开始爬取：http://data.10jqka.com.cn/rank/ljqs/ ljqs - 正在爬取7页
2022-07-27 21:14:53 INFO TongHuaShun avg.local 开始爬取：http://data.10jqka.com.cn/rank/ljqs/ ljqs - 正在爬取8页
2022-07-27 21:14:55 INFO TongHuaShun avg.local 开始爬取：http://data.10jqka.com.cn/rank/ljqs/ ljqs - 正在爬取9页
2022-07-27 21:14:56 INFO TongHuaShun avg.local 开始爬取：http://data.10jqka.com.cn/rank/ljqs/ ljqs - 正在爬取10页
2022-07-27 21:14:57 INFO TongHuaShun avg.local 开始爬取：http://data.10jqka.com.cn/rank/ljqs/ ljqs - 正在爬取11页
2022-07-27 21:14:59 INFO TongHuaShun avg.local 开始爬取：http://data.10jqka.com.cn/rank/ljqs/ ljqs - 正在爬取12页
2022-07-27 21:15:00 INFO TongHuaShun avg.local 开始爬取：http://data.10jqka.com.cn/rank/ljqs/ ljqs - 正在爬取13页
2022-07-27 21:15:01 INFO TongHuaShun avg.local 开始爬取：http://data.10jqka.com.cn/rank/ljqs/ ljqs - 正在爬取14页
2022-07-27 21:15:03 INFO TongHuaShun avg.local 开始爬取：http://data.10jqka.com.cn/rank/ljqs/ ljqs - 正在爬取15页
2022-07-27 21:15:04 INFO TongHuaShun avg.local 开始爬取：http://data.10jqka.com.cn/rank/ljqs/ ljqs - 正在爬取16页
2022-07-27 21:15:05 INFO TongHuaShun avg.local 开始爬取：http://data.10jqka.com.cn/rank/ljqs/ ljqs - 正在爬取17页
2022-07-27 21:15:06 INFO TongHuaShun avg.local 开始爬取：http://data.10jqka.com.cn/rank/ljqs/ ljqs - 正在爬取18页
2022-07-27 21:15:07 INFO TongHuaShun avg.local 开始爬取：http://data.10jqka.com.cn/rank/ljqs/ ljqs - 正在爬取19页
2022-07-27 21:15:09 INFO TongHuaShun avg.local 开始爬取：http://data.10jqka.com.cn/rank/ljqs/ ljqs - 正在爬取20页
2022-07-27 21:15:10 INFO TongHuaShun avg.local 开始爬取：http://data.10jqka.com.cn/rank/ljqs/ ljqs - 正在爬取21页
2022-07-27 21:15:11 INFO TongHuaShun avg.local 开始爬取：http://data.10jqka.com.cn/rank/ljqs/ ljqs - 正在爬取22页
2022-07-27 21:15:12 INFO TongHuaShun avg.local 开始爬取：http://data.10jqka.com.cn/rank/ljqs/ ljqs - 正在爬取23页
2022-07-27 21:15:14 INFO TongHuaShun avg.local 开始爬取：http://data.10jqka.com.cn/rank/ljqs/ ljqs - 正在爬取24页
2022-07-27 21:15:15 INFO TongHuaShun avg.local 开始爬取：http://data.10jqka.com.cn/rank/ljqs/ ljqs - 正在爬取25页
2022-07-27 21:15:16 INFO TongHuaShun avg.local 开始爬取：http://data.10jqka.com.cn/rank/ljqs/ ljqs - 正在爬取26页
2022-07-27 21:15:17 INFO TongHuaShun avg.local 开始爬取：http://data.10jqka.com.cn/rank/ljqs/ ljqs - 正在爬取27页
2022-07-27 21:15:18 INFO TongHuaShun avg.local 开始爬取：http://data.10jqka.com.cn/rank/ljqs/ ljqs - 正在爬取28页
2022-07-27 21:15:20 INFO TongHuaShun avg.local 开始爬取：http://data.10jqka.com.cn/rank/ljqs/ ljqs - 正在爬取29页
2022-07-27 21:15:21 INFO TongHuaShun avg.local 开始爬取：http://data.10jqka.com.cn/rank/ljqs/ ljqs - 正在爬取30页
2022-07-27 21:15:22 INFO TongHuaShun avg.local 开始爬取：http://data.10jqka.com.cn/rank/ljqs/ ljqs - 正在爬取31页
2022-07-27 21:15:23 INFO TongHuaShun avg.local 开始爬取：http://data.10jqka.com.cn/rank/ljqs/ ljqs - 正在爬取32页
2022-07-27 21:15:25 INFO TongHuaShun avg.local 开始爬取：http://data.10jqka.com.cn/rank/ljqs/ ljqs - 正在爬取33页
2022-07-27 21:15:26 INFO TongHuaShun avg.local 开始爬取：http://data.10jqka.com.cn/rank/ljqs/ ljqs - 正在爬取34页
2022-07-27 21:15:27 INFO TongHuaShun avg.local 开始爬取：http://data.10jqka.com.cn/rank/ljqs/ ljqs - 正在爬取35页
2022-07-27 21:15:28 INFO TongHuaShun avg.local 开始爬取：http://data.10jqka.com.cn/rank/ljqs/ ljqs - 正在爬取36页
2022-07-27 21:15:29 INFO TongHuaShun avg.local 开始爬取：http://data.10jqka.com.cn/rank/ljqs/ ljqs - 结束了
2022-07-27 21:15:29 INFO TongHuaShunDB avg.local 开始插入同花顺数据
2022-07-27 21:15:29 FATAL ErrorCatch avg.local GET /pac/api/ths/ljqs 404
2022-07-27 21:15:29 FATAL ErrorCatch avg.local {"errors":{"percent":{"stringValue":"\"NaN\"","valueType":"number","kind":"Number","value":null,"path":"percent","reason":{"generatedMessage":true,"code":"ERR_ASSERTION","actual":false,"expected":true,"operator":"=="},"name":"CastError","message":"Cast to Number failed for value \"NaN\" (type number) at path \"percent\""}},"_message":"t_ths_liangjia validation failed","name":"ValidationError","message":"t_ths_liangjia validation failed: percent: Cast to Number failed for value \"NaN\" (type number) at path \"percent\""}
2022-07-27 21:17:51 INFO NormalLog avg.local serve started in http://192.168.101.7:3000
2022-07-27 21:17:56 INFO TongHuaShun avg.local 开始爬取：http://data.10jqka.com.cn/rank/ljqs/ ljqs
2022-07-27 21:18:06 INFO TongHuaShun avg.local 开始爬取：http://data.10jqka.com.cn/rank/ljqs/ ljqs - 正在爬取1页
2022-07-27 21:18:06 INFO TongHuaShun avg.local 开始爬取：http://data.10jqka.com.cn/rank/ljqs/ ljqs - 正在爬取1页
2022-07-27 21:19:22 INFO NormalLog avg.local serve started in http://192.168.101.7:3000
2022-07-27 21:19:50 INFO NormalLog avg.local serve started in http://192.168.101.7:3000
2022-07-27 21:19:59 INFO TongHuaShun avg.local 开始爬取：http://data.10jqka.com.cn/rank/ljqs/ ljqs
2022-07-27 21:20:06 INFO TongHuaShun avg.local 开始爬取：http://data.10jqka.com.cn/rank/ljqs/ ljqs - 正在爬取1页
2022-07-27 21:20:06 INFO TongHuaShun avg.local 开始爬取：http://data.10jqka.com.cn/rank/ljqs/ ljqs - 正在爬取1页
2022-07-27 21:20:08 INFO TongHuaShun avg.local 开始爬取：http://data.10jqka.com.cn/rank/ljqs/ ljqs - 正在爬取2页
2022-07-27 21:20:08 INFO TongHuaShun avg.local 开始爬取：http://data.10jqka.com.cn/rank/ljqs/ ljqs - 正在爬取2页
2022-07-27 21:20:10 INFO TongHuaShun avg.local 开始爬取：http://data.10jqka.com.cn/rank/ljqs/ ljqs - 正在爬取3页
2022-07-27 21:20:11 INFO TongHuaShun avg.local 开始爬取：http://data.10jqka.com.cn/rank/ljqs/ ljqs - 正在爬取4页
2022-07-27 21:20:12 INFO TongHuaShun avg.local 开始爬取：http://data.10jqka.com.cn/rank/ljqs/ ljqs - 正在爬取5页
2022-07-27 21:20:40 INFO TongHuaShun avg.local 开始爬取：http://data.10jqka.com.cn/rank/ljqs/ ljqs - 正在爬取7页
2022-07-27 21:20:40 INFO TongHuaShun avg.local 开始爬取：http://data.10jqka.com.cn/rank/ljqs/ ljqs - 正在爬取7页
2022-07-27 21:20:42 INFO TongHuaShun avg.local 开始爬取：http://data.10jqka.com.cn/rank/ljqs/ ljqs - 正在爬取8页
2022-07-27 21:20:42 INFO TongHuaShun avg.local 开始爬取：http://data.10jqka.com.cn/rank/ljqs/ ljqs - 正在爬取8页
2022-07-27 21:20:43 INFO TongHuaShun avg.local 开始爬取：http://data.10jqka.com.cn/rank/ljqs/ ljqs - 正在爬取9页
2022-07-27 21:20:45 INFO TongHuaShun avg.local 开始爬取：http://data.10jqka.com.cn/rank/ljqs/ ljqs - 正在爬取10页
2022-07-27 21:20:46 INFO TongHuaShun avg.local 开始爬取：http://data.10jqka.com.cn/rank/ljqs/ ljqs - 正在爬取11页
2022-07-27 21:20:48 INFO TongHuaShun avg.local 开始爬取：http://data.10jqka.com.cn/rank/ljqs/ ljqs - 正在爬取12页
2022-07-27 21:20:49 INFO TongHuaShun avg.local 开始爬取：http://data.10jqka.com.cn/rank/ljqs/ ljqs - 正在爬取13页
2022-07-27 21:20:51 INFO TongHuaShun avg.local 开始爬取：http://data.10jqka.com.cn/rank/ljqs/ ljqs - 正在爬取14页
2022-07-27 21:20:52 INFO TongHuaShun avg.local 开始爬取：http://data.10jqka.com.cn/rank/ljqs/ ljqs - 正在爬取15页
2022-07-27 21:20:54 INFO TongHuaShun avg.local 开始爬取：http://data.10jqka.com.cn/rank/ljqs/ ljqs - 正在爬取16页
2022-07-27 21:20:55 INFO TongHuaShun avg.local 开始爬取：http://data.10jqka.com.cn/rank/ljqs/ ljqs - 正在爬取17页
2022-07-27 21:20:57 INFO TongHuaShun avg.local 开始爬取：http://data.10jqka.com.cn/rank/ljqs/ ljqs - 正在爬取18页
2022-07-27 21:20:58 INFO TongHuaShun avg.local 开始爬取：http://data.10jqka.com.cn/rank/ljqs/ ljqs - 正在爬取19页
2022-07-27 21:21:00 INFO TongHuaShun avg.local 开始爬取：http://data.10jqka.com.cn/rank/ljqs/ ljqs - 正在爬取20页
2022-07-27 21:21:01 INFO TongHuaShun avg.local 开始爬取：http://data.10jqka.com.cn/rank/ljqs/ ljqs - 正在爬取21页
2022-07-27 21:21:02 INFO TongHuaShun avg.local 开始爬取：http://data.10jqka.com.cn/rank/ljqs/ ljqs - 正在爬取22页
2022-07-27 21:21:04 INFO TongHuaShun avg.local 开始爬取：http://data.10jqka.com.cn/rank/ljqs/ ljqs - 正在爬取23页
2022-07-27 21:21:05 INFO TongHuaShun avg.local 开始爬取：http://data.10jqka.com.cn/rank/ljqs/ ljqs - 正在爬取24页
2022-07-27 21:21:07 INFO TongHuaShun avg.local 开始爬取：http://data.10jqka.com.cn/rank/ljqs/ ljqs - 正在爬取25页
2022-07-27 21:21:08 INFO TongHuaShun avg.local 开始爬取：http://data.10jqka.com.cn/rank/ljqs/ ljqs - 正在爬取26页
2022-07-27 21:21:09 INFO TongHuaShun avg.local 开始爬取：http://data.10jqka.com.cn/rank/ljqs/ ljqs - 正在爬取27页
2022-07-27 21:21:11 INFO TongHuaShun avg.local 开始爬取：http://data.10jqka.com.cn/rank/ljqs/ ljqs - 正在爬取28页
2022-07-27 21:21:12 INFO TongHuaShun avg.local 开始爬取：http://data.10jqka.com.cn/rank/ljqs/ ljqs - 正在爬取29页
2022-07-27 21:21:14 INFO TongHuaShun avg.local 开始爬取：http://data.10jqka.com.cn/rank/ljqs/ ljqs - 正在爬取30页
2022-07-27 21:21:15 INFO TongHuaShun avg.local 开始爬取：http://data.10jqka.com.cn/rank/ljqs/ ljqs - 正在爬取31页
2022-07-27 21:21:16 INFO TongHuaShun avg.local 开始爬取：http://data.10jqka.com.cn/rank/ljqs/ ljqs - 正在爬取32页
2022-07-27 21:21:18 INFO TongHuaShun avg.local 开始爬取：http://data.10jqka.com.cn/rank/ljqs/ ljqs - 正在爬取33页
2022-07-27 21:21:19 INFO TongHuaShun avg.local 开始爬取：http://data.10jqka.com.cn/rank/ljqs/ ljqs - 正在爬取34页
2022-07-27 21:21:20 INFO TongHuaShun avg.local 开始爬取：http://data.10jqka.com.cn/rank/ljqs/ ljqs - 正在爬取35页
2022-07-27 21:21:22 INFO TongHuaShun avg.local 开始爬取：http://data.10jqka.com.cn/rank/ljqs/ ljqs - 正在爬取36页
2022-07-27 21:21:23 INFO TongHuaShun avg.local 开始爬取：http://data.10jqka.com.cn/rank/ljqs/ ljqs - 结束了
2022-07-27 21:21:23 INFO TongHuaShunDB avg.local 开始插入同花顺数据
2022-07-27 21:21:23 FATAL ErrorCatch avg.local GET /pac/api/ths/ljqs 404
2022-07-27 21:21:23 FATAL ErrorCatch avg.local {"errors":{"percent":{"stringValue":"\"NaN\"","valueType":"number","kind":"Number","value":null,"path":"percent","reason":{"generatedMessage":true,"code":"ERR_ASSERTION","actual":false,"expected":true,"operator":"=="},"name":"CastError","message":"Cast to Number failed for value \"NaN\" (type number) at path \"percent\""}},"_message":"t_ths_liangjia validation failed","name":"ValidationError","message":"t_ths_liangjia validation failed: percent: Cast to Number failed for value \"NaN\" (type number) at path \"percent\""}
2022-07-27 21:23:35 INFO NormalLog avg.local serve started in http://192.168.101.7:3000
2022-07-27 21:23:38 INFO TongHuaShun avg.local 开始爬取：http://data.10jqka.com.cn/rank/ljqs/ ljqs
2022-07-27 21:23:46 INFO TongHuaShun avg.local 开始爬取：http://data.10jqka.com.cn/rank/ljqs/ ljqs - 正在爬取1页
2022-07-27 21:23:46 INFO TongHuaShun avg.local 开始爬取：http://data.10jqka.com.cn/rank/ljqs/ ljqs - 正在爬取1页
2022-07-27 21:23:49 INFO TongHuaShun avg.local 开始爬取：http://data.10jqka.com.cn/rank/ljqs/ ljqs - 正在爬取2页
2022-07-27 21:23:49 INFO TongHuaShun avg.local 开始爬取：http://data.10jqka.com.cn/rank/ljqs/ ljqs - 正在爬取2页
2022-07-27 21:23:51 INFO TongHuaShun avg.local 开始爬取：http://data.10jqka.com.cn/rank/ljqs/ ljqs - 正在爬取3页
2022-07-27 21:23:51 INFO TongHuaShun avg.local 开始爬取：http://data.10jqka.com.cn/rank/ljqs/ ljqs - 正在爬取3页
2022-07-27 21:23:52 INFO TongHuaShun avg.local 开始爬取：http://data.10jqka.com.cn/rank/ljqs/ ljqs - 正在爬取4页
2022-07-27 21:23:53 INFO TongHuaShun avg.local 开始爬取：http://data.10jqka.com.cn/rank/ljqs/ ljqs - 正在爬取5页
2022-07-27 21:23:55 INFO TongHuaShun avg.local 开始爬取：http://data.10jqka.com.cn/rank/ljqs/ ljqs - 正在爬取6页
2022-07-27 21:23:56 INFO TongHuaShun avg.local 开始爬取：http://data.10jqka.com.cn/rank/ljqs/ ljqs - 正在爬取7页
2022-07-27 21:23:58 INFO TongHuaShun avg.local 开始爬取：http://data.10jqka.com.cn/rank/ljqs/ ljqs - 正在爬取8页
2022-07-27 21:23:59 INFO TongHuaShun avg.local 开始爬取：http://data.10jqka.com.cn/rank/ljqs/ ljqs - 正在爬取9页
2022-07-27 21:24:00 INFO TongHuaShun avg.local 开始爬取：http://data.10jqka.com.cn/rank/ljqs/ ljqs - 正在爬取10页
2022-07-27 21:24:02 INFO TongHuaShun avg.local 开始爬取：http://data.10jqka.com.cn/rank/ljqs/ ljqs - 正在爬取11页
2022-07-27 21:24:03 INFO TongHuaShun avg.local 开始爬取：http://data.10jqka.com.cn/rank/ljqs/ ljqs - 正在爬取12页
2022-07-27 21:24:05 INFO TongHuaShun avg.local 开始爬取：http://data.10jqka.com.cn/rank/ljqs/ ljqs - 正在爬取13页
2022-07-27 21:24:06 INFO TongHuaShun avg.local 开始爬取：http://data.10jqka.com.cn/rank/ljqs/ ljqs - 正在爬取14页
2022-07-27 21:24:07 INFO TongHuaShun avg.local 开始爬取：http://data.10jqka.com.cn/rank/ljqs/ ljqs - 正在爬取15页
2022-07-27 21:24:09 INFO TongHuaShun avg.local 开始爬取：http://data.10jqka.com.cn/rank/ljqs/ ljqs - 正在爬取16页
2022-07-27 21:24:10 INFO TongHuaShun avg.local 开始爬取：http://data.10jqka.com.cn/rank/ljqs/ ljqs - 正在爬取17页
2022-07-27 21:24:12 INFO TongHuaShun avg.local 开始爬取：http://data.10jqka.com.cn/rank/ljqs/ ljqs - 正在爬取18页
2022-07-27 21:24:13 INFO TongHuaShun avg.local 开始爬取：http://data.10jqka.com.cn/rank/ljqs/ ljqs - 正在爬取19页
2022-07-27 21:24:15 INFO TongHuaShun avg.local 开始爬取：http://data.10jqka.com.cn/rank/ljqs/ ljqs - 正在爬取20页
2022-07-27 21:24:16 INFO TongHuaShun avg.local 开始爬取：http://data.10jqka.com.cn/rank/ljqs/ ljqs - 正在爬取21页
2022-07-27 21:24:17 INFO TongHuaShun avg.local 开始爬取：http://data.10jqka.com.cn/rank/ljqs/ ljqs - 正在爬取22页
2022-07-27 21:24:19 INFO TongHuaShun avg.local 开始爬取：http://data.10jqka.com.cn/rank/ljqs/ ljqs - 正在爬取23页
2022-07-27 21:24:20 INFO TongHuaShun avg.local 开始爬取：http://data.10jqka.com.cn/rank/ljqs/ ljqs - 正在爬取24页
2022-07-27 21:24:22 INFO TongHuaShun avg.local 开始爬取：http://data.10jqka.com.cn/rank/ljqs/ ljqs - 正在爬取25页
2022-07-27 21:24:23 INFO TongHuaShun avg.local 开始爬取：http://data.10jqka.com.cn/rank/ljqs/ ljqs - 正在爬取26页
2022-07-27 21:24:24 INFO TongHuaShun avg.local 开始爬取：http://data.10jqka.com.cn/rank/ljqs/ ljqs - 正在爬取27页
2022-07-27 21:24:26 INFO TongHuaShun avg.local 开始爬取：http://data.10jqka.com.cn/rank/ljqs/ ljqs - 正在爬取28页
2022-07-27 21:24:28 INFO TongHuaShun avg.local 开始爬取：http://data.10jqka.com.cn/rank/ljqs/ ljqs - 正在爬取29页
2022-07-27 21:24:29 INFO TongHuaShun avg.local 开始爬取：http://data.10jqka.com.cn/rank/ljqs/ ljqs - 正在爬取30页
2022-07-27 21:24:30 INFO TongHuaShun avg.local 开始爬取：http://data.10jqka.com.cn/rank/ljqs/ ljqs - 正在爬取31页
2022-07-27 21:24:32 INFO TongHuaShun avg.local 开始爬取：http://data.10jqka.com.cn/rank/ljqs/ ljqs - 正在爬取32页
2022-07-27 21:24:33 INFO TongHuaShun avg.local 开始爬取：http://data.10jqka.com.cn/rank/ljqs/ ljqs - 正在爬取33页
2022-07-27 21:24:35 INFO TongHuaShun avg.local 开始爬取：http://data.10jqka.com.cn/rank/ljqs/ ljqs - 正在爬取34页
2022-07-27 21:24:36 INFO TongHuaShun avg.local 开始爬取：http://data.10jqka.com.cn/rank/ljqs/ ljqs - 正在爬取35页
2022-07-27 21:24:37 INFO TongHuaShun avg.local 开始爬取：http://data.10jqka.com.cn/rank/ljqs/ ljqs - 正在爬取36页
2022-07-27 21:24:38 INFO TongHuaShun avg.local 开始爬取：http://data.10jqka.com.cn/rank/ljqs/ ljqs - 结束了
2022-07-27 21:24:38 INFO TongHuaShunDB avg.local 开始插入同花顺数据
2022-07-27 21:24:39 FATAL ErrorCatch avg.local GET /pac/api/ths/ljqs 404
2022-07-27 21:24:39 FATAL ErrorCatch avg.local {"errors":{"percent":{"stringValue":"\"NaN\"","valueType":"number","kind":"Number","value":null,"path":"percent","reason":{"generatedMessage":true,"code":"ERR_ASSERTION","actual":false,"expected":true,"operator":"=="},"name":"CastError","message":"Cast to Number failed for value \"NaN\" (type number) at path \"percent\""}},"_message":"t_ths_liangjia validation failed","name":"ValidationError","message":"t_ths_liangjia validation failed: percent: Cast to Number failed for value \"NaN\" (type number) at path \"percent\""}
2022-07-27 21:56:23 INFO NormalLog avg.local serve started in http://192.168.101.7:3000
2022-07-27 21:57:56 INFO NormalLog avg.local serve started in http://192.168.101.7:3000
2022-07-27 21:58:03 INFO TongHuaShun avg.local 开始爬取：http://data.10jqka.com.cn/rank/ljqs/ ljqs
2022-07-27 21:58:08 INFO TongHuaShun avg.local 开始爬取：http://data.10jqka.com.cn/rank/ljqs/ ljqs - 正在爬取1页
2022-07-27 21:58:09 INFO TongHuaShun avg.local 开始爬取：http://data.10jqka.com.cn/rank/ljqs/ ljqs - 正在爬取1页
2022-07-27 21:58:09 INFO TongHuaShun avg.local 开始爬取：http://data.10jqka.com.cn/rank/ljqs/ ljqs - 正在爬取2页
2022-07-27 21:58:10 INFO TongHuaShun avg.local 开始爬取：http://data.10jqka.com.cn/rank/ljqs/ ljqs - 正在爬取3页
2022-07-27 21:58:11 INFO TongHuaShun avg.local 开始爬取：http://data.10jqka.com.cn/rank/ljqs/ ljqs - 正在爬取4页
2022-07-27 21:58:14 INFO TongHuaShun avg.local 开始爬取：http://data.10jqka.com.cn/rank/ljqs/ ljqs - 正在爬取5页
2022-07-27 21:58:14 INFO TongHuaShun avg.local 开始爬取：http://data.10jqka.com.cn/rank/ljqs/ ljqs - 正在爬取6页
2022-07-27 21:58:15 INFO TongHuaShun avg.local 开始爬取：http://data.10jqka.com.cn/rank/ljqs/ ljqs - 正在爬取7页
2022-07-27 21:58:16 INFO TongHuaShun avg.local 开始爬取：http://data.10jqka.com.cn/rank/ljqs/ ljqs - 正在爬取8页
2022-07-27 21:58:17 INFO TongHuaShun avg.local 开始爬取：http://data.10jqka.com.cn/rank/ljqs/ ljqs - 正在爬取9页
2022-07-27 21:58:17 INFO TongHuaShun avg.local 开始爬取：http://data.10jqka.com.cn/rank/ljqs/ ljqs - 正在爬取10页
2022-07-27 21:58:18 INFO TongHuaShun avg.local 开始爬取：http://data.10jqka.com.cn/rank/ljqs/ ljqs - 正在爬取11页
2022-07-27 21:58:20 INFO TongHuaShun avg.local 开始爬取：http://data.10jqka.com.cn/rank/ljqs/ ljqs - 正在爬取12页
2022-07-27 21:58:20 INFO TongHuaShun avg.local 开始爬取：http://data.10jqka.com.cn/rank/ljqs/ ljqs - 正在爬取13页
2022-07-27 21:58:22 INFO TongHuaShun avg.local 开始爬取：http://data.10jqka.com.cn/rank/ljqs/ ljqs - 正在爬取14页
2022-07-27 21:58:23 INFO TongHuaShun avg.local 开始爬取：http://data.10jqka.com.cn/rank/ljqs/ ljqs - 正在爬取15页
2022-07-27 21:58:23 INFO TongHuaShun avg.local 开始爬取：http://data.10jqka.com.cn/rank/ljqs/ ljqs - 正在爬取16页
2022-07-27 21:58:24 INFO TongHuaShun avg.local 开始爬取：http://data.10jqka.com.cn/rank/ljqs/ ljqs - 正在爬取17页
2022-07-27 21:58:26 INFO TongHuaShun avg.local 开始爬取：http://data.10jqka.com.cn/rank/ljqs/ ljqs - 正在爬取18页
2022-07-27 21:58:27 INFO TongHuaShun avg.local 开始爬取：http://data.10jqka.com.cn/rank/ljqs/ ljqs - 正在爬取19页
2022-07-27 21:58:28 INFO TongHuaShun avg.local 开始爬取：http://data.10jqka.com.cn/rank/ljqs/ ljqs - 正在爬取20页
2022-07-27 21:58:29 INFO TongHuaShun avg.local 开始爬取：http://data.10jqka.com.cn/rank/ljqs/ ljqs - 正在爬取21页
2022-07-27 21:58:29 INFO TongHuaShun avg.local 开始爬取：http://data.10jqka.com.cn/rank/ljqs/ ljqs - 正在爬取22页
2022-07-27 21:58:31 INFO TongHuaShun avg.local 开始爬取：http://data.10jqka.com.cn/rank/ljqs/ ljqs - 正在爬取23页
2022-07-27 21:58:31 INFO TongHuaShun avg.local 开始爬取：http://data.10jqka.com.cn/rank/ljqs/ ljqs - 正在爬取24页
2022-07-27 21:58:33 INFO TongHuaShun avg.local 开始爬取：http://data.10jqka.com.cn/rank/ljqs/ ljqs - 正在爬取25页
2022-07-27 21:58:33 INFO TongHuaShun avg.local 开始爬取：http://data.10jqka.com.cn/rank/ljqs/ ljqs - 正在爬取26页
2022-07-27 21:58:34 INFO TongHuaShun avg.local 开始爬取：http://data.10jqka.com.cn/rank/ljqs/ ljqs - 正在爬取27页
2022-07-27 21:58:35 INFO TongHuaShun avg.local 开始爬取：http://data.10jqka.com.cn/rank/ljqs/ ljqs - 正在爬取28页
2022-07-27 21:58:36 INFO TongHuaShun avg.local 开始爬取：http://data.10jqka.com.cn/rank/ljqs/ ljqs - 正在爬取29页
2022-07-27 21:58:37 INFO TongHuaShun avg.local 开始爬取：http://data.10jqka.com.cn/rank/ljqs/ ljqs - 正在爬取30页
2022-07-27 21:58:39 INFO TongHuaShun avg.local 开始爬取：http://data.10jqka.com.cn/rank/ljqs/ ljqs - 正在爬取31页
2022-07-27 21:58:40 INFO TongHuaShun avg.local 开始爬取：http://data.10jqka.com.cn/rank/ljqs/ ljqs - 正在爬取32页
2022-07-27 21:58:40 INFO TongHuaShun avg.local 开始爬取：http://data.10jqka.com.cn/rank/ljqs/ ljqs - 正在爬取33页
2022-07-27 21:58:41 INFO TongHuaShun avg.local 开始爬取：http://data.10jqka.com.cn/rank/ljqs/ ljqs - 正在爬取34页
2022-07-27 21:58:42 INFO TongHuaShun avg.local 开始爬取：http://data.10jqka.com.cn/rank/ljqs/ ljqs - 正在爬取35页
2022-07-27 21:58:43 INFO TongHuaShun avg.local 开始爬取：http://data.10jqka.com.cn/rank/ljqs/ ljqs - 正在爬取36页
2022-07-27 21:58:44 INFO TongHuaShun avg.local 开始爬取：http://data.10jqka.com.cn/rank/ljqs/ ljqs - 结束了
2022-07-27 21:58:44 INFO TongHuaShunDB avg.local 开始插入同花顺数据
2022-07-27 21:58:45 FATAL ErrorCatch avg.local GET /pac/api/ths/ljqs 404
2022-07-27 21:59:33 INFO NormalLog avg.local serve started in http://192.168.101.7:3000
2022-07-27 21:59:46 INFO TongHuaShun avg.local 开始爬取：http://data.10jqka.com.cn/rank/ljqs/ ljqs
2022-07-27 21:59:49 INFO TongHuaShun avg.local 开始爬取：http://data.10jqka.com.cn/rank/ljqs/ ljqs - 正在爬取1页
2022-07-27 21:59:49 INFO TongHuaShun avg.local 开始爬取：http://data.10jqka.com.cn/rank/ljqs/ ljqs - 正在爬取1页
2022-07-27 21:59:50 INFO TongHuaShun avg.local 开始爬取：http://data.10jqka.com.cn/rank/ljqs/ ljqs - 正在爬取2页
2022-07-27 21:59:51 INFO TongHuaShun avg.local 开始爬取：http://data.10jqka.com.cn/rank/ljqs/ ljqs - 正在爬取3页
2022-07-27 21:59:52 INFO TongHuaShun avg.local 开始爬取：http://data.10jqka.com.cn/rank/ljqs/ ljqs - 正在爬取4页
2022-07-27 21:59:53 INFO TongHuaShun avg.local 开始爬取：http://data.10jqka.com.cn/rank/ljqs/ ljqs - 正在爬取5页
2022-07-27 21:59:54 INFO TongHuaShun avg.local 开始爬取：http://data.10jqka.com.cn/rank/ljqs/ ljqs - 正在爬取6页
2022-07-27 21:59:55 INFO TongHuaShun avg.local 开始爬取：http://data.10jqka.com.cn/rank/ljqs/ ljqs - 正在爬取7页
2022-07-27 21:59:56 INFO TongHuaShun avg.local 开始爬取：http://data.10jqka.com.cn/rank/ljqs/ ljqs - 正在爬取8页
2022-07-27 21:59:57 INFO TongHuaShun avg.local 开始爬取：http://data.10jqka.com.cn/rank/ljqs/ ljqs - 正在爬取9页
2022-07-27 21:59:58 INFO TongHuaShun avg.local 开始爬取：http://data.10jqka.com.cn/rank/ljqs/ ljqs - 正在爬取10页
2022-07-27 21:59:59 INFO TongHuaShun avg.local 开始爬取：http://data.10jqka.com.cn/rank/ljqs/ ljqs - 正在爬取11页
2022-07-27 22:00:01 INFO TongHuaShun avg.local 开始爬取：http://data.10jqka.com.cn/rank/ljqs/ ljqs - 正在爬取12页
2022-07-27 22:00:01 INFO TongHuaShun avg.local 开始爬取：http://data.10jqka.com.cn/rank/ljqs/ ljqs - 正在爬取13页
2022-07-27 22:00:02 INFO TongHuaShun avg.local 开始爬取：http://data.10jqka.com.cn/rank/ljqs/ ljqs - 正在爬取14页
2022-07-27 22:00:03 INFO TongHuaShun avg.local 开始爬取：http://data.10jqka.com.cn/rank/ljqs/ ljqs - 正在爬取15页
2022-07-27 22:00:04 INFO TongHuaShun avg.local 开始爬取：http://data.10jqka.com.cn/rank/ljqs/ ljqs - 正在爬取16页
2022-07-27 22:00:05 INFO TongHuaShun avg.local 开始爬取：http://data.10jqka.com.cn/rank/ljqs/ ljqs - 正在爬取17页
2022-07-27 22:00:06 INFO TongHuaShun avg.local 开始爬取：http://data.10jqka.com.cn/rank/ljqs/ ljqs - 正在爬取18页
2022-07-27 22:00:07 INFO TongHuaShun avg.local 开始爬取：http://data.10jqka.com.cn/rank/ljqs/ ljqs - 正在爬取19页
2022-07-27 22:00:08 INFO TongHuaShun avg.local 开始爬取：http://data.10jqka.com.cn/rank/ljqs/ ljqs - 正在爬取20页
2022-07-27 22:00:09 INFO TongHuaShun avg.local 开始爬取：http://data.10jqka.com.cn/rank/ljqs/ ljqs - 正在爬取21页
2022-07-27 22:00:10 INFO TongHuaShun avg.local 开始爬取：http://data.10jqka.com.cn/rank/ljqs/ ljqs - 正在爬取22页
2022-07-27 22:00:11 INFO TongHuaShun avg.local 开始爬取：http://data.10jqka.com.cn/rank/ljqs/ ljqs - 正在爬取23页
2022-07-27 22:00:12 INFO TongHuaShun avg.local 开始爬取：http://data.10jqka.com.cn/rank/ljqs/ ljqs - 正在爬取24页
2022-07-27 22:00:13 INFO TongHuaShun avg.local 开始爬取：http://data.10jqka.com.cn/rank/ljqs/ ljqs - 正在爬取25页
2022-07-27 22:00:14 INFO TongHuaShun avg.local 开始爬取：http://data.10jqka.com.cn/rank/ljqs/ ljqs - 正在爬取26页
2022-07-27 22:00:15 INFO TongHuaShun avg.local 开始爬取：http://data.10jqka.com.cn/rank/ljqs/ ljqs - 正在爬取27页
2022-07-27 22:00:16 INFO TongHuaShun avg.local 开始爬取：http://data.10jqka.com.cn/rank/ljqs/ ljqs - 正在爬取28页
2022-07-27 22:00:17 INFO TongHuaShun avg.local 开始爬取：http://data.10jqka.com.cn/rank/ljqs/ ljqs - 正在爬取29页
2022-07-27 22:00:18 INFO TongHuaShun avg.local 开始爬取：http://data.10jqka.com.cn/rank/ljqs/ ljqs - 正在爬取30页
2022-07-27 22:00:19 INFO TongHuaShun avg.local 开始爬取：http://data.10jqka.com.cn/rank/ljqs/ ljqs - 正在爬取31页
2022-07-27 22:00:20 INFO TongHuaShun avg.local 开始爬取：http://data.10jqka.com.cn/rank/ljqs/ ljqs - 正在爬取32页
2022-07-27 22:00:21 INFO TongHuaShun avg.local 开始爬取：http://data.10jqka.com.cn/rank/ljqs/ ljqs - 正在爬取33页
2022-07-27 22:00:22 INFO TongHuaShun avg.local 开始爬取：http://data.10jqka.com.cn/rank/ljqs/ ljqs - 正在爬取34页
2022-07-27 22:00:23 INFO TongHuaShun avg.local 开始爬取：http://data.10jqka.com.cn/rank/ljqs/ ljqs - 正在爬取35页
2022-07-27 22:00:24 INFO TongHuaShun avg.local 开始爬取：http://data.10jqka.com.cn/rank/ljqs/ ljqs - 正在爬取36页
2022-07-27 22:00:25 INFO TongHuaShun avg.local 开始爬取：http://data.10jqka.com.cn/rank/ljqs/ ljqs - 结束了
2022-07-27 22:00:25 INFO TongHuaShunDB avg.local 开始插入同花顺数据
2022-07-27 22:00:25 FATAL ErrorCatch avg.local GET /pac/api/ths/ljqs 404
2022-07-27 22:00:25 FATAL ErrorCatch avg.local {"errors":{"percent":{"stringValue":"\"NaN\"","valueType":"number","kind":"Number","value":null,"path":"percent","reason":{"generatedMessage":true,"code":"ERR_ASSERTION","actual":false,"expected":true,"operator":"=="},"name":"CastError","message":"Cast to Number failed for value \"NaN\" (type number) at path \"percent\""}},"_message":"t_ths_liangjia validation failed","name":"ValidationError","message":"t_ths_liangjia validation failed: percent: Cast to Number failed for value \"NaN\" (type number) at path \"percent\""}
2022-07-27 22:02:29 INFO NormalLog avg.local serve started in http://192.168.101.7:3000
2022-07-27 22:02:45 INFO NormalLog avg.local serve started in http://192.168.101.7:3000
2022-07-27 22:03:43 INFO NormalLog avg.local serve started in http://192.168.101.7:3000
2022-07-27 22:04:15 INFO NormalLog avg.local serve started in http://192.168.101.7:3000
2022-07-27 22:04:27 INFO NormalLog avg.local serve started in http://192.168.101.7:3000
2022-07-27 22:04:42 INFO TongHuaShun avg.local 开始爬取：http://data.10jqka.com.cn/rank/ljqs/ ljqs
2022-07-27 22:04:46 INFO TongHuaShun avg.local 开始爬取：http://data.10jqka.com.cn/rank/ljqs/ ljqs - 正在爬取1页
2022-07-27 22:04:46 INFO TongHuaShun avg.local 开始爬取：http://data.10jqka.com.cn/rank/ljqs/ ljqs - 正在爬取1页
2022-07-27 22:04:47 INFO TongHuaShun avg.local 开始爬取：http://data.10jqka.com.cn/rank/ljqs/ ljqs - 正在爬取2页
2022-07-27 22:04:48 INFO TongHuaShun avg.local 开始爬取：http://data.10jqka.com.cn/rank/ljqs/ ljqs - 正在爬取3页
2022-07-27 22:04:49 INFO TongHuaShun avg.local 开始爬取：http://data.10jqka.com.cn/rank/ljqs/ ljqs - 正在爬取4页
2022-07-27 22:04:50 INFO TongHuaShun avg.local 开始爬取：http://data.10jqka.com.cn/rank/ljqs/ ljqs - 正在爬取5页
2022-07-27 22:04:52 INFO TongHuaShun avg.local 开始爬取：http://data.10jqka.com.cn/rank/ljqs/ ljqs - 正在爬取6页
2022-07-27 22:04:52 INFO TongHuaShun avg.local 开始爬取：http://data.10jqka.com.cn/rank/ljqs/ ljqs - 正在爬取7页
2022-07-27 22:04:54 INFO TongHuaShun avg.local 开始爬取：http://data.10jqka.com.cn/rank/ljqs/ ljqs - 正在爬取9页
2022-07-27 22:04:55 INFO TongHuaShun avg.local 开始爬取：http://data.10jqka.com.cn/rank/ljqs/ ljqs - 正在爬取10页
2022-07-27 22:04:56 INFO TongHuaShun avg.local 开始爬取：http://data.10jqka.com.cn/rank/ljqs/ ljqs - 正在爬取11页
2022-07-27 22:04:57 INFO TongHuaShun avg.local 开始爬取：http://data.10jqka.com.cn/rank/ljqs/ ljqs - 正在爬取12页
2022-07-27 22:04:58 INFO TongHuaShun avg.local 开始爬取：http://data.10jqka.com.cn/rank/ljqs/ ljqs - 正在爬取13页
2022-07-27 22:04:59 INFO TongHuaShun avg.local 开始爬取：http://data.10jqka.com.cn/rank/ljqs/ ljqs - 正在爬取14页
2022-07-27 22:05:02 INFO TongHuaShun avg.local 开始爬取：http://data.10jqka.com.cn/rank/ljqs/ ljqs - 正在爬取15页
2022-07-27 22:05:02 INFO TongHuaShun avg.local 开始爬取：http://data.10jqka.com.cn/rank/ljqs/ ljqs - 正在爬取15页
2022-07-27 22:05:03 INFO TongHuaShun avg.local 开始爬取：http://data.10jqka.com.cn/rank/ljqs/ ljqs - 正在爬取16页
2022-07-27 22:05:04 INFO TongHuaShun avg.local 开始爬取：http://data.10jqka.com.cn/rank/ljqs/ ljqs - 正在爬取17页
2022-07-27 22:05:04 INFO TongHuaShun avg.local 开始爬取：http://data.10jqka.com.cn/rank/ljqs/ ljqs - 正在爬取18页
2022-07-27 22:05:05 INFO TongHuaShun avg.local 开始爬取：http://data.10jqka.com.cn/rank/ljqs/ ljqs - 正在爬取19页
2022-07-27 22:05:06 INFO TongHuaShun avg.local 开始爬取：http://data.10jqka.com.cn/rank/ljqs/ ljqs - 正在爬取20页
2022-07-27 22:05:07 INFO TongHuaShun avg.local 开始爬取：http://data.10jqka.com.cn/rank/ljqs/ ljqs - 正在爬取21页
2022-07-27 22:05:08 INFO TongHuaShun avg.local 开始爬取：http://data.10jqka.com.cn/rank/ljqs/ ljqs - 正在爬取22页
2022-07-27 22:05:09 INFO TongHuaShun avg.local 开始爬取：http://data.10jqka.com.cn/rank/ljqs/ ljqs - 正在爬取23页
2022-07-27 22:05:10 INFO TongHuaShun avg.local 开始爬取：http://data.10jqka.com.cn/rank/ljqs/ ljqs - 正在爬取24页
2022-07-27 22:05:11 INFO TongHuaShun avg.local 开始爬取：http://data.10jqka.com.cn/rank/ljqs/ ljqs - 正在爬取25页
2022-07-27 22:05:12 INFO TongHuaShun avg.local 开始爬取：http://data.10jqka.com.cn/rank/ljqs/ ljqs - 正在爬取26页
2022-07-27 22:05:13 INFO TongHuaShun avg.local 开始爬取：http://data.10jqka.com.cn/rank/ljqs/ ljqs - 正在爬取27页
2022-07-27 22:05:14 INFO TongHuaShun avg.local 开始爬取：http://data.10jqka.com.cn/rank/ljqs/ ljqs - 正在爬取28页
2022-07-27 22:05:15 INFO TongHuaShun avg.local 开始爬取：http://data.10jqka.com.cn/rank/ljqs/ ljqs - 正在爬取29页
2022-07-27 22:05:16 INFO TongHuaShun avg.local 开始爬取：http://data.10jqka.com.cn/rank/ljqs/ ljqs - 正在爬取30页
2022-07-27 22:05:17 INFO TongHuaShun avg.local 开始爬取：http://data.10jqka.com.cn/rank/ljqs/ ljqs - 正在爬取31页
2022-07-27 22:05:18 INFO TongHuaShun avg.local 开始爬取：http://data.10jqka.com.cn/rank/ljqs/ ljqs - 正在爬取32页
2022-07-27 22:05:19 INFO TongHuaShun avg.local 开始爬取：http://data.10jqka.com.cn/rank/ljqs/ ljqs - 正在爬取33页
2022-07-27 22:05:20 INFO TongHuaShun avg.local 开始爬取：http://data.10jqka.com.cn/rank/ljqs/ ljqs - 正在爬取34页
2022-07-27 22:05:21 INFO TongHuaShun avg.local 开始爬取：http://data.10jqka.com.cn/rank/ljqs/ ljqs - 正在爬取35页
2022-07-27 22:05:22 INFO TongHuaShun avg.local 开始爬取：http://data.10jqka.com.cn/rank/ljqs/ ljqs - 正在爬取36页
2022-07-27 22:05:23 INFO TongHuaShun avg.local 开始爬取：http://data.10jqka.com.cn/rank/ljqs/ ljqs - 结束了
2022-07-27 22:05:23 INFO TongHuaShunDB avg.local 开始插入同花顺数据
2022-07-27 22:06:17 INFO NormalLog avg.local serve started in http://192.168.101.7:3000
2022-07-27 22:06:28 INFO TongHuaShun avg.local 开始爬取：http://data.10jqka.com.cn/rank/ljqs/ ljqs
2022-07-27 22:06:32 INFO TongHuaShun avg.local 开始爬取：http://data.10jqka.com.cn/rank/ljqs/ ljqs - 正在爬取1页
2022-07-27 22:06:32 INFO TongHuaShun avg.local 开始爬取：http://data.10jqka.com.cn/rank/ljqs/ ljqs - 正在爬取1页
2022-07-27 22:06:33 INFO TongHuaShun avg.local 开始爬取：http://data.10jqka.com.cn/rank/ljqs/ ljqs - 正在爬取2页
2022-07-27 22:06:34 INFO TongHuaShun avg.local 开始爬取：http://data.10jqka.com.cn/rank/ljqs/ ljqs - 正在爬取3页
2022-07-27 22:06:35 INFO TongHuaShun avg.local 开始爬取：http://data.10jqka.com.cn/rank/ljqs/ ljqs - 正在爬取4页
2022-07-27 22:06:36 INFO TongHuaShun avg.local 开始爬取：http://data.10jqka.com.cn/rank/ljqs/ ljqs - 正在爬取5页
2022-07-27 22:06:37 INFO TongHuaShun avg.local 开始爬取：http://data.10jqka.com.cn/rank/ljqs/ ljqs - 正在爬取6页
2022-07-27 22:06:38 INFO TongHuaShun avg.local 开始爬取：http://data.10jqka.com.cn/rank/ljqs/ ljqs - 正在爬取7页
2022-07-27 22:06:39 INFO TongHuaShun avg.local 开始爬取：http://data.10jqka.com.cn/rank/ljqs/ ljqs - 正在爬取8页
2022-07-27 22:06:40 INFO TongHuaShun avg.local 开始爬取：http://data.10jqka.com.cn/rank/ljqs/ ljqs - 正在爬取9页
2022-07-27 22:06:48 INFO TongHuaShun avg.local 开始爬取：http://data.10jqka.com.cn/rank/ljqs/ ljqs - 正在爬取10页
2022-07-27 22:06:51 INFO TongHuaShun avg.local 开始爬取：http://data.10jqka.com.cn/rank/ljqs/ ljqs - 正在爬取11页
2022-07-27 22:06:52 INFO TongHuaShun avg.local 开始爬取：http://data.10jqka.com.cn/rank/ljqs/ ljqs - 正在爬取12页
2022-07-27 22:06:53 INFO TongHuaShun avg.local 开始爬取：http://data.10jqka.com.cn/rank/ljqs/ ljqs - 正在爬取13页
2022-07-27 22:06:54 INFO TongHuaShun avg.local 开始爬取：http://data.10jqka.com.cn/rank/ljqs/ ljqs - 正在爬取14页
2022-07-27 22:06:54 INFO TongHuaShun avg.local 开始爬取：http://data.10jqka.com.cn/rank/ljqs/ ljqs - 正在爬取15页
2022-07-27 22:06:55 INFO TongHuaShun avg.local 开始爬取：http://data.10jqka.com.cn/rank/ljqs/ ljqs - 正在爬取16页
2022-07-27 22:06:55 INFO TongHuaShun avg.local 开始爬取：http://data.10jqka.com.cn/rank/ljqs/ ljqs - 正在爬取17页
2022-07-27 22:06:55 INFO TongHuaShun avg.local 开始爬取：http://data.10jqka.com.cn/rank/ljqs/ ljqs - 正在爬取18页
2022-07-27 22:06:56 INFO TongHuaShun avg.local 开始爬取：http://data.10jqka.com.cn/rank/ljqs/ ljqs - 正在爬取19页
2022-07-27 22:06:56 INFO TongHuaShun avg.local 开始爬取：http://data.10jqka.com.cn/rank/ljqs/ ljqs - 正在爬取20页
2022-07-27 22:06:57 INFO TongHuaShun avg.local 开始爬取：http://data.10jqka.com.cn/rank/ljqs/ ljqs - 正在爬取21页
2022-07-27 22:06:57 INFO TongHuaShun avg.local 开始爬取：http://data.10jqka.com.cn/rank/ljqs/ ljqs - 正在爬取22页
2022-07-27 22:06:57 INFO TongHuaShun avg.local 开始爬取：http://data.10jqka.com.cn/rank/ljqs/ ljqs - 正在爬取23页
2022-07-27 22:06:57 INFO TongHuaShun avg.local 开始爬取：http://data.10jqka.com.cn/rank/ljqs/ ljqs - 正在爬取24页
2022-07-27 22:06:58 INFO TongHuaShun avg.local 开始爬取：http://data.10jqka.com.cn/rank/ljqs/ ljqs - 正在爬取25页
2022-07-27 22:06:58 INFO TongHuaShun avg.local 开始爬取：http://data.10jqka.com.cn/rank/ljqs/ ljqs - 正在爬取26页
2022-07-27 22:06:59 INFO TongHuaShun avg.local 开始爬取：http://data.10jqka.com.cn/rank/ljqs/ ljqs - 正在爬取27页
2022-07-27 22:06:59 INFO TongHuaShun avg.local 开始爬取：http://data.10jqka.com.cn/rank/ljqs/ ljqs - 正在爬取28页
2022-07-27 22:07:00 INFO TongHuaShun avg.local 开始爬取：http://data.10jqka.com.cn/rank/ljqs/ ljqs - 正在爬取29页
2022-07-27 22:07:01 INFO TongHuaShun avg.local 开始爬取：http://data.10jqka.com.cn/rank/ljqs/ ljqs - 正在爬取30页
2022-07-27 22:07:02 INFO TongHuaShun avg.local 开始爬取：http://data.10jqka.com.cn/rank/ljqs/ ljqs - 正在爬取31页
2022-07-27 22:07:03 INFO TongHuaShun avg.local 开始爬取：http://data.10jqka.com.cn/rank/ljqs/ ljqs - 正在爬取32页
2022-07-27 22:07:04 INFO TongHuaShun avg.local 开始爬取：http://data.10jqka.com.cn/rank/ljqs/ ljqs - 正在爬取33页
2022-07-27 22:07:05 INFO TongHuaShun avg.local 开始爬取：http://data.10jqka.com.cn/rank/ljqs/ ljqs - 正在爬取34页
2022-07-27 22:07:07 INFO TongHuaShun avg.local 开始爬取：http://data.10jqka.com.cn/rank/ljqs/ ljqs - 正在爬取35页
2022-07-27 22:07:08 INFO TongHuaShun avg.local 开始爬取：http://data.10jqka.com.cn/rank/ljqs/ ljqs - 正在爬取36页
2022-07-27 22:07:08 INFO TongHuaShun avg.local 开始爬取：http://data.10jqka.com.cn/rank/ljqs/ ljqs - 结束了
2022-07-27 22:07:08 INFO TongHuaShunDB avg.local 开始插入同花顺数据
2022-07-27 22:07:08 INFO TongHuaShunDB avg.local 已经存在当日的数据，不需要插入
2022-07-27 22:07:08 INFO TimeLog avg.local /pac/api/ths/ljqs GET 40.458s
2022-07-27 22:09:59 INFO NormalLog avg.local serve started in http://192.168.101.7:3000
2022-07-27 22:10:06 INFO TongHuaShun avg.local 开始爬取：http://data.10jqka.com.cn/rank/ljqs/ ljqs
2022-07-27 22:10:12 INFO TongHuaShun avg.local 开始爬取：http://data.10jqka.com.cn/rank/ljqs/ ljqs - 正在爬取1页
2022-07-27 22:10:12 INFO TongHuaShun avg.local 开始爬取：http://data.10jqka.com.cn/rank/ljqs/ ljqs - 正在爬取1页
2022-07-27 22:10:13 INFO TongHuaShun avg.local 开始爬取：http://data.10jqka.com.cn/rank/ljqs/ ljqs - 正在爬取2页
2022-07-27 22:10:14 INFO TongHuaShun avg.local 开始爬取：http://data.10jqka.com.cn/rank/ljqs/ ljqs - 正在爬取3页
2022-07-27 22:10:14 INFO TongHuaShun avg.local 开始爬取：http://data.10jqka.com.cn/rank/ljqs/ ljqs - 正在爬取4页
2022-07-27 22:10:15 INFO TongHuaShun avg.local 开始爬取：http://data.10jqka.com.cn/rank/ljqs/ ljqs - 正在爬取5页
2022-07-27 22:10:16 INFO TongHuaShun avg.local 开始爬取：http://data.10jqka.com.cn/rank/ljqs/ ljqs - 正在爬取6页
2022-07-27 22:10:17 INFO TongHuaShun avg.local 开始爬取：http://data.10jqka.com.cn/rank/ljqs/ ljqs - 正在爬取7页
2022-07-27 22:10:18 INFO TongHuaShun avg.local 开始爬取：http://data.10jqka.com.cn/rank/ljqs/ ljqs - 正在爬取8页
2022-07-27 22:10:19 INFO TongHuaShun avg.local 开始爬取：http://data.10jqka.com.cn/rank/ljqs/ ljqs - 正在爬取9页
2022-07-27 22:10:20 INFO TongHuaShun avg.local 开始爬取：http://data.10jqka.com.cn/rank/ljqs/ ljqs - 正在爬取10页
2022-07-27 22:10:21 INFO TongHuaShun avg.local 开始爬取：http://data.10jqka.com.cn/rank/ljqs/ ljqs - 正在爬取11页
2022-07-27 22:10:22 INFO TongHuaShun avg.local 开始爬取：http://data.10jqka.com.cn/rank/ljqs/ ljqs - 正在爬取12页
2022-07-27 22:10:23 INFO TongHuaShun avg.local 开始爬取：http://data.10jqka.com.cn/rank/ljqs/ ljqs - 正在爬取13页
2022-07-27 22:10:24 INFO TongHuaShun avg.local 开始爬取：http://data.10jqka.com.cn/rank/ljqs/ ljqs - 正在爬取14页
2022-07-27 22:10:25 INFO TongHuaShun avg.local 开始爬取：http://data.10jqka.com.cn/rank/ljqs/ ljqs - 正在爬取15页
2022-07-27 22:10:26 INFO TongHuaShun avg.local 开始爬取：http://data.10jqka.com.cn/rank/ljqs/ ljqs - 正在爬取16页
2022-07-27 22:10:27 INFO TongHuaShun avg.local 开始爬取：http://data.10jqka.com.cn/rank/ljqs/ ljqs - 正在爬取17页
2022-07-27 22:10:28 INFO TongHuaShun avg.local 开始爬取：http://data.10jqka.com.cn/rank/ljqs/ ljqs - 正在爬取18页
2022-07-27 22:10:29 INFO TongHuaShun avg.local 开始爬取：http://data.10jqka.com.cn/rank/ljqs/ ljqs - 正在爬取19页
2022-07-27 22:10:30 INFO TongHuaShun avg.local 开始爬取：http://data.10jqka.com.cn/rank/ljqs/ ljqs - 正在爬取20页
2022-07-27 22:10:31 INFO TongHuaShun avg.local 开始爬取：http://data.10jqka.com.cn/rank/ljqs/ ljqs - 正在爬取21页
2022-07-27 22:10:32 INFO TongHuaShun avg.local 开始爬取：http://data.10jqka.com.cn/rank/ljqs/ ljqs - 正在爬取22页
2022-07-27 22:10:33 INFO TongHuaShun avg.local 开始爬取：http://data.10jqka.com.cn/rank/ljqs/ ljqs - 正在爬取23页
2022-07-27 22:10:36 INFO TongHuaShun avg.local 开始爬取：http://data.10jqka.com.cn/rank/ljqs/ ljqs - 正在爬取24页
2022-07-27 22:10:37 INFO TongHuaShun avg.local 开始爬取：http://data.10jqka.com.cn/rank/ljqs/ ljqs - 正在爬取25页
2022-07-27 22:10:37 INFO TongHuaShun avg.local 开始爬取：http://data.10jqka.com.cn/rank/ljqs/ ljqs - 正在爬取26页
2022-07-27 22:10:39 INFO TongHuaShun avg.local 开始爬取：http://data.10jqka.com.cn/rank/ljqs/ ljqs - 正在爬取27页
2022-07-27 22:10:39 INFO TongHuaShun avg.local 开始爬取：http://data.10jqka.com.cn/rank/ljqs/ ljqs - 正在爬取28页
2022-07-27 22:10:40 INFO TongHuaShun avg.local 开始爬取：http://data.10jqka.com.cn/rank/ljqs/ ljqs - 正在爬取29页
2022-07-27 22:10:41 INFO TongHuaShun avg.local 开始爬取：http://data.10jqka.com.cn/rank/ljqs/ ljqs - 正在爬取30页
2022-07-27 22:10:43 INFO TongHuaShun avg.local 开始爬取：http://data.10jqka.com.cn/rank/ljqs/ ljqs - 正在爬取31页
2022-07-27 22:10:45 INFO TongHuaShun avg.local 开始爬取：http://data.10jqka.com.cn/rank/ljqs/ ljqs - 正在爬取32页
2022-07-27 22:10:47 INFO TongHuaShun avg.local 开始爬取：http://data.10jqka.com.cn/rank/ljqs/ ljqs - 正在爬取33页
2022-07-27 22:12:54 INFO NormalLog avg.local serve started in http://192.168.101.7:3000
2022-07-27 22:12:58 INFO TongHuaShun avg.local 开始爬取：http://data.10jqka.com.cn/rank/ljqs/ ljqs
2022-07-27 22:13:02 INFO TongHuaShun avg.local 开始爬取：http://data.10jqka.com.cn/rank/ljqs/ ljqs - 正在爬取1页
2022-07-27 22:13:02 INFO TongHuaShun avg.local 开始爬取：http://data.10jqka.com.cn/rank/ljqs/ ljqs - 正在爬取1页
2022-07-27 22:13:03 INFO TongHuaShun avg.local 开始爬取：http://data.10jqka.com.cn/rank/ljqs/ ljqs - 正在爬取2页
2022-07-27 22:13:04 INFO TongHuaShun avg.local 开始爬取：http://data.10jqka.com.cn/rank/ljqs/ ljqs - 正在爬取3页
2022-07-27 22:13:06 INFO TongHuaShun avg.local 开始爬取：http://data.10jqka.com.cn/rank/ljqs/ ljqs - 正在爬取4页
2022-07-27 22:13:06 INFO TongHuaShun avg.local 开始爬取：http://data.10jqka.com.cn/rank/ljqs/ ljqs - 正在爬取5页
2022-07-27 22:13:07 INFO TongHuaShun avg.local 开始爬取：http://data.10jqka.com.cn/rank/ljqs/ ljqs - 正在爬取6页
2022-07-27 22:13:08 INFO TongHuaShun avg.local 开始爬取：http://data.10jqka.com.cn/rank/ljqs/ ljqs - 正在爬取7页
2022-07-27 22:13:10 INFO TongHuaShun avg.local 开始爬取：http://data.10jqka.com.cn/rank/ljqs/ ljqs - 正在爬取9页
2022-07-27 22:13:11 INFO TongHuaShun avg.local 开始爬取：http://data.10jqka.com.cn/rank/ljqs/ ljqs - 正在爬取10页
2022-07-27 22:13:12 INFO TongHuaShun avg.local 开始爬取：http://data.10jqka.com.cn/rank/ljqs/ ljqs - 正在爬取11页
2022-07-27 22:13:13 INFO TongHuaShun avg.local 开始爬取：http://data.10jqka.com.cn/rank/ljqs/ ljqs - 正在爬取12页
2022-07-27 22:13:14 INFO TongHuaShun avg.local 开始爬取：http://data.10jqka.com.cn/rank/ljqs/ ljqs - 正在爬取13页
2022-07-27 22:13:15 INFO TongHuaShun avg.local 开始爬取：http://data.10jqka.com.cn/rank/ljqs/ ljqs - 正在爬取14页
2022-07-27 22:13:16 INFO TongHuaShun avg.local 开始爬取：http://data.10jqka.com.cn/rank/ljqs/ ljqs - 正在爬取15页
2022-07-27 22:13:17 INFO TongHuaShun avg.local 开始爬取：http://data.10jqka.com.cn/rank/ljqs/ ljqs - 正在爬取16页
2022-07-27 22:13:19 INFO TongHuaShun avg.local 开始爬取：http://data.10jqka.com.cn/rank/ljqs/ ljqs - 正在爬取17页
2022-07-27 22:13:19 INFO TongHuaShun avg.local 开始爬取：http://data.10jqka.com.cn/rank/ljqs/ ljqs - 正在爬取18页
2022-07-27 22:13:20 INFO TongHuaShun avg.local 开始爬取：http://data.10jqka.com.cn/rank/ljqs/ ljqs - 正在爬取19页
2022-07-27 22:13:21 INFO TongHuaShun avg.local 开始爬取：http://data.10jqka.com.cn/rank/ljqs/ ljqs - 正在爬取20页
2022-07-27 22:13:22 INFO TongHuaShun avg.local 开始爬取：http://data.10jqka.com.cn/rank/ljqs/ ljqs - 正在爬取21页
2022-07-27 22:13:23 INFO TongHuaShun avg.local 开始爬取：http://data.10jqka.com.cn/rank/ljqs/ ljqs - 正在爬取22页
2022-07-27 22:13:24 INFO TongHuaShun avg.local 开始爬取：http://data.10jqka.com.cn/rank/ljqs/ ljqs - 正在爬取23页
2022-07-27 22:13:25 INFO TongHuaShun avg.local 开始爬取：http://data.10jqka.com.cn/rank/ljqs/ ljqs - 正在爬取24页
2022-07-27 22:13:26 INFO TongHuaShun avg.local 开始爬取：http://data.10jqka.com.cn/rank/ljqs/ ljqs - 正在爬取25页
2022-07-27 22:13:28 INFO TongHuaShun avg.local 开始爬取：http://data.10jqka.com.cn/rank/ljqs/ ljqs - 正在爬取26页
2022-07-27 22:13:28 INFO TongHuaShun avg.local 开始爬取：http://data.10jqka.com.cn/rank/ljqs/ ljqs - 正在爬取27页
2022-07-27 22:13:29 INFO TongHuaShun avg.local 开始爬取：http://data.10jqka.com.cn/rank/ljqs/ ljqs - 正在爬取28页
2022-07-27 22:13:30 INFO TongHuaShun avg.local 开始爬取：http://data.10jqka.com.cn/rank/ljqs/ ljqs - 正在爬取29页
2022-07-27 22:13:31 INFO TongHuaShun avg.local 开始爬取：http://data.10jqka.com.cn/rank/ljqs/ ljqs - 正在爬取30页
2022-07-27 22:13:33 INFO TongHuaShun avg.local 开始爬取：http://data.10jqka.com.cn/rank/ljqs/ ljqs - 正在爬取32页
2022-07-27 22:13:34 INFO TongHuaShun avg.local 开始爬取：http://data.10jqka.com.cn/rank/ljqs/ ljqs - 正在爬取33页
2022-07-27 22:13:35 INFO TongHuaShun avg.local 开始爬取：http://data.10jqka.com.cn/rank/ljqs/ ljqs - 正在爬取34页
2022-07-27 22:13:36 INFO TongHuaShun avg.local 开始爬取：http://data.10jqka.com.cn/rank/ljqs/ ljqs - 正在爬取35页
2022-07-27 22:13:37 INFO TongHuaShun avg.local 开始爬取：http://data.10jqka.com.cn/rank/ljqs/ ljqs - 正在爬取36页
2022-07-27 22:13:38 INFO TongHuaShun avg.local 开始爬取：http://data.10jqka.com.cn/rank/ljqs/ ljqs - 结束了
2022-07-27 22:13:38 INFO TongHuaShunDB avg.local 开始插入同花顺数据
2022-07-27 22:13:38 INFO TongHuaShunDB avg.local 结束插入同花顺数据
2022-07-27 22:13:38 INFO TimeLog avg.local /pac/api/ths/ljqs GET 40.211s
