2022-07-26 08:46:50 INFO NormalLog DESKTOP-AGI7VEF serve started in http://172.31.227.163:3000
2022-07-26 08:46:58 FATAL ErrorCatch DESKTOP-AGI7VEF GET /pac/api/ths/ljqd 404
2022-07-26 08:46:58 FATAL ErrorCatch DESKTOP-AGI7VEF {}
2022-07-26 08:47:24 INFO NormalLog DESKTOP-AGI7VEF serve started in http://172.31.227.163:3000
2022-07-26 08:47:29 INFO TimeLog DESKTOP-AGI7VEF /pac/api/ths/ljqd GET 3.393s
2022-07-26 08:49:12 INFO TimeLog DESKTOP-AGI7VEF /pac/api/ths/ljqd GET 2.5s
2022-07-26 09:00:31 INFO Eastmoney-Action DESKTOP-AGI7VEF 准备存储数据
2022-07-26 09:00:31 INFO Eastmoney-Action DESKTOP-AGI7VEF 准备存储数据（新增）- 完成 - 2022-07-26
2022-07-26 09:01:30 INFO Eastmoney-Action DESKTOP-AGI7VEF 准备存储数据
2022-07-26 09:01:30 INFO Eastmoney-Action DESKTOP-AGI7VEF 准备存储数据（更新）- 完成 - 2022-07-26
2022-07-26 09:02:30 INFO Eastmoney-Action DESKTOP-AGI7VEF 准备存储数据
2022-07-26 09:02:30 INFO Eastmoney-Action DESKTOP-AGI7VEF 准备存储数据（更新）- 完成 - 2022-07-26
2022-07-26 09:03:30 INFO Eastmoney-Action DESKTOP-AGI7VEF 准备存储数据
2022-07-26 09:03:30 INFO Eastmoney-Action DESKTOP-AGI7VEF 准备存储数据（更新）- 完成 - 2022-07-26
2022-07-26 09:03:44 INFO NormalLog DESKTOP-AGI7VEF serve started in http://172.31.227.163:3000
2022-07-26 09:04:27 INFO NormalLog DESKTOP-AGI7VEF serve started in http://172.31.227.163:3000
2022-07-26 09:04:31 INFO Eastmoney-Action DESKTOP-AGI7VEF 准备存储数据
2022-07-26 09:04:31 INFO Eastmoney-Action DESKTOP-AGI7VEF 准备存储数据（更新）- 完成 - 2022-07-26
2022-07-26 09:04:47 INFO TimeLog DESKTOP-AGI7VEF /pac/api/ths/ljqd GET 3.254s
2022-07-26 09:05:38 INFO NormalLog DESKTOP-AGI7VEF serve started in http://172.31.227.163:3000
2022-07-26 09:06:31 INFO Eastmoney-Action DESKTOP-AGI7VEF 准备存储数据
2022-07-26 09:06:31 INFO Eastmoney-Action DESKTOP-AGI7VEF 准备存储数据（更新）- 完成 - 2022-07-26
2022-07-26 09:06:52 INFO NormalLog DESKTOP-AGI7VEF serve started in http://172.31.227.163:3000
2022-07-26 09:08:25 INFO NormalLog DESKTOP-AGI7VEF serve started in http://172.31.227.163:3000
2022-07-26 09:08:48 INFO NormalLog DESKTOP-AGI7VEF serve started in http://172.31.227.163:3000
2022-07-26 09:08:57 INFO NormalLog DESKTOP-AGI7VEF serve started in http://172.31.227.163:3000
2022-07-26 09:09:01 INFO TimeLog DESKTOP-AGI7VEF /pac/api/ths/ljqd GET 2.789s
2022-07-26 09:09:31 INFO Eastmoney-Action DESKTOP-AGI7VEF 准备存储数据
2022-07-26 09:09:31 INFO Eastmoney-Action DESKTOP-AGI7VEF 准备存储数据（更新）- 完成 - 2022-07-26
2022-07-26 09:10:30 INFO Eastmoney-Action DESKTOP-AGI7VEF 准备存储数据
2022-07-26 09:10:30 INFO Eastmoney-Action DESKTOP-AGI7VEF 准备存储数据（更新）- 完成 - 2022-07-26
2022-07-26 09:11:31 INFO Eastmoney-Action DESKTOP-AGI7VEF 准备存储数据
2022-07-26 09:11:31 INFO Eastmoney-Action DESKTOP-AGI7VEF 准备存储数据（更新）- 完成 - 2022-07-26
2022-07-26 09:12:13 INFO TimeLog DESKTOP-AGI7VEF /pac/api/ths/ljqd GET 2.606s
2022-07-26 09:12:30 INFO Eastmoney-Action DESKTOP-AGI7VEF 准备存储数据
2022-07-26 09:12:30 INFO Eastmoney-Action DESKTOP-AGI7VEF 准备存储数据（更新）- 完成 - 2022-07-26
2022-07-26 09:13:30 INFO Eastmoney-Action DESKTOP-AGI7VEF 准备存储数据
2022-07-26 09:13:30 INFO Eastmoney-Action DESKTOP-AGI7VEF 准备存储数据（更新）- 完成 - 2022-07-26
2022-07-26 09:14:30 INFO NormalLog DESKTOP-AGI7VEF serve started in http://172.31.227.163:3000
2022-07-26 09:17:00 INFO NormalLog DESKTOP-AGI7VEF serve started in http://172.31.227.163:3000
2022-07-26 09:17:31 INFO Eastmoney-Action DESKTOP-AGI7VEF 准备存储数据
2022-07-26 09:17:31 INFO Eastmoney-Action DESKTOP-AGI7VEF 准备存储数据（更新）- 完成 - 2022-07-26
2022-07-26 09:18:30 INFO Eastmoney-Action DESKTOP-AGI7VEF 准备存储数据
2022-07-26 09:18:30 INFO Eastmoney-Action DESKTOP-AGI7VEF 准备存储数据（更新）- 完成 - 2022-07-26
2022-07-26 09:18:50 INFO NormalLog DESKTOP-AGI7VEF serve started in http://172.31.227.163:3000
2022-07-26 09:19:40 INFO NormalLog DESKTOP-AGI7VEF serve started in http://172.31.227.163:3000
2022-07-26 09:19:44 INFO TimeLog DESKTOP-AGI7VEF /pac/api/ths/ljqd GET 2.868s
2022-07-26 09:20:11 INFO TimeLog DESKTOP-AGI7VEF /pac/api/ths/ljqd GET 2.685s
2022-07-26 09:20:28 INFO NormalLog DESKTOP-AGI7VEF serve started in http://172.31.227.163:3000
2022-07-26 09:20:31 INFO Eastmoney-Action DESKTOP-AGI7VEF 准备存储数据
2022-07-26 09:20:31 INFO Eastmoney-Action DESKTOP-AGI7VEF 准备存储数据（更新）- 完成 - 2022-07-26
2022-07-26 09:20:36 INFO TimeLog DESKTOP-AGI7VEF /pac/api/ths/ljqd GET 2.583s
2022-07-26 09:21:30 INFO Eastmoney-Action DESKTOP-AGI7VEF 准备存储数据
2022-07-26 09:21:30 INFO Eastmoney-Action DESKTOP-AGI7VEF 准备存储数据（更新）- 完成 - 2022-07-26
2022-07-26 09:22:31 INFO Eastmoney-Action DESKTOP-AGI7VEF 准备存储数据
2022-07-26 09:22:31 INFO Eastmoney-Action DESKTOP-AGI7VEF 准备存储数据（更新）- 完成 - 2022-07-26
2022-07-26 09:23:31 INFO Eastmoney-Action DESKTOP-AGI7VEF 准备存储数据
2022-07-26 09:23:31 INFO Eastmoney-Action DESKTOP-AGI7VEF 准备存储数据（更新）- 完成 - 2022-07-26
2022-07-26 09:24:30 INFO Eastmoney-Action DESKTOP-AGI7VEF 准备存储数据
2022-07-26 09:24:30 INFO Eastmoney-Action DESKTOP-AGI7VEF 准备存储数据（更新）- 完成 - 2022-07-26
2022-07-26 09:25:31 INFO Eastmoney-Action DESKTOP-AGI7VEF 准备存储数据
2022-07-26 09:25:31 INFO Eastmoney-Action DESKTOP-AGI7VEF 准备存储数据（更新）- 完成 - 2022-07-26
2022-07-26 09:26:30 INFO Eastmoney-Action DESKTOP-AGI7VEF 准备存储数据
2022-07-26 09:26:30 INFO Eastmoney-Action DESKTOP-AGI7VEF 准备存储数据（更新）- 完成 - 2022-07-26
2022-07-26 09:27:30 INFO Eastmoney-Action DESKTOP-AGI7VEF 准备存储数据
2022-07-26 09:27:30 INFO Eastmoney-Action DESKTOP-AGI7VEF 准备存储数据（更新）- 完成 - 2022-07-26
2022-07-26 09:28:30 INFO Eastmoney-Action DESKTOP-AGI7VEF 准备存储数据
2022-07-26 09:28:31 INFO Eastmoney-Action DESKTOP-AGI7VEF 准备存储数据（更新）- 完成 - 2022-07-26
2022-07-26 09:29:22 INFO TimeLog DESKTOP-AGI7VEF /pac/api/ths/ljqd GET 2.497s
2022-07-26 09:29:30 INFO Eastmoney-Action DESKTOP-AGI7VEF 准备存储数据
2022-07-26 09:29:31 INFO Eastmoney-Action DESKTOP-AGI7VEF 准备存储数据（更新）- 完成 - 2022-07-26
2022-07-26 11:16:55 INFO NormalLog DESKTOP-AGI7VEF serve started in http://172.31.227.163:3000
2022-07-26 11:17:31 INFO Eastmoney-Action DESKTOP-AGI7VEF 准备存储数据
2022-07-26 11:17:31 INFO Eastmoney-Action DESKTOP-AGI7VEF 准备存储数据（更新）- 完成 - 2022-07-26
2022-07-26 11:18:30 INFO Eastmoney-Action DESKTOP-AGI7VEF 准备存储数据
2022-07-26 11:18:30 INFO Eastmoney-Action DESKTOP-AGI7VEF 准备存储数据（更新）- 完成 - 2022-07-26
2022-07-26 11:19:00 INFO TimeLog DESKTOP-AGI7VEF /pac/api/ths/ljqd GET 5.172s
2022-07-26 11:19:30 INFO Eastmoney-Action DESKTOP-AGI7VEF 准备存储数据
2022-07-26 11:19:30 INFO Eastmoney-Action DESKTOP-AGI7VEF 准备存储数据（更新）- 完成 - 2022-07-26
2022-07-26 11:19:39 INFO NormalLog DESKTOP-AGI7VEF serve started in http://172.31.227.163:3000
2022-07-26 11:19:45 INFO TimeLog DESKTOP-AGI7VEF /pac/api/ths/ljqd GET 3.394s
2022-07-26 11:20:09 INFO NormalLog DESKTOP-AGI7VEF serve started in http://172.31.227.163:3000
2022-07-26 11:20:20 INFO NormalLog DESKTOP-AGI7VEF serve started in http://172.31.227.163:3000
2022-07-26 11:20:27 INFO TimeLog DESKTOP-AGI7VEF /pac/api/ths/ljqd GET 3.732s
2022-07-26 11:20:31 INFO Eastmoney-Action DESKTOP-AGI7VEF 准备存储数据
2022-07-26 11:20:31 INFO Eastmoney-Action DESKTOP-AGI7VEF 准备存储数据（更新）- 完成 - 2022-07-26
2022-07-26 11:21:36 INFO NormalLog DESKTOP-AGI7VEF serve started in http://172.31.227.163:3000
2022-07-26 11:21:45 INFO NormalLog DESKTOP-AGI7VEF serve started in http://172.31.227.163:3000
2022-07-26 11:22:21 FATAL ErrorCatch DESKTOP-AGI7VEF GET /pac/api/ths/ljqd 200
2022-07-26 11:22:21 FATAL ErrorCatch DESKTOP-AGI7VEF {"name":"TimeoutError"}
2022-07-26 11:22:31 INFO Eastmoney-Action DESKTOP-AGI7VEF 准备存储数据
2022-07-26 11:22:31 INFO Eastmoney-Action DESKTOP-AGI7VEF 准备存储数据（更新）- 完成 - 2022-07-26
2022-07-26 11:23:36 INFO NormalLog DESKTOP-AGI7VEF serve started in http://172.31.227.163:3000
2022-07-26 11:24:27 INFO NormalLog DESKTOP-AGI7VEF serve started in http://172.31.227.163:3000
2022-07-26 11:24:31 INFO Eastmoney-Action DESKTOP-AGI7VEF 准备存储数据
2022-07-26 11:24:31 INFO Eastmoney-Action DESKTOP-AGI7VEF 准备存储数据（更新）- 完成 - 2022-07-26
2022-07-26 11:25:20 INFO NormalLog DESKTOP-AGI7VEF serve started in http://172.31.227.163:3000
2022-07-26 11:25:31 INFO Eastmoney-Action DESKTOP-AGI7VEF 准备存储数据
2022-07-26 11:25:31 INFO Eastmoney-Action DESKTOP-AGI7VEF 准备存储数据（更新）- 完成 - 2022-07-26
2022-07-26 11:25:37 INFO TimeLog DESKTOP-AGI7VEF /pac/api/ths/ljqd GET 4.307s
2022-07-26 11:26:30 INFO Eastmoney-Action DESKTOP-AGI7VEF 准备存储数据
2022-07-26 11:26:30 INFO Eastmoney-Action DESKTOP-AGI7VEF 准备存储数据（更新）- 完成 - 2022-07-26
2022-07-26 11:27:30 INFO Eastmoney-Action DESKTOP-AGI7VEF 准备存储数据
2022-07-26 11:27:30 INFO Eastmoney-Action DESKTOP-AGI7VEF 准备存储数据（更新）- 完成 - 2022-07-26
2022-07-26 11:28:30 INFO Eastmoney-Action DESKTOP-AGI7VEF 准备存储数据
2022-07-26 11:28:30 INFO Eastmoney-Action DESKTOP-AGI7VEF 准备存储数据（更新）- 完成 - 2022-07-26
2022-07-26 11:29:30 INFO Eastmoney-Action DESKTOP-AGI7VEF 准备存储数据
2022-07-26 11:29:30 INFO Eastmoney-Action DESKTOP-AGI7VEF 准备存储数据（更新）- 完成 - 2022-07-26
2022-07-26 11:30:30 INFO Eastmoney-Action DESKTOP-AGI7VEF 准备存储数据
2022-07-26 11:30:31 INFO Eastmoney-Action DESKTOP-AGI7VEF 准备存储数据（更新）- 完成 - 2022-07-26
2022-07-26 11:31:30 INFO Eastmoney-Action DESKTOP-AGI7VEF 准备存储数据
2022-07-26 11:31:30 INFO Eastmoney-Action DESKTOP-AGI7VEF 准备存储数据（更新）- 完成 - 2022-07-26
2022-07-26 11:32:30 INFO Eastmoney-Action DESKTOP-AGI7VEF 准备存储数据
2022-07-26 11:32:30 INFO Eastmoney-Action DESKTOP-AGI7VEF 准备存储数据（更新）- 完成 - 2022-07-26
2022-07-26 11:33:30 INFO Eastmoney-Action DESKTOP-AGI7VEF 准备存储数据
2022-07-26 11:33:30 INFO Eastmoney-Action DESKTOP-AGI7VEF 准备存储数据（更新）- 完成 - 2022-07-26
2022-07-26 11:34:30 INFO Eastmoney-Action DESKTOP-AGI7VEF 准备存储数据
2022-07-26 11:34:31 INFO Eastmoney-Action DESKTOP-AGI7VEF 准备存储数据（更新）- 完成 - 2022-07-26
2022-07-26 11:35:31 INFO Eastmoney-Action DESKTOP-AGI7VEF 准备存储数据
2022-07-26 11:35:31 INFO Eastmoney-Action DESKTOP-AGI7VEF 准备存储数据（更新）- 完成 - 2022-07-26
2022-07-26 11:36:30 INFO Eastmoney-Action DESKTOP-AGI7VEF 准备存储数据
2022-07-26 11:36:30 INFO Eastmoney-Action DESKTOP-AGI7VEF 准备存储数据（更新）- 完成 - 2022-07-26
2022-07-26 11:37:30 INFO Eastmoney-Action DESKTOP-AGI7VEF 准备存储数据
2022-07-26 11:37:30 INFO Eastmoney-Action DESKTOP-AGI7VEF 准备存储数据（更新）- 完成 - 2022-07-26
2022-07-26 11:38:30 INFO Eastmoney-Action DESKTOP-AGI7VEF 准备存储数据
2022-07-26 11:38:30 INFO Eastmoney-Action DESKTOP-AGI7VEF 准备存储数据（更新）- 完成 - 2022-07-26
2022-07-26 11:39:30 INFO Eastmoney-Action DESKTOP-AGI7VEF 准备存储数据
2022-07-26 11:39:30 INFO Eastmoney-Action DESKTOP-AGI7VEF 准备存储数据（更新）- 完成 - 2022-07-26
2022-07-26 11:40:30 INFO Eastmoney-Action DESKTOP-AGI7VEF 准备存储数据
2022-07-26 11:40:30 INFO Eastmoney-Action DESKTOP-AGI7VEF 准备存储数据（更新）- 完成 - 2022-07-26
2022-07-26 11:41:31 INFO Eastmoney-Action DESKTOP-AGI7VEF 准备存储数据
2022-07-26 11:41:31 INFO Eastmoney-Action DESKTOP-AGI7VEF 准备存储数据（更新）- 完成 - 2022-07-26
2022-07-26 11:42:30 INFO Eastmoney-Action DESKTOP-AGI7VEF 准备存储数据
2022-07-26 11:42:30 INFO Eastmoney-Action DESKTOP-AGI7VEF 准备存储数据（更新）- 完成 - 2022-07-26
2022-07-26 11:43:30 INFO Eastmoney-Action DESKTOP-AGI7VEF 准备存储数据
2022-07-26 11:43:30 INFO Eastmoney-Action DESKTOP-AGI7VEF 准备存储数据（更新）- 完成 - 2022-07-26
2022-07-26 11:44:30 INFO Eastmoney-Action DESKTOP-AGI7VEF 准备存储数据
2022-07-26 11:44:30 INFO Eastmoney-Action DESKTOP-AGI7VEF 准备存储数据（更新）- 完成 - 2022-07-26
2022-07-26 11:45:30 INFO Eastmoney-Action DESKTOP-AGI7VEF 准备存储数据
2022-07-26 11:45:30 INFO Eastmoney-Action DESKTOP-AGI7VEF 准备存储数据（更新）- 完成 - 2022-07-26
2022-07-26 11:46:30 INFO Eastmoney-Action DESKTOP-AGI7VEF 准备存储数据
2022-07-26 11:46:30 INFO Eastmoney-Action DESKTOP-AGI7VEF 准备存储数据（更新）- 完成 - 2022-07-26
2022-07-26 11:47:30 INFO Eastmoney-Action DESKTOP-AGI7VEF 准备存储数据
2022-07-26 11:47:30 INFO Eastmoney-Action DESKTOP-AGI7VEF 准备存储数据（更新）- 完成 - 2022-07-26
2022-07-26 11:48:30 INFO Eastmoney-Action DESKTOP-AGI7VEF 准备存储数据
2022-07-26 11:48:30 INFO Eastmoney-Action DESKTOP-AGI7VEF 准备存储数据（更新）- 完成 - 2022-07-26
2022-07-26 11:49:30 INFO Eastmoney-Action DESKTOP-AGI7VEF 准备存储数据
2022-07-26 11:49:30 INFO Eastmoney-Action DESKTOP-AGI7VEF 准备存储数据（更新）- 完成 - 2022-07-26
2022-07-26 11:50:31 INFO Eastmoney-Action DESKTOP-AGI7VEF 准备存储数据
2022-07-26 11:50:31 INFO Eastmoney-Action DESKTOP-AGI7VEF 准备存储数据（更新）- 完成 - 2022-07-26
2022-07-26 11:51:30 INFO Eastmoney-Action DESKTOP-AGI7VEF 准备存储数据
2022-07-26 11:51:30 INFO Eastmoney-Action DESKTOP-AGI7VEF 准备存储数据（更新）- 完成 - 2022-07-26
2022-07-26 11:52:30 INFO Eastmoney-Action DESKTOP-AGI7VEF 准备存储数据
2022-07-26 11:52:30 INFO Eastmoney-Action DESKTOP-AGI7VEF 准备存储数据（更新）- 完成 - 2022-07-26
2022-07-26 11:53:30 INFO Eastmoney-Action DESKTOP-AGI7VEF 准备存储数据
2022-07-26 11:53:30 INFO Eastmoney-Action DESKTOP-AGI7VEF 准备存储数据（更新）- 完成 - 2022-07-26
2022-07-26 11:54:31 INFO Eastmoney-Action DESKTOP-AGI7VEF 准备存储数据
2022-07-26 11:54:31 INFO Eastmoney-Action DESKTOP-AGI7VEF 准备存储数据（更新）- 完成 - 2022-07-26
2022-07-26 11:55:30 INFO Eastmoney-Action DESKTOP-AGI7VEF 准备存储数据
2022-07-26 11:55:30 INFO Eastmoney-Action DESKTOP-AGI7VEF 准备存储数据（更新）- 完成 - 2022-07-26
2022-07-26 11:56:30 INFO Eastmoney-Action DESKTOP-AGI7VEF 准备存储数据
2022-07-26 11:56:30 INFO Eastmoney-Action DESKTOP-AGI7VEF 准备存储数据（更新）- 完成 - 2022-07-26
2022-07-26 11:57:30 INFO Eastmoney-Action DESKTOP-AGI7VEF 准备存储数据
2022-07-26 11:57:30 INFO Eastmoney-Action DESKTOP-AGI7VEF 准备存储数据（更新）- 完成 - 2022-07-26
2022-07-26 11:58:30 INFO Eastmoney-Action DESKTOP-AGI7VEF 准备存储数据
2022-07-26 11:58:30 INFO Eastmoney-Action DESKTOP-AGI7VEF 准备存储数据（更新）- 完成 - 2022-07-26
2022-07-26 11:59:31 INFO Eastmoney-Action DESKTOP-AGI7VEF 准备存储数据
2022-07-26 11:59:31 INFO Eastmoney-Action DESKTOP-AGI7VEF 准备存储数据（更新）- 完成 - 2022-07-26
2022-07-26 12:13:40 INFO NormalLog DESKTOP-AGI7VEF serve started in http://172.31.227.163:3000
2022-07-26 12:14:13 INFO NormalLog DESKTOP-AGI7VEF serve started in http://172.31.227.163:3000
2022-07-26 12:14:58 INFO NormalLog DESKTOP-AGI7VEF serve started in http://172.31.227.163:3000
2022-07-26 12:15:26 INFO NormalLog DESKTOP-AGI7VEF serve started in http://172.31.227.163:3000
2022-07-26 12:15:43 INFO NormalLog DESKTOP-AGI7VEF serve started in http://172.31.227.163:3000
2022-07-26 12:15:52 FATAL ErrorCatch DESKTOP-AGI7VEF GET /pac/api/ths/ljqd 200
2022-07-26 12:15:52 FATAL ErrorCatch DESKTOP-AGI7VEF {}
2022-07-26 12:16:58 INFO NormalLog DESKTOP-AGI7VEF serve started in http://172.31.227.163:3000
2022-07-26 12:17:01 FATAL ErrorCatch DESKTOP-AGI7VEF GET /pac/api/ths/ljqd 200
2022-07-26 12:17:01 FATAL ErrorCatch DESKTOP-AGI7VEF {}
2022-07-26 12:17:43 INFO NormalLog DESKTOP-AGI7VEF serve started in http://172.31.227.163:3000
2022-07-26 12:17:55 INFO TimeLog DESKTOP-AGI7VEF /pac/api/ths/ljqd GET 3.59s
2022-07-26 12:35:00 INFO JiuCaiGongSheLog-Auto DESKTOP-AGI7VEF 定时任务开始抓取2022-07-26数据
2022-07-26 12:35:00 INFO JiuCaiGongSheLog-Auto DESKTOP-AGI7VEF 触发任务开始抓取2022-07-26数据
2022-07-26 12:35:03 INFO JiuCaiGongSheLog-Auto DESKTOP-AGI7VEF 触发任务抓取了2022-07-26的数据-新增-结束
2022-07-26 12:35:03 INFO JiuCaiGongSheLog-Auto DESKTOP-AGI7VEF 定时任务抓取了2022-07-26的数据-结束
2022-07-26 13:00:31 INFO Eastmoney-Action DESKTOP-AGI7VEF 准备存储数据
2022-07-26 13:00:31 INFO Eastmoney-Action DESKTOP-AGI7VEF 准备存储数据（更新）- 完成 - 2022-07-26
2022-07-26 13:01:31 INFO Eastmoney-Action DESKTOP-AGI7VEF 准备存储数据
2022-07-26 13:01:31 INFO Eastmoney-Action DESKTOP-AGI7VEF 准备存储数据（更新）- 完成 - 2022-07-26
2022-07-26 13:02:30 INFO Eastmoney-Action DESKTOP-AGI7VEF 准备存储数据
2022-07-26 13:02:30 INFO Eastmoney-Action DESKTOP-AGI7VEF 准备存储数据（更新）- 完成 - 2022-07-26
2022-07-26 13:03:30 INFO Eastmoney-Action DESKTOP-AGI7VEF 准备存储数据
2022-07-26 13:03:30 INFO Eastmoney-Action DESKTOP-AGI7VEF 准备存储数据（更新）- 完成 - 2022-07-26
2022-07-26 13:04:30 INFO Eastmoney-Action DESKTOP-AGI7VEF 准备存储数据
2022-07-26 13:04:30 INFO Eastmoney-Action DESKTOP-AGI7VEF 准备存储数据（更新）- 完成 - 2022-07-26
2022-07-26 13:05:31 INFO Eastmoney-Action DESKTOP-AGI7VEF 准备存储数据
2022-07-26 13:05:31 INFO Eastmoney-Action DESKTOP-AGI7VEF 准备存储数据（更新）- 完成 - 2022-07-26
2022-07-26 13:06:30 INFO Eastmoney-Action DESKTOP-AGI7VEF 准备存储数据
2022-07-26 13:06:31 INFO Eastmoney-Action DESKTOP-AGI7VEF 准备存储数据（更新）- 完成 - 2022-07-26
2022-07-26 13:07:30 INFO Eastmoney-Action DESKTOP-AGI7VEF 准备存储数据
2022-07-26 13:07:31 INFO Eastmoney-Action DESKTOP-AGI7VEF 准备存储数据（更新）- 完成 - 2022-07-26
2022-07-26 13:07:41 INFO TimeLog DESKTOP-AGI7VEF /pac/api/ths/ljqd GET 3.447s
2022-07-26 13:08:30 INFO Eastmoney-Action DESKTOP-AGI7VEF 准备存储数据
2022-07-26 13:08:30 INFO Eastmoney-Action DESKTOP-AGI7VEF 准备存储数据（更新）- 完成 - 2022-07-26
2022-07-26 13:09:33 INFO Eastmoney-Action DESKTOP-AGI7VEF 准备存储数据
2022-07-26 13:09:33 INFO Eastmoney-Action DESKTOP-AGI7VEF 准备存储数据（更新）- 完成 - 2022-07-26
2022-07-26 13:10:30 INFO Eastmoney-Action DESKTOP-AGI7VEF 准备存储数据
2022-07-26 13:10:30 INFO Eastmoney-Action DESKTOP-AGI7VEF 准备存储数据（更新）- 完成 - 2022-07-26
2022-07-26 13:11:30 INFO Eastmoney-Action DESKTOP-AGI7VEF 准备存储数据
2022-07-26 13:11:30 INFO Eastmoney-Action DESKTOP-AGI7VEF 准备存储数据（更新）- 完成 - 2022-07-26
2022-07-26 13:12:30 INFO Eastmoney-Action DESKTOP-AGI7VEF 准备存储数据
2022-07-26 13:12:30 INFO Eastmoney-Action DESKTOP-AGI7VEF 准备存储数据（更新）- 完成 - 2022-07-26
2022-07-26 13:13:30 INFO Eastmoney-Action DESKTOP-AGI7VEF 准备存储数据
2022-07-26 13:13:30 INFO Eastmoney-Action DESKTOP-AGI7VEF 准备存储数据（更新）- 完成 - 2022-07-26
2022-07-26 13:14:30 INFO Eastmoney-Action DESKTOP-AGI7VEF 准备存储数据
2022-07-26 13:14:30 INFO Eastmoney-Action DESKTOP-AGI7VEF 准备存储数据（更新）- 完成 - 2022-07-26
2022-07-26 13:15:30 INFO Eastmoney-Action DESKTOP-AGI7VEF 准备存储数据
2022-07-26 13:15:30 INFO Eastmoney-Action DESKTOP-AGI7VEF 准备存储数据（更新）- 完成 - 2022-07-26
2022-07-26 13:16:30 INFO Eastmoney-Action DESKTOP-AGI7VEF 准备存储数据
2022-07-26 13:16:30 INFO Eastmoney-Action DESKTOP-AGI7VEF 准备存储数据（更新）- 完成 - 2022-07-26
2022-07-26 13:17:30 INFO Eastmoney-Action DESKTOP-AGI7VEF 准备存储数据
2022-07-26 13:17:30 INFO Eastmoney-Action DESKTOP-AGI7VEF 准备存储数据（更新）- 完成 - 2022-07-26
2022-07-26 13:18:30 INFO Eastmoney-Action DESKTOP-AGI7VEF 准备存储数据
2022-07-26 13:18:30 INFO Eastmoney-Action DESKTOP-AGI7VEF 准备存储数据（更新）- 完成 - 2022-07-26
2022-07-26 13:19:30 INFO Eastmoney-Action DESKTOP-AGI7VEF 准备存储数据
2022-07-26 13:19:30 INFO Eastmoney-Action DESKTOP-AGI7VEF 准备存储数据（更新）- 完成 - 2022-07-26
2022-07-26 13:20:32 INFO Eastmoney-Action DESKTOP-AGI7VEF 准备存储数据
2022-07-26 13:20:32 INFO Eastmoney-Action DESKTOP-AGI7VEF 准备存储数据（更新）- 完成 - 2022-07-26
2022-07-26 13:21:31 INFO Eastmoney-Action DESKTOP-AGI7VEF 准备存储数据
2022-07-26 13:21:31 INFO Eastmoney-Action DESKTOP-AGI7VEF 准备存储数据（更新）- 完成 - 2022-07-26
2022-07-26 13:22:30 INFO Eastmoney-Action DESKTOP-AGI7VEF 准备存储数据
2022-07-26 13:22:30 INFO Eastmoney-Action DESKTOP-AGI7VEF 准备存储数据（更新）- 完成 - 2022-07-26
2022-07-26 13:23:30 INFO Eastmoney-Action DESKTOP-AGI7VEF 准备存储数据
2022-07-26 13:23:30 INFO Eastmoney-Action DESKTOP-AGI7VEF 准备存储数据（更新）- 完成 - 2022-07-26
2022-07-26 13:34:44 INFO NormalLog DESKTOP-AGI7VEF serve started in http://172.31.227.163:3000
2022-07-26 13:35:05 INFO TimeLog DESKTOP-AGI7VEF /pac/api/ths/ljqd GET 5.247s
2022-07-26 13:35:31 INFO Eastmoney-Action DESKTOP-AGI7VEF 准备存储数据
2022-07-26 13:35:31 INFO Eastmoney-Action DESKTOP-AGI7VEF 准备存储数据（更新）- 完成 - 2022-07-26
2022-07-26 13:35:44 INFO NormalLog DESKTOP-AGI7VEF serve started in http://172.31.227.163:3000
2022-07-26 13:35:59 INFO TimeLog DESKTOP-AGI7VEF /pac/api/ths/ljqd GET 5.114s
2022-07-26 13:36:15 INFO NormalLog DESKTOP-AGI7VEF serve started in http://172.31.227.163:3000
2022-07-26 13:36:24 INFO NormalLog DESKTOP-AGI7VEF serve started in http://172.31.227.163:3000
2022-07-26 13:36:31 INFO Eastmoney-Action DESKTOP-AGI7VEF 准备存储数据
2022-07-26 13:36:31 INFO Eastmoney-Action DESKTOP-AGI7VEF 准备存储数据（更新）- 完成 - 2022-07-26
2022-07-26 13:36:57 INFO TimeLog DESKTOP-AGI7VEF /pac/api/ths/ljqd GET 5.213s
2022-07-26 13:37:30 INFO Eastmoney-Action DESKTOP-AGI7VEF 准备存储数据
2022-07-26 13:37:30 INFO Eastmoney-Action DESKTOP-AGI7VEF 准备存储数据（更新）- 完成 - 2022-07-26
2022-07-26 13:38:30 INFO Eastmoney-Action DESKTOP-AGI7VEF 准备存储数据
2022-07-26 13:38:30 INFO Eastmoney-Action DESKTOP-AGI7VEF 准备存储数据（更新）- 完成 - 2022-07-26
2022-07-26 13:39:17 INFO NormalLog DESKTOP-AGI7VEF serve started in http://172.31.227.163:3000
2022-07-26 13:39:28 INFO NormalLog DESKTOP-AGI7VEF serve started in http://172.31.227.163:3000
2022-07-26 13:39:31 INFO Eastmoney-Action DESKTOP-AGI7VEF 准备存储数据
2022-07-26 13:39:31 INFO Eastmoney-Action DESKTOP-AGI7VEF 准备存储数据（更新）- 完成 - 2022-07-26
2022-07-26 13:40:31 INFO Eastmoney-Action DESKTOP-AGI7VEF 准备存储数据
2022-07-26 13:40:31 INFO Eastmoney-Action DESKTOP-AGI7VEF 准备存储数据（更新）- 完成 - 2022-07-26
2022-07-26 13:41:20 INFO TimeLog DESKTOP-AGI7VEF /pac/api/ths/ljqd GET 3.953s
2022-07-26 13:41:30 INFO Eastmoney-Action DESKTOP-AGI7VEF 准备存储数据
2022-07-26 13:41:30 INFO Eastmoney-Action DESKTOP-AGI7VEF 准备存储数据（更新）- 完成 - 2022-07-26
2022-07-26 13:42:30 INFO Eastmoney-Action DESKTOP-AGI7VEF 准备存储数据
2022-07-26 13:42:30 INFO Eastmoney-Action DESKTOP-AGI7VEF 准备存储数据（更新）- 完成 - 2022-07-26
2022-07-26 13:43:30 INFO Eastmoney-Action DESKTOP-AGI7VEF 准备存储数据
2022-07-26 13:43:31 INFO Eastmoney-Action DESKTOP-AGI7VEF 准备存储数据（更新）- 完成 - 2022-07-26
2022-07-26 13:44:30 INFO Eastmoney-Action DESKTOP-AGI7VEF 准备存储数据
2022-07-26 13:44:30 INFO Eastmoney-Action DESKTOP-AGI7VEF 准备存储数据（更新）- 完成 - 2022-07-26
2022-07-26 13:45:30 INFO Eastmoney-Action DESKTOP-AGI7VEF 准备存储数据
2022-07-26 13:45:30 INFO Eastmoney-Action DESKTOP-AGI7VEF 准备存储数据（更新）- 完成 - 2022-07-26
2022-07-26 13:46:31 INFO Eastmoney-Action DESKTOP-AGI7VEF 准备存储数据
2022-07-26 13:46:31 INFO Eastmoney-Action DESKTOP-AGI7VEF 准备存储数据（更新）- 完成 - 2022-07-26
2022-07-26 13:47:30 INFO Eastmoney-Action DESKTOP-AGI7VEF 准备存储数据
2022-07-26 13:47:30 INFO Eastmoney-Action DESKTOP-AGI7VEF 准备存储数据（更新）- 完成 - 2022-07-26
2022-07-26 13:48:30 INFO Eastmoney-Action DESKTOP-AGI7VEF 准备存储数据
2022-07-26 13:48:30 INFO Eastmoney-Action DESKTOP-AGI7VEF 准备存储数据（更新）- 完成 - 2022-07-26
2022-07-26 13:49:31 INFO Eastmoney-Action DESKTOP-AGI7VEF 准备存储数据
2022-07-26 13:49:31 INFO Eastmoney-Action DESKTOP-AGI7VEF 准备存储数据（更新）- 完成 - 2022-07-26
2022-07-26 13:50:30 INFO Eastmoney-Action DESKTOP-AGI7VEF 准备存储数据
2022-07-26 13:50:30 INFO Eastmoney-Action DESKTOP-AGI7VEF 准备存储数据（更新）- 完成 - 2022-07-26
2022-07-26 13:51:31 INFO Eastmoney-Action DESKTOP-AGI7VEF 准备存储数据
2022-07-26 13:51:31 INFO Eastmoney-Action DESKTOP-AGI7VEF 准备存储数据（更新）- 完成 - 2022-07-26
2022-07-26 13:52:30 INFO Eastmoney-Action DESKTOP-AGI7VEF 准备存储数据
2022-07-26 13:52:30 INFO Eastmoney-Action DESKTOP-AGI7VEF 准备存储数据（更新）- 完成 - 2022-07-26
2022-07-26 13:53:31 INFO Eastmoney-Action DESKTOP-AGI7VEF 准备存储数据
2022-07-26 13:53:31 INFO Eastmoney-Action DESKTOP-AGI7VEF 准备存储数据（更新）- 完成 - 2022-07-26
2022-07-26 13:54:30 INFO Eastmoney-Action DESKTOP-AGI7VEF 准备存储数据
2022-07-26 13:54:30 INFO Eastmoney-Action DESKTOP-AGI7VEF 准备存储数据（更新）- 完成 - 2022-07-26
2022-07-26 13:55:30 INFO Eastmoney-Action DESKTOP-AGI7VEF 准备存储数据
2022-07-26 13:55:31 INFO Eastmoney-Action DESKTOP-AGI7VEF 准备存储数据（更新）- 完成 - 2022-07-26
2022-07-26 13:56:30 INFO Eastmoney-Action DESKTOP-AGI7VEF 准备存储数据
2022-07-26 13:56:30 INFO Eastmoney-Action DESKTOP-AGI7VEF 准备存储数据（更新）- 完成 - 2022-07-26
2022-07-26 13:57:16 INFO NormalLog DESKTOP-AGI7VEF serve started in http://172.31.227.163:3000
2022-07-26 13:57:24 INFO TimeLog DESKTOP-AGI7VEF /pac/api/ths/ljqd GET 3.461s
2022-07-26 13:57:31 INFO Eastmoney-Action DESKTOP-AGI7VEF 准备存储数据
2022-07-26 13:57:31 INFO Eastmoney-Action DESKTOP-AGI7VEF 准备存储数据（更新）- 完成 - 2022-07-26
2022-07-26 13:58:30 INFO Eastmoney-Action DESKTOP-AGI7VEF 准备存储数据
2022-07-26 13:58:31 INFO Eastmoney-Action DESKTOP-AGI7VEF 准备存储数据（更新）- 完成 - 2022-07-26
2022-07-26 13:59:30 INFO Eastmoney-Action DESKTOP-AGI7VEF 准备存储数据
2022-07-26 13:59:30 INFO Eastmoney-Action DESKTOP-AGI7VEF 准备存储数据（更新）- 完成 - 2022-07-26
2022-07-26 14:00:30 INFO Eastmoney-Action DESKTOP-AGI7VEF 准备存储数据
2022-07-26 14:00:31 INFO Eastmoney-Action DESKTOP-AGI7VEF 准备存储数据（更新）- 完成 - 2022-07-26
2022-07-26 14:01:30 INFO Eastmoney-Action DESKTOP-AGI7VEF 准备存储数据
2022-07-26 14:01:30 INFO Eastmoney-Action DESKTOP-AGI7VEF 准备存储数据（更新）- 完成 - 2022-07-26
2022-07-26 14:02:31 INFO Eastmoney-Action DESKTOP-AGI7VEF 准备存储数据
2022-07-26 14:02:31 INFO Eastmoney-Action DESKTOP-AGI7VEF 准备存储数据（更新）- 完成 - 2022-07-26
2022-07-26 14:03:37 INFO NormalLog DESKTOP-AGI7VEF serve started in http://172.31.227.163:3000
2022-07-26 14:04:31 INFO Eastmoney-Action DESKTOP-AGI7VEF 准备存储数据
2022-07-26 14:04:31 INFO Eastmoney-Action DESKTOP-AGI7VEF 准备存储数据（更新）- 完成 - 2022-07-26
2022-07-26 14:09:13 INFO NormalLog DESKTOP-AGI7VEF serve started in http://172.31.227.163:3000
2022-07-26 14:09:31 INFO Eastmoney-Action DESKTOP-AGI7VEF 准备存储数据
2022-07-26 14:09:31 INFO Eastmoney-Action DESKTOP-AGI7VEF 准备存储数据（更新）- 完成 - 2022-07-26
2022-07-26 14:10:31 INFO Eastmoney-Action DESKTOP-AGI7VEF 准备存储数据
2022-07-26 14:10:31 INFO Eastmoney-Action DESKTOP-AGI7VEF 准备存储数据（更新）- 完成 - 2022-07-26
2022-07-26 14:11:30 INFO Eastmoney-Action DESKTOP-AGI7VEF 准备存储数据
2022-07-26 14:11:30 INFO Eastmoney-Action DESKTOP-AGI7VEF 准备存储数据（更新）- 完成 - 2022-07-26
2022-07-26 14:12:30 INFO Eastmoney-Action DESKTOP-AGI7VEF 准备存储数据
2022-07-26 14:12:30 INFO Eastmoney-Action DESKTOP-AGI7VEF 准备存储数据（更新）- 完成 - 2022-07-26
2022-07-26 14:13:30 INFO Eastmoney-Action DESKTOP-AGI7VEF 准备存储数据
2022-07-26 14:13:30 INFO Eastmoney-Action DESKTOP-AGI7VEF 准备存储数据（更新）- 完成 - 2022-07-26
2022-07-26 14:14:30 INFO Eastmoney-Action DESKTOP-AGI7VEF 准备存储数据
2022-07-26 14:14:30 INFO Eastmoney-Action DESKTOP-AGI7VEF 准备存储数据（更新）- 完成 - 2022-07-26
2022-07-26 14:14:41 INFO TimeLog DESKTOP-AGI7VEF /pac/api/ths/ljqd GET 4.593s
2022-07-26 14:15:30 INFO Eastmoney-Action DESKTOP-AGI7VEF 准备存储数据
2022-07-26 14:15:30 INFO Eastmoney-Action DESKTOP-AGI7VEF 准备存储数据（更新）- 完成 - 2022-07-26
2022-07-26 14:16:30 INFO Eastmoney-Action DESKTOP-AGI7VEF 准备存储数据
2022-07-26 14:16:30 INFO Eastmoney-Action DESKTOP-AGI7VEF 准备存储数据（更新）- 完成 - 2022-07-26
2022-07-26 14:17:30 INFO Eastmoney-Action DESKTOP-AGI7VEF 准备存储数据
2022-07-26 14:17:30 INFO Eastmoney-Action DESKTOP-AGI7VEF 准备存储数据（更新）- 完成 - 2022-07-26
2022-07-26 14:18:30 INFO Eastmoney-Action DESKTOP-AGI7VEF 准备存储数据
2022-07-26 14:18:30 INFO Eastmoney-Action DESKTOP-AGI7VEF 准备存储数据（更新）- 完成 - 2022-07-26
2022-07-26 14:19:30 INFO Eastmoney-Action DESKTOP-AGI7VEF 准备存储数据
2022-07-26 14:19:30 INFO Eastmoney-Action DESKTOP-AGI7VEF 准备存储数据（更新）- 完成 - 2022-07-26
2022-07-26 14:20:30 INFO Eastmoney-Action DESKTOP-AGI7VEF 准备存储数据
2022-07-26 14:20:30 INFO Eastmoney-Action DESKTOP-AGI7VEF 准备存储数据（更新）- 完成 - 2022-07-26
2022-07-26 14:21:30 INFO Eastmoney-Action DESKTOP-AGI7VEF 准备存储数据
2022-07-26 14:21:30 INFO Eastmoney-Action DESKTOP-AGI7VEF 准备存储数据（更新）- 完成 - 2022-07-26
2022-07-26 14:22:30 INFO Eastmoney-Action DESKTOP-AGI7VEF 准备存储数据
2022-07-26 14:22:30 INFO Eastmoney-Action DESKTOP-AGI7VEF 准备存储数据（更新）- 完成 - 2022-07-26
2022-07-26 14:23:30 INFO Eastmoney-Action DESKTOP-AGI7VEF 准备存储数据
2022-07-26 14:23:30 INFO Eastmoney-Action DESKTOP-AGI7VEF 准备存储数据（更新）- 完成 - 2022-07-26
2022-07-26 14:24:30 INFO Eastmoney-Action DESKTOP-AGI7VEF 准备存储数据
2022-07-26 14:24:30 INFO Eastmoney-Action DESKTOP-AGI7VEF 准备存储数据（更新）- 完成 - 2022-07-26
2022-07-26 14:25:30 INFO Eastmoney-Action DESKTOP-AGI7VEF 准备存储数据
2022-07-26 14:25:30 INFO Eastmoney-Action DESKTOP-AGI7VEF 准备存储数据（更新）- 完成 - 2022-07-26
2022-07-26 14:26:30 INFO Eastmoney-Action DESKTOP-AGI7VEF 准备存储数据
2022-07-26 14:26:30 INFO Eastmoney-Action DESKTOP-AGI7VEF 准备存储数据（更新）- 完成 - 2022-07-26
2022-07-26 14:27:30 INFO Eastmoney-Action DESKTOP-AGI7VEF 准备存储数据
2022-07-26 14:27:30 INFO Eastmoney-Action DESKTOP-AGI7VEF 准备存储数据（更新）- 完成 - 2022-07-26
2022-07-26 14:28:30 INFO Eastmoney-Action DESKTOP-AGI7VEF 准备存储数据
2022-07-26 14:28:30 INFO Eastmoney-Action DESKTOP-AGI7VEF 准备存储数据（更新）- 完成 - 2022-07-26
2022-07-26 14:29:30 INFO Eastmoney-Action DESKTOP-AGI7VEF 准备存储数据
2022-07-26 14:29:30 INFO Eastmoney-Action DESKTOP-AGI7VEF 准备存储数据（更新）- 完成 - 2022-07-26
2022-07-26 14:41:10 INFO NormalLog DESKTOP-AGI7VEF serve started in http://172.31.227.163:3000
2022-07-26 14:41:28 INFO TimeLog DESKTOP-AGI7VEF /pac/api/ths/ljqd GET 4.696s
2022-07-26 14:41:31 INFO Eastmoney-Action DESKTOP-AGI7VEF 准备存储数据
2022-07-26 14:41:31 INFO Eastmoney-Action DESKTOP-AGI7VEF 准备存储数据（更新）- 完成 - 2022-07-26
2022-07-26 14:42:30 INFO Eastmoney-Action DESKTOP-AGI7VEF 准备存储数据
2022-07-26 14:42:30 INFO Eastmoney-Action DESKTOP-AGI7VEF 准备存储数据（更新）- 完成 - 2022-07-26
2022-07-26 14:43:05 INFO NormalLog DESKTOP-AGI7VEF serve started in http://172.31.227.163:3000
2022-07-26 14:43:18 INFO TimeLog DESKTOP-AGI7VEF /pac/api/ths/ljqd GET 3.508s
2022-07-26 14:43:31 INFO Eastmoney-Action DESKTOP-AGI7VEF 准备存储数据
2022-07-26 14:43:31 INFO Eastmoney-Action DESKTOP-AGI7VEF 准备存储数据（更新）- 完成 - 2022-07-26
2022-07-26 14:44:38 INFO NormalLog DESKTOP-AGI7VEF serve started in http://172.31.227.163:3000
2022-07-26 14:44:49 INFO TimeLog DESKTOP-AGI7VEF /pac/api/ths/ljqd GET 3.707s
2022-07-26 14:45:31 INFO Eastmoney-Action DESKTOP-AGI7VEF 准备存储数据
2022-07-26 14:45:31 INFO Eastmoney-Action DESKTOP-AGI7VEF 准备存储数据（更新）- 完成 - 2022-07-26
2022-07-26 14:45:55 INFO TimeLog DESKTOP-AGI7VEF /pac/api/ths/ljqd GET 3.7s
2022-07-26 14:46:30 INFO Eastmoney-Action DESKTOP-AGI7VEF 准备存储数据
2022-07-26 14:46:30 INFO Eastmoney-Action DESKTOP-AGI7VEF 准备存储数据（更新）- 完成 - 2022-07-26
2022-07-26 14:47:31 INFO Eastmoney-Action DESKTOP-AGI7VEF 准备存储数据
2022-07-26 14:47:31 INFO Eastmoney-Action DESKTOP-AGI7VEF 准备存储数据（更新）- 完成 - 2022-07-26
2022-07-26 14:47:44 INFO NormalLog DESKTOP-AGI7VEF serve started in http://172.31.227.163:3000
2022-07-26 14:47:55 INFO TimeLog DESKTOP-AGI7VEF /pac/api/ths/ljqd GET 4.884s
2022-07-26 14:48:31 INFO Eastmoney-Action DESKTOP-AGI7VEF 准备存储数据
2022-07-26 14:48:31 INFO Eastmoney-Action DESKTOP-AGI7VEF 准备存储数据（更新）- 完成 - 2022-07-26
2022-07-26 14:49:14 INFO NormalLog DESKTOP-AGI7VEF serve started in http://172.31.227.163:3000
2022-07-26 14:49:25 INFO NormalLog DESKTOP-AGI7VEF serve started in http://172.31.227.163:3000
2022-07-26 14:49:31 INFO Eastmoney-Action DESKTOP-AGI7VEF 准备存储数据
2022-07-26 14:49:32 INFO Eastmoney-Action DESKTOP-AGI7VEF 准备存储数据（更新）- 完成 - 2022-07-26
2022-07-26 14:49:35 INFO TimeLog DESKTOP-AGI7VEF /pac/api/ths/ljqd GET 3.682s
2022-07-26 14:50:45 INFO NormalLog DESKTOP-AGI7VEF serve started in http://172.31.227.163:3000
2022-07-26 14:51:09 INFO NormalLog DESKTOP-AGI7VEF serve started in http://172.31.227.163:3000
2022-07-26 14:51:14 INFO TimeLog DESKTOP-AGI7VEF /pac/api/ths/ljqd GET 3.69s
2022-07-26 14:51:31 INFO Eastmoney-Action DESKTOP-AGI7VEF 准备存储数据
2022-07-26 14:51:31 INFO Eastmoney-Action DESKTOP-AGI7VEF 准备存储数据（更新）- 完成 - 2022-07-26
2022-07-26 14:52:22 INFO NormalLog DESKTOP-AGI7VEF serve started in http://172.31.227.163:3000
2022-07-26 14:52:31 INFO Eastmoney-Action DESKTOP-AGI7VEF 准备存储数据
2022-07-26 14:52:31 INFO Eastmoney-Action DESKTOP-AGI7VEF 准备存储数据（更新）- 完成 - 2022-07-26
2022-07-26 14:52:39 INFO TimeLog DESKTOP-AGI7VEF /pac/api/ths/ljqd GET 3.865s
2022-07-26 14:53:03 INFO TimeLog DESKTOP-AGI7VEF /pac/api/ths/ljqd GET 3.76s
2022-07-26 14:53:28 INFO TimeLog DESKTOP-AGI7VEF /pac/api/ths/ljqd GET 3.568s
2022-07-26 14:53:31 INFO Eastmoney-Action DESKTOP-AGI7VEF 准备存储数据
2022-07-26 14:53:31 INFO Eastmoney-Action DESKTOP-AGI7VEF 准备存储数据（更新）- 完成 - 2022-07-26
2022-07-26 14:53:51 INFO NormalLog DESKTOP-AGI7VEF serve started in http://172.31.227.163:3000
2022-07-26 14:53:57 INFO TimeLog DESKTOP-AGI7VEF /pac/api/ths/ljqd GET 3.639s
2022-07-26 14:54:31 INFO Eastmoney-Action DESKTOP-AGI7VEF 准备存储数据
2022-07-26 14:54:31 INFO Eastmoney-Action DESKTOP-AGI7VEF 准备存储数据（更新）- 完成 - 2022-07-26
2022-07-26 14:55:02 INFO NormalLog DESKTOP-AGI7VEF serve started in http://172.31.227.163:3000
2022-07-26 14:55:31 INFO Eastmoney-Action DESKTOP-AGI7VEF 准备存储数据
2022-07-26 14:55:31 INFO Eastmoney-Action DESKTOP-AGI7VEF 准备存储数据（更新）- 完成 - 2022-07-26
2022-07-26 14:55:56 INFO NormalLog DESKTOP-AGI7VEF serve started in http://172.31.227.163:3000
2022-07-26 14:56:31 INFO Eastmoney-Action DESKTOP-AGI7VEF 准备存储数据
2022-07-26 14:56:31 INFO Eastmoney-Action DESKTOP-AGI7VEF 准备存储数据（更新）- 完成 - 2022-07-26
2022-07-26 14:57:29 INFO NormalLog DESKTOP-AGI7VEF serve started in http://172.31.227.163:3000
2022-07-26 14:58:31 INFO Eastmoney-Action DESKTOP-AGI7VEF 准备存储数据
2022-07-26 14:58:31 INFO Eastmoney-Action DESKTOP-AGI7VEF 准备存储数据（更新）- 完成 - 2022-07-26
2022-07-26 14:59:30 INFO Eastmoney-Action DESKTOP-AGI7VEF 准备存储数据
2022-07-26 14:59:30 INFO Eastmoney-Action DESKTOP-AGI7VEF 准备存储数据（更新）- 完成 - 2022-07-26
2022-07-26 15:01:09 INFO NormalLog DESKTOP-AGI7VEF serve started in http://172.31.227.163:3000
2022-07-26 15:24:19 INFO TimeLog DESKTOP-AGI7VEF /pac/api/ths/ljqd GET 3.948s
2022-07-26 15:24:38 INFO NormalLog DESKTOP-AGI7VEF serve started in http://172.31.227.163:3000
2022-07-26 15:24:57 FATAL ErrorCatch DESKTOP-AGI7VEF GET /pac/api/ths/ljqd 200
2022-07-26 15:24:57 FATAL ErrorCatch DESKTOP-AGI7VEF {"name":"ProtocolError","originalMessage":"","message":"Protocol error (Runtime.callFunctionOn): Target closed."}
2022-07-26 15:25:22 INFO NormalLog DESKTOP-AGI7VEF serve started in http://172.31.227.163:3000
2022-07-26 15:25:29 INFO TimeLog DESKTOP-AGI7VEF /pac/api/ths/ljqd GET 4.158s
2022-07-26 15:26:12 INFO NormalLog DESKTOP-AGI7VEF serve started in http://172.31.227.163:3000
2022-07-26 15:27:13 INFO TimeLog DESKTOP-AGI7VEF /pac/api/ths/ljqd GET 34.637s
2022-07-26 15:28:00 INFO NormalLog DESKTOP-AGI7VEF serve started in http://172.31.227.163:3000
2022-07-26 15:28:51 FATAL ErrorCatch DESKTOP-AGI7VEF GET /pac/api/ths/ljqd 200
2022-07-26 15:28:51 FATAL ErrorCatch DESKTOP-AGI7VEF {}
2022-07-26 15:29:20 INFO NormalLog DESKTOP-AGI7VEF serve started in http://172.31.227.163:3000
2022-07-26 15:30:08 FATAL ErrorCatch DESKTOP-AGI7VEF GET /pac/api/ths/ljqd 200
2022-07-26 15:30:08 FATAL ErrorCatch DESKTOP-AGI7VEF {"name":"ProtocolError","originalMessage":"","message":"Protocol error (Runtime.callFunctionOn): Target closed."}
2022-07-26 15:31:13 INFO NormalLog DESKTOP-AGI7VEF serve started in http://172.31.227.163:3000
2022-07-26 15:31:56 INFO TimeLog DESKTOP-AGI7VEF /pac/api/ths/ljqd GET 38.049s
2022-07-26 15:33:06 INFO NormalLog DESKTOP-AGI7VEF serve started in http://172.31.227.163:3000
2022-07-26 15:33:40 INFO NormalLog DESKTOP-AGI7VEF serve started in http://172.31.227.163:3000
2022-07-26 15:34:23 INFO NormalLog DESKTOP-AGI7VEF serve started in http://172.31.227.163:3000
2022-07-26 15:34:50 INFO NormalLog DESKTOP-AGI7VEF serve started in http://172.31.227.163:3000
2022-07-26 15:35:00 INFO JiuCaiGongSheLog-Auto DESKTOP-AGI7VEF 定时任务开始抓取2022-07-26数据
2022-07-26 15:35:00 INFO JiuCaiGongSheLog-Auto DESKTOP-AGI7VEF 触发任务开始抓取2022-07-26数据
2022-07-26 15:35:05 INFO JiuCaiGongShe-Actions DESKTOP-AGI7VEF 更新数据过程中先删除Category数据
2022-07-26 15:35:05 INFO JiuCaiGongShe-Actions DESKTOP-AGI7VEF 更新数据过程中已经删除Category数据
2022-07-26 15:35:05 INFO JiuCaiGongSheLog-Auto DESKTOP-AGI7VEF 触发任务抓取了2022-07-26的数据-更新-结束
2022-07-26 15:35:05 INFO JiuCaiGongSheLog-Auto DESKTOP-AGI7VEF 定时任务抓取了2022-07-26的数据-结束
2022-07-26 15:35:23 INFO NormalLog DESKTOP-AGI7VEF serve started in http://172.31.227.163:3000
2022-07-26 15:35:39 INFO NormalLog DESKTOP-AGI7VEF serve started in http://172.31.227.163:3000
2022-07-26 15:35:47 INFO TimeLog DESKTOP-AGI7VEF /pac/api/ths/ljqd GET 6.06s
2022-07-26 15:36:32 INFO NormalLog DESKTOP-AGI7VEF serve started in http://172.31.227.163:3000
2022-07-26 15:37:26 INFO TimeLog DESKTOP-AGI7VEF /pac/api/ths/ljqd GET 5.54s
2022-07-26 15:38:58 INFO NormalLog DESKTOP-AGI7VEF serve started in http://172.31.227.163:3000
2022-07-26 15:39:06 INFO NormalLog DESKTOP-AGI7VEF serve started in http://172.31.227.163:3000
2022-07-26 15:40:21 INFO NormalLog DESKTOP-AGI7VEF serve started in http://172.31.227.163:3000
2022-07-26 15:40:56 FATAL ErrorCatch DESKTOP-AGI7VEF GET /pac/api/ths/ljqd 200
2022-07-26 15:40:56 FATAL ErrorCatch DESKTOP-AGI7VEF {"name":"TimeoutError"}
2022-07-26 15:41:54 INFO NormalLog DESKTOP-AGI7VEF serve started in http://172.31.227.163:3000
2022-07-26 15:42:02 INFO NormalLog DESKTOP-AGI7VEF serve started in http://172.31.227.163:3000
2022-07-26 15:42:41 INFO NormalLog DESKTOP-AGI7VEF serve started in http://172.31.227.163:3000
2022-07-26 15:42:48 FATAL ErrorCatch DESKTOP-AGI7VEF GET /pac/api/ths/ljqd 200
2022-07-26 15:42:48 FATAL ErrorCatch DESKTOP-AGI7VEF {"name":"ProtocolError","originalMessage":"Cannot take screenshot with 0 width.","message":"Protocol error (Page.captureScreenshot): Cannot take screenshot with 0 width."}
2022-07-26 15:43:49 INFO NormalLog DESKTOP-AGI7VEF serve started in http://172.31.227.163:3000
2022-07-26 15:45:47 INFO NormalLog DESKTOP-AGI7VEF serve started in http://172.31.227.163:3000
2022-07-26 15:46:18 INFO NormalLog DESKTOP-AGI7VEF serve started in http://172.31.227.163:3000
2022-07-26 15:47:30 INFO NormalLog DESKTOP-AGI7VEF serve started in http://172.31.227.163:3000
2022-07-26 15:47:42 INFO NormalLog DESKTOP-AGI7VEF serve started in http://172.31.227.163:3000
2022-07-26 15:47:56 INFO NormalLog DESKTOP-AGI7VEF serve started in http://172.31.227.163:3000
2022-07-26 15:48:39 INFO TimeLog DESKTOP-AGI7VEF /pac/api/ths/ljqd GET 3.735s
2022-07-26 15:50:10 INFO NormalLog DESKTOP-AGI7VEF serve started in http://172.31.227.163:3000
2022-07-26 15:50:16 INFO TimeLog DESKTOP-AGI7VEF /pac/api/ths/ljqd GET 3.903s
2022-07-26 15:50:51 INFO NormalLog DESKTOP-AGI7VEF serve started in http://172.31.227.163:3000
2022-07-26 15:50:56 FATAL ErrorCatch DESKTOP-AGI7VEF GET /pac/api/ths/ljqd 200
2022-07-26 15:50:56 FATAL ErrorCatch DESKTOP-AGI7VEF {}
2022-07-26 15:51:51 INFO NormalLog DESKTOP-AGI7VEF serve started in http://172.31.227.163:3000
2022-07-26 15:51:57 FATAL ErrorCatch DESKTOP-AGI7VEF GET /pac/api/ths/ljqd 200
2022-07-26 15:51:57 FATAL ErrorCatch DESKTOP-AGI7VEF {}
2022-07-26 15:53:44 INFO NormalLog DESKTOP-AGI7VEF serve started in http://172.31.227.163:3000
2022-07-26 15:54:02 INFO NormalLog DESKTOP-AGI7VEF serve started in http://172.31.227.163:3000
2022-07-26 15:54:24 INFO NormalLog DESKTOP-AGI7VEF serve started in http://172.31.227.163:3000
2022-07-26 15:54:31 FATAL ErrorCatch DESKTOP-AGI7VEF GET /pac/api/ths/ljqd 200
2022-07-26 15:54:31 FATAL ErrorCatch DESKTOP-AGI7VEF {}
2022-07-26 15:55:08 INFO NormalLog DESKTOP-AGI7VEF serve started in http://172.31.227.163:3000
2022-07-26 15:55:28 INFO NormalLog DESKTOP-AGI7VEF serve started in http://172.31.227.163:3000
2022-07-26 15:55:35 FATAL ErrorCatch DESKTOP-AGI7VEF GET /pac/api/ths/ljqd 200
2022-07-26 15:55:35 FATAL ErrorCatch DESKTOP-AGI7VEF {}
2022-07-26 15:56:20 INFO NormalLog DESKTOP-AGI7VEF serve started in http://172.31.227.163:3000
2022-07-26 15:56:32 INFO TimeLog DESKTOP-AGI7VEF /pac/api/ths/ljqd GET 3.426s
2022-07-26 15:58:13 INFO NormalLog DESKTOP-AGI7VEF serve started in http://172.31.227.163:3000
2022-07-26 15:58:16 INFO TimeLog DESKTOP-AGI7VEF /pac/api/ths/ljqd GET 3.652s
2022-07-26 15:59:58 INFO NormalLog DESKTOP-AGI7VEF serve started in http://172.31.227.163:3000
2022-07-26 16:00:08 INFO NormalLog DESKTOP-AGI7VEF serve started in http://172.31.227.163:3000
2022-07-26 16:00:34 INFO NormalLog DESKTOP-AGI7VEF serve started in http://172.31.227.163:3000
2022-07-26 16:00:56 INFO NormalLog DESKTOP-AGI7VEF serve started in http://172.31.227.163:3000
2022-07-26 16:01:28 INFO NormalLog DESKTOP-AGI7VEF serve started in http://172.31.227.163:3000
2022-07-26 16:01:41 INFO NormalLog DESKTOP-AGI7VEF serve started in http://172.31.227.163:3000
2022-07-26 16:01:51 FATAL ErrorCatch DESKTOP-AGI7VEF GET /pac/api/ths/ljqd 200
2022-07-26 16:01:51 FATAL ErrorCatch DESKTOP-AGI7VEF {}
2022-07-26 16:16:25 FATAL ErrorCatch DESKTOP-AGI7VEF GET /pac/api/ths/ljqd 200
2022-07-26 16:16:25 FATAL ErrorCatch DESKTOP-AGI7VEF {}
2022-07-26 16:17:38 INFO NormalLog DESKTOP-AGI7VEF serve started in http://172.31.227.163:3000
2022-07-26 16:17:54 FATAL ErrorCatch DESKTOP-AGI7VEF GET /pac/api/ths/ljqd 200
2022-07-26 16:17:54 FATAL ErrorCatch DESKTOP-AGI7VEF {}
2022-07-26 16:19:04 INFO NormalLog DESKTOP-AGI7VEF serve started in http://172.31.227.163:3000
2022-07-26 16:19:16 INFO NormalLog DESKTOP-AGI7VEF serve started in http://172.31.227.163:3000
2022-07-26 16:20:31 FATAL ErrorCatch DESKTOP-AGI7VEF GET /pac/api/ths/ljqd 200
2022-07-26 16:20:31 FATAL ErrorCatch DESKTOP-AGI7VEF {}
2022-07-26 16:20:54 FATAL ErrorCatch DESKTOP-AGI7VEF GET /pac/api/ths/ljqd 200
2022-07-26 16:20:54 FATAL ErrorCatch DESKTOP-AGI7VEF {}
2022-07-26 16:21:33 INFO NormalLog DESKTOP-AGI7VEF serve started in http://172.31.227.163:3000
2022-07-26 16:22:50 INFO NormalLog DESKTOP-AGI7VEF serve started in http://172.31.227.163:3000
2022-07-26 16:23:08 INFO NormalLog DESKTOP-AGI7VEF serve started in http://172.31.227.163:3000
2022-07-26 16:23:14 INFO TimeLog DESKTOP-AGI7VEF /pac/api/ths/ljqd GET 4.151s
2022-07-26 16:25:53 INFO NormalLog DESKTOP-AGI7VEF serve started in http://172.31.227.163:3000
2022-07-26 16:26:34 INFO NormalLog DESKTOP-AGI7VEF serve started in http://172.31.227.163:3000
2022-07-26 16:27:21 INFO NormalLog DESKTOP-AGI7VEF serve started in http://172.31.227.163:3000
2022-07-26 16:27:40 INFO NormalLog DESKTOP-AGI7VEF serve started in http://172.31.227.163:3000
2022-07-26 16:28:08 INFO NormalLog DESKTOP-AGI7VEF serve started in http://172.31.227.163:3000
2022-07-26 16:28:28 INFO TimeLog DESKTOP-AGI7VEF /pac/api/ths/ljqd GET 3.548s
2022-07-26 16:29:13 INFO NormalLog DESKTOP-AGI7VEF serve started in http://172.31.227.163:3000
2022-07-26 16:29:28 INFO TimeLog DESKTOP-AGI7VEF /pac/api/ths/ljqd GET 3.735s
2022-07-26 16:33:02 INFO NormalLog DESKTOP-AGI7VEF serve started in http://172.31.227.163:3000
2022-07-26 16:33:23 INFO NormalLog DESKTOP-AGI7VEF serve started in http://172.31.227.163:3000
2022-07-26 16:33:48 FATAL ErrorCatch DESKTOP-AGI7VEF GET /pac/api/ths/ljqd 200
2022-07-26 16:33:48 FATAL ErrorCatch DESKTOP-AGI7VEF {}
2022-07-26 16:34:04 FATAL ErrorCatch DESKTOP-AGI7VEF GET /pac/api/ths/ljqd 200
2022-07-26 16:34:04 FATAL ErrorCatch DESKTOP-AGI7VEF {}
2022-07-26 16:34:25 INFO NormalLog DESKTOP-AGI7VEF serve started in http://172.31.227.163:3000
2022-07-26 16:34:34 INFO TimeLog DESKTOP-AGI7VEF /pac/api/ths/ljqd GET 3.971s
2022-07-26 16:35:17 INFO NormalLog DESKTOP-AGI7VEF serve started in http://172.31.227.163:3000
2022-07-26 16:35:28 INFO TimeLog DESKTOP-AGI7VEF /pac/api/ths/ljqd GET 3.625s
2022-07-26 16:36:28 INFO NormalLog DESKTOP-AGI7VEF serve started in http://172.31.227.163:3000
2022-07-26 16:36:33 INFO TimeLog DESKTOP-AGI7VEF /pac/api/ths/ljqd GET 2.149s
2022-07-26 16:37:33 INFO NormalLog DESKTOP-AGI7VEF serve started in http://172.31.227.163:3000
2022-07-26 16:37:42 INFO NormalLog DESKTOP-AGI7VEF serve started in http://172.31.227.163:3000
2022-07-26 16:37:51 INFO NormalLog DESKTOP-AGI7VEF serve started in http://172.31.227.163:3000
2022-07-26 16:38:09 INFO NormalLog DESKTOP-AGI7VEF serve started in http://172.31.227.163:3000
2022-07-26 16:40:33 INFO NormalLog DESKTOP-AGI7VEF serve started in http://172.31.227.163:3000
2022-07-26 16:41:07 INFO NormalLog DESKTOP-AGI7VEF serve started in http://172.31.227.163:3000
2022-07-26 16:41:51 INFO NormalLog DESKTOP-AGI7VEF serve started in http://172.31.227.163:3000
2022-07-26 16:42:55 INFO NormalLog DESKTOP-AGI7VEF serve started in http://172.31.227.163:3000
2022-07-26 16:43:13 INFO NormalLog DESKTOP-AGI7VEF serve started in http://172.31.227.163:3000
2022-07-26 16:43:20 INFO NormalLog DESKTOP-AGI7VEF serve started in http://172.31.227.163:3000
2022-07-26 16:43:40 INFO NormalLog DESKTOP-AGI7VEF serve started in http://172.31.227.163:3000
2022-07-26 16:43:55 INFO NormalLog DESKTOP-AGI7VEF serve started in http://172.31.227.163:3000
2022-07-26 16:44:26 INFO NormalLog DESKTOP-AGI7VEF serve started in http://172.31.227.163:3000
2022-07-26 16:44:38 INFO NormalLog DESKTOP-AGI7VEF serve started in http://172.31.227.163:3000
2022-07-26 16:45:04 INFO NormalLog DESKTOP-AGI7VEF serve started in http://172.31.227.163:3000
2022-07-26 16:45:36 INFO NormalLog DESKTOP-AGI7VEF serve started in http://172.31.227.163:3000
2022-07-26 16:46:18 INFO NormalLog DESKTOP-AGI7VEF serve started in http://172.31.227.163:3000
2022-07-26 16:46:42 INFO TimeLog DESKTOP-AGI7VEF /pac/api/ths/ljqd GET 2.323s
2022-07-26 16:47:49 INFO NormalLog DESKTOP-AGI7VEF serve started in http://172.31.227.163:3000
2022-07-26 16:48:55 INFO NormalLog DESKTOP-AGI7VEF serve started in http://172.31.227.163:3000
2022-07-26 16:49:18 INFO NormalLog DESKTOP-AGI7VEF serve started in http://172.31.227.163:3000
2022-07-26 16:50:14 INFO NormalLog DESKTOP-AGI7VEF serve started in http://172.31.227.163:3000
2022-07-26 16:50:50 INFO NormalLog DESKTOP-AGI7VEF serve started in http://172.31.227.163:3000
2022-07-26 16:51:07 INFO NormalLog DESKTOP-AGI7VEF serve started in http://172.31.227.163:3000
2022-07-26 16:51:17 INFO NormalLog DESKTOP-AGI7VEF serve started in http://172.31.227.163:3000
2022-07-26 16:51:35 INFO NormalLog DESKTOP-AGI7VEF serve started in http://172.31.227.163:3000
2022-07-26 16:54:59 INFO NormalLog DESKTOP-AGI7VEF serve started in http://172.31.227.163:3000
2022-07-26 16:55:05 INFO TimeLog DESKTOP-AGI7VEF /pac/api/ths/ljqd GET 2.214s
2022-07-26 16:56:51 INFO NormalLog DESKTOP-AGI7VEF serve started in http://172.31.227.163:3000
2022-07-26 16:57:24 INFO NormalLog DESKTOP-AGI7VEF serve started in http://172.31.227.163:3000
2022-07-26 16:57:51 INFO NormalLog DESKTOP-AGI7VEF serve started in http://172.31.227.163:3000
2022-07-26 16:58:03 INFO NormalLog DESKTOP-AGI7VEF serve started in http://172.31.227.163:3000
2022-07-26 16:58:35 INFO NormalLog DESKTOP-AGI7VEF serve started in http://172.31.227.163:3000
2022-07-26 17:01:12 INFO NormalLog DESKTOP-AGI7VEF serve started in http://172.31.227.163:3000
2022-07-26 17:01:20 INFO NormalLog DESKTOP-AGI7VEF serve started in http://172.31.227.163:3000
2022-07-26 17:01:52 INFO NormalLog DESKTOP-AGI7VEF serve started in http://172.31.227.163:3000
2022-07-26 17:02:09 INFO NormalLog DESKTOP-AGI7VEF serve started in http://172.31.227.163:3000
2022-07-26 17:02:25 INFO NormalLog DESKTOP-AGI7VEF serve started in http://172.31.227.163:3000
2022-07-26 17:03:15 INFO NormalLog DESKTOP-AGI7VEF serve started in http://172.31.227.163:3000
2022-07-26 17:03:42 INFO NormalLog DESKTOP-AGI7VEF serve started in http://172.31.227.163:3000
2022-07-26 17:04:23 INFO NormalLog DESKTOP-AGI7VEF serve started in http://172.31.227.163:3000
2022-07-26 17:04:39 INFO NormalLog DESKTOP-AGI7VEF serve started in http://172.31.227.163:3000
2022-07-26 17:05:53 INFO NormalLog DESKTOP-AGI7VEF serve started in http://172.31.227.163:3000
2022-07-26 17:06:16 INFO TimeLog DESKTOP-AGI7VEF /pac/api/ths/ljqd GET 20.716s
2022-07-26 17:07:08 INFO NormalLog DESKTOP-AGI7VEF serve started in http://172.31.227.163:3000
2022-07-26 17:08:51 INFO NormalLog DESKTOP-AGI7VEF serve started in http://172.31.227.163:3000
2022-07-26 17:10:36 INFO NormalLog DESKTOP-AGI7VEF serve started in http://172.31.227.163:3000
2022-07-26 17:12:02 INFO TimeLog DESKTOP-AGI7VEF /pac/api/ths/ljqd GET 53.615s
2022-07-26 17:13:36 INFO NormalLog DESKTOP-AGI7VEF serve started in http://172.31.227.163:3000
2022-07-26 17:14:00 INFO TimeLog DESKTOP-AGI7VEF /pac/api/ths/ljqd GET 20.345s
2022-07-26 17:15:56 INFO NormalLog DESKTOP-AGI7VEF serve started in http://172.31.227.163:3000
2022-07-26 17:18:57 INFO NormalLog DESKTOP-AGI7VEF serve started in http://172.31.227.163:3000
2022-07-26 17:22:28 INFO NormalLog DESKTOP-AGI7VEF serve started in http://172.31.227.163:3000
2022-07-26 17:23:00 INFO NormalLog DESKTOP-AGI7VEF serve started in http://172.31.227.163:3000
2022-07-26 17:23:19 INFO NormalLog DESKTOP-AGI7VEF serve started in http://172.31.227.163:3000
2022-07-26 17:23:37 INFO NormalLog DESKTOP-AGI7VEF serve started in http://172.31.227.163:3000
2022-07-26 17:23:58 INFO NormalLog DESKTOP-AGI7VEF serve started in http://172.31.227.163:3000
2022-07-26 17:24:33 INFO NormalLog DESKTOP-AGI7VEF serve started in http://172.31.227.163:3000
2022-07-26 17:24:40 INFO TimeLog DESKTOP-AGI7VEF /pac/api/ths/ljqd GET 1.794s
2022-07-26 17:25:38 INFO NormalLog DESKTOP-AGI7VEF serve started in http://172.31.227.163:3000
2022-07-26 17:25:44 INFO TimeLog DESKTOP-AGI7VEF /pac/api/ths/ljqd GET 1.882s
2022-07-26 17:26:01 INFO TimeLog DESKTOP-AGI7VEF /pac/api/ths/ljqd GET 3.053s
2022-07-26 17:29:24 INFO NormalLog DESKTOP-AGI7VEF serve started in http://172.31.227.163:3000
2022-07-26 17:29:33 INFO NormalLog DESKTOP-AGI7VEF serve started in http://172.31.227.163:3000
2022-07-26 17:29:48 INFO NormalLog DESKTOP-AGI7VEF serve started in http://172.31.227.163:3000
2022-07-26 17:30:15 INFO TimeLog DESKTOP-AGI7VEF /pac/api/ths/ljqd GET 20.075s
2022-07-26 17:30:47 INFO NormalLog DESKTOP-AGI7VEF serve started in http://172.31.227.163:3000
2022-07-26 17:35:52 INFO NormalLog DESKTOP-AGI7VEF serve started in http://172.31.227.163:3000
2022-07-26 17:36:47 INFO NormalLog DESKTOP-AGI7VEF serve started in http://172.31.227.163:3000
2022-07-26 17:37:12 INFO TimeLog DESKTOP-AGI7VEF /pac/api/ths/ljqd GET 20.049s
2022-07-26 17:44:04 INFO NormalLog DESKTOP-AGI7VEF serve started in http://172.31.227.163:3000
2022-07-26 17:45:06 INFO NormalLog DESKTOP-AGI7VEF serve started in http://172.31.227.163:3000
2022-07-26 17:45:22 INFO NormalLog DESKTOP-AGI7VEF serve started in http://172.31.227.163:3000
2022-07-26 17:45:38 INFO NormalLog DESKTOP-AGI7VEF serve started in http://172.31.227.163:3000
2022-07-26 17:47:14 INFO NormalLog DESKTOP-AGI7VEF serve started in http://172.31.227.163:3000
2022-07-26 17:47:38 INFO TimeLog DESKTOP-AGI7VEF /pac/api/ths/ljqd GET 19.923s
2022-07-26 17:48:15 INFO NormalLog DESKTOP-AGI7VEF serve started in http://172.31.227.163:3000
2022-07-26 17:49:01 INFO NormalLog DESKTOP-AGI7VEF serve started in http://172.31.227.163:3000
2022-07-26 17:49:44 INFO TimeLog DESKTOP-AGI7VEF /pac/api/ths/ljqd GET 35.107s
2022-07-26 17:56:15 INFO NormalLog DESKTOP-AGI7VEF serve started in http://172.31.227.163:3000
2022-07-26 17:56:45 INFO NormalLog DESKTOP-AGI7VEF serve started in http://172.31.227.163:3000
2022-07-26 17:57:22 INFO NormalLog DESKTOP-AGI7VEF serve started in http://172.31.227.163:3000
2022-07-26 17:57:51 INFO NormalLog DESKTOP-AGI7VEF serve started in http://172.31.227.163:3000
2022-07-26 17:58:15 INFO NormalLog DESKTOP-AGI7VEF serve started in http://172.31.227.163:3000
2022-07-26 17:58:35 INFO NormalLog DESKTOP-AGI7VEF serve started in http://172.31.227.163:3000
2022-07-26 17:58:50 INFO NormalLog DESKTOP-AGI7VEF serve started in http://172.31.227.163:3000
2022-07-26 17:59:32 INFO NormalLog DESKTOP-AGI7VEF serve started in http://172.31.227.163:3000
2022-07-26 18:00:28 INFO NormalLog DESKTOP-AGI7VEF serve started in http://172.31.227.163:3000
2022-07-26 18:00:48 INFO NormalLog DESKTOP-AGI7VEF serve started in http://172.31.227.163:3000
2022-07-26 18:01:05 INFO NormalLog DESKTOP-AGI7VEF serve started in http://172.31.227.163:3000
2022-07-26 18:01:24 INFO NormalLog DESKTOP-AGI7VEF serve started in http://172.31.227.163:3000
2022-07-26 18:01:32 INFO NormalLog DESKTOP-AGI7VEF serve started in http://172.31.227.163:3000
2022-07-26 18:01:41 INFO NormalLog DESKTOP-AGI7VEF serve started in http://172.31.227.163:3000
2022-07-26 18:02:08 INFO NormalLog DESKTOP-AGI7VEF serve started in http://172.31.227.163:3000
2022-07-26 18:02:19 INFO NormalLog DESKTOP-AGI7VEF serve started in http://172.31.227.163:3000
2022-07-26 18:02:47 INFO NormalLog DESKTOP-AGI7VEF serve started in http://172.31.227.163:3000
2022-07-26 18:03:19 INFO NormalLog DESKTOP-AGI7VEF serve started in http://172.31.227.163:3000
2022-07-26 18:03:50 INFO NormalLog DESKTOP-AGI7VEF serve started in http://172.31.227.163:3000
2022-07-26 18:04:18 INFO NormalLog DESKTOP-AGI7VEF serve started in http://172.31.227.163:3000
2022-07-26 18:04:36 INFO NormalLog DESKTOP-AGI7VEF serve started in http://172.31.227.163:3000
2022-07-26 18:04:56 INFO NormalLog DESKTOP-AGI7VEF serve started in http://172.31.227.163:3000
2022-07-26 18:06:14 INFO NormalLog DESKTOP-AGI7VEF serve started in http://172.31.227.163:3000
2022-07-26 18:06:49 INFO NormalLog DESKTOP-AGI7VEF serve started in http://172.31.227.163:3000
2022-07-26 18:07:29 INFO NormalLog DESKTOP-AGI7VEF serve started in http://172.31.227.163:3000
2022-07-26 18:07:58 INFO NormalLog DESKTOP-AGI7VEF serve started in http://172.31.227.163:3000
2022-07-26 18:13:31 INFO NormalLog DESKTOP-AGI7VEF serve started in http://172.31.227.163:3000
2022-07-26 18:15:43 INFO NormalLog DESKTOP-AGI7VEF serve started in http://172.31.227.163:3000
2022-07-26 18:16:08 INFO NormalLog DESKTOP-AGI7VEF serve started in http://172.31.227.163:3000
2022-07-26 18:16:15 INFO NormalLog DESKTOP-AGI7VEF serve started in http://172.31.227.163:3000
2022-07-26 18:16:34 INFO NormalLog DESKTOP-AGI7VEF serve started in http://172.31.227.163:3000
2022-07-26 18:17:03 INFO NormalLog DESKTOP-AGI7VEF serve started in http://172.31.227.163:3000
2022-07-26 18:17:42 INFO NormalLog DESKTOP-AGI7VEF serve started in http://172.31.227.163:3000
2022-07-26 18:17:54 INFO NormalLog DESKTOP-AGI7VEF serve started in http://172.31.227.163:3000
2022-07-26 18:18:19 INFO NormalLog DESKTOP-AGI7VEF serve started in http://172.31.227.163:3000
2022-07-26 18:18:49 INFO NormalLog DESKTOP-AGI7VEF serve started in http://172.31.227.163:3000
2022-07-26 18:19:26 INFO TimeLog DESKTOP-AGI7VEF /pac/api/ths/ljqd GET 35.143s
2022-07-26 18:21:17 INFO NormalLog DESKTOP-AGI7VEF serve started in http://172.31.227.163:3000
2022-07-26 18:21:38 INFO NormalLog DESKTOP-AGI7VEF serve started in http://172.31.227.163:3000
2022-07-26 18:22:10 INFO NormalLog DESKTOP-AGI7VEF serve started in http://172.31.227.163:3000
2022-07-26 18:22:46 INFO TimeLog DESKTOP-AGI7VEF /pac/api/ths/ljqd GET 35.071s
2022-07-26 18:23:50 INFO NormalLog DESKTOP-AGI7VEF serve started in http://172.31.227.163:3000
2022-07-26 18:24:33 INFO NormalLog DESKTOP-AGI7VEF serve started in http://172.31.227.163:3000
2022-07-26 18:24:46 INFO NormalLog DESKTOP-AGI7VEF serve started in http://172.31.227.163:3000
2022-07-26 18:26:05 INFO NormalLog DESKTOP-AGI7VEF serve started in http://172.31.227.163:3000
2022-07-26 18:26:44 INFO TimeLog DESKTOP-AGI7VEF /pac/api/ths/ljqd GET 35.154s
2022-07-26 18:27:32 INFO NormalLog DESKTOP-AGI7VEF serve started in http://172.31.227.163:3000
2022-07-26 18:27:51 INFO NormalLog DESKTOP-AGI7VEF serve started in http://172.31.227.163:3000
2022-07-26 18:28:28 INFO NormalLog DESKTOP-AGI7VEF serve started in http://172.31.227.163:3000
2022-07-26 18:28:55 INFO NormalLog DESKTOP-AGI7VEF serve started in http://172.31.227.163:3000
2022-07-26 18:29:33 INFO NormalLog DESKTOP-AGI7VEF serve started in http://172.31.227.163:3000
2022-07-26 18:29:50 INFO NormalLog DESKTOP-AGI7VEF serve started in http://172.31.227.163:3000
2022-07-26 18:30:34 INFO NormalLog DESKTOP-AGI7VEF serve started in http://172.31.227.163:3000
2022-07-26 18:30:59 INFO NormalLog DESKTOP-AGI7VEF serve started in http://172.31.227.163:3000
2022-07-26 18:34:58 INFO NormalLog DESKTOP-AGI7VEF serve started in http://172.31.227.163:3000
2022-07-26 18:36:46 INFO NormalLog DESKTOP-AGI7VEF serve started in http://172.31.227.163:3000
2022-07-26 18:37:04 INFO NormalLog DESKTOP-AGI7VEF serve started in http://172.31.227.163:3000
2022-07-26 18:37:39 INFO NormalLog DESKTOP-AGI7VEF serve started in http://172.31.227.163:3000
2022-07-26 18:38:40 INFO NormalLog DESKTOP-AGI7VEF serve started in http://172.31.227.163:3000
2022-07-26 18:39:17 INFO TimeLog DESKTOP-AGI7VEF /pac/api/ths/ljqd GET 34.932s
2022-07-26 18:40:13 INFO NormalLog DESKTOP-AGI7VEF serve started in http://172.31.227.163:3000
2022-07-26 18:40:52 INFO TimeLog DESKTOP-AGI7VEF /pac/api/ths/ljqd GET 35.098s
2022-07-26 18:44:24 INFO NormalLog DESKTOP-AGI7VEF serve started in http://172.31.227.163:3000
2022-07-26 18:45:03 INFO TimeLog DESKTOP-AGI7VEF /pac/api/ths/ljqd GET 35.198s
2022-07-26 18:46:23 INFO NormalLog DESKTOP-AGI7VEF serve started in http://172.31.227.163:3000
2022-07-26 18:47:00 INFO TimeLog DESKTOP-AGI7VEF /pac/api/ths/ljqd GET 36.673s
