2022-06-27 12:10:14 INFO TimeLog DESKTOP-AGI7VEF /eastmoney/hq GET 1.782s
2022-06-27 12:10:38 INFO TimeLog DESKTOP-AGI7VEF /eastmoney/hq GET 1.009s
2022-06-27 12:21:04 INFO TimeLog DESKTOP-AGI7VEF /jiucaigongshe/hot GET 11.778s
2022-06-27 12:21:30 INFO TimeLog DESKTOP-AGI7VEF /jiucaigongshe/hot GET 11.011s
2022-06-27 12:22:54 INFO TimeLog DESKTOP-AGI7VEF /jiucaigongshe/hot GET 11.835s
2022-06-27 12:23:59 INFO TimeLog DESKTOP-AGI7VEF /jiucaigongshe/hot GET 14.376s
2022-06-27 12:24:58 INFO TimeLog DESKTOP-AGI7VEF /jiucaigongshe/hot GET 14.035s
2022-06-27 12:27:23 INFO TimeLog DESKTOP-AGI7VEF /jiucaigongshe/hot GET 13.433s
2022-06-27 12:29:32 INFO TimeLog DESKTOP-AGI7VEF /jiucaigongshe/hot GET 6.585s
2022-06-27 12:35:43 FATAL ErrorCatch DESKTOP-AGI7VEF GET /jiucaigongshe/hot 404
2022-06-27 12:35:43 FATAL ErrorCatch DESKTOP-AGI7VEF {"errno":-4058,"code":"ENOENT","syscall":"open","path":"E:\\mine\\wechat-blog-capture-for-win\\screenshot-2022-06-27 12:35:42.png"}
2022-06-27 12:37:12 FATAL ErrorCatch DESKTOP-AGI7VEF GET /jiucaigongshe/hot 404
2022-06-27 12:37:12 FATAL ErrorCatch DESKTOP-AGI7VEF {"errno":-4058,"code":"ENOENT","syscall":"open","path":"E:\\mine\\wechat-blog-capture-for-win\\screenshot-2022-06-27 12:37:11.png"}
2022-06-27 12:37:47 FATAL ErrorCatch DESKTOP-AGI7VEF GET /jiucaigongshe/hot 404
2022-06-27 12:37:47 FATAL ErrorCatch DESKTOP-AGI7VEF {"errno":-4058,"code":"ENOENT","syscall":"open","path":"E:\\mine\\wechat-blog-capture-for-win\\screenshot-2022-06-27 12:37:46.png"}
2022-06-27 12:38:32 INFO TimeLog DESKTOP-AGI7VEF /jiucaigongshe/hot GET 5.331s
2022-06-27 12:39:06 INFO TimeLog DESKTOP-AGI7VEF /jiucaigongshe/hot GET 6.615s
2022-06-27 12:39:54 INFO TimeLog DESKTOP-AGI7VEF /jiucaigongshe/hot GET 8.736s
2022-06-27 12:40:58 INFO TimeLog DESKTOP-AGI7VEF /jiucaigongshe/hot GET 8.701s
2022-06-27 12:44:20 INFO TimeLog DESKTOP-AGI7VEF /jiucaigongshe/hot GET 5.957s
2022-06-27 12:54:00 INFO TimeLog DESKTOP-AGI7VEF /jiucaigongshe/hot GET 9.927s
2022-06-27 13:00:55 INFO TimeLog DESKTOP-AGI7VEF /jiucaigongshe/hot GET 7.125s
2022-06-27 13:02:08 INFO TimeLog DESKTOP-AGI7VEF /jiucaigongshe/hot GET 8.926s
2022-06-27 13:03:05 INFO TimeLog DESKTOP-AGI7VEF /jiucaigongshe/hot GET 5.408s
2022-06-27 13:03:32 INFO TimeLog DESKTOP-AGI7VEF /jiucaigongshe/hot GET 9.077s
2022-06-27 13:04:37 INFO TimeLog DESKTOP-AGI7VEF /jiucaigongshe/hot GET 8.713s
2022-06-27 13:06:21 INFO TimeLog DESKTOP-AGI7VEF /jiucaigongshe/hot GET 7.411s
2022-06-27 13:07:01 INFO TimeLog DESKTOP-AGI7VEF /jiucaigongshe/hot GET 8.797s
2022-06-27 13:07:30 INFO TimeLog DESKTOP-AGI7VEF /jiucaigongshe/hot GET 10.161s
2022-06-27 13:15:55 INFO TimeLog DESKTOP-AGI7VEF /jiucaigongshe/hot GET 5.999s
2022-06-27 13:18:20 INFO TimeLog DESKTOP-AGI7VEF /jiucaigongshe/hot GET 10.816s
2022-06-27 13:19:11 INFO TimeLog DESKTOP-AGI7VEF /jiucaigongshe/hot GET 5.463s
2022-06-27 13:19:44 INFO TimeLog DESKTOP-AGI7VEF /jiucaigongshe/hot GET 6.846s
2022-06-27 13:20:15 INFO TimeLog DESKTOP-AGI7VEF /jiucaigongshe/hot GET 8.641s
2022-06-27 13:22:45 INFO TimeLog DESKTOP-AGI7VEF /jiucaigongshe/hot GET 5.555s
