2022-07-07 09:32:58 INFO NormalLog DESKTOP-AGI7VEF serve started in http://172.31.227.163:3000
2022-07-07 09:33:09 INFO Eastmoney-Action DESKTOP-AGI7VEF 准备存储数据
2022-07-07 09:33:09 FATAL ErrorCatch DESKTOP-AGI7VEF GET /eastmoney/hq 404
2022-07-07 09:33:09 FATAL ErrorCatch DESKTOP-AGI7VEF {"errors":{"change":{"stringValue":"\"NaN\"","valueType":"number","kind":"Number","value":null,"path":"change","reason":{"generatedMessage":true,"code":"ERR_ASSERTION","actual":false,"expected":true,"operator":"=="},"name":"CastError","message":"Cast to Number failed for value \"NaN\" (type number) at path \"change\""}},"_message":"t_em_hq validation failed","name":"ValidationError","message":"t_em_hq validation failed: change: Cast to Number failed for value \"NaN\" (type number) at path \"change\""}
2022-07-07 09:33:30 INFO Eastmoney-Action DESKTOP-AGI7VEF 准备存储数据
2022-07-07 09:34:44 INFO NormalLog DESKTOP-AGI7VEF serve started in http://172.31.227.163:3000
2022-07-07 09:34:48 INFO Eastmoney-Action DESKTOP-AGI7VEF 准备存储数据
2022-07-07 09:36:37 FATAL ErrorCatch DESKTOP-AGI7VEF GET /eastmoney/hq 404
2022-07-07 09:36:37 FATAL ErrorCatch DESKTOP-AGI7VEF {"errors":{"change":{"stringValue":"\"NaN\"","valueType":"number","kind":"Number","value":null,"path":"change","reason":{"generatedMessage":true,"code":"ERR_ASSERTION","actual":false,"expected":true,"operator":"=="},"name":"CastError","message":"Cast to Number failed for value \"NaN\" (type number) at path \"change\""}},"_message":"t_em_hq validation failed","name":"ValidationError","message":"t_em_hq validation failed: change: Cast to Number failed for value \"NaN\" (type number) at path \"change\""}
2022-07-07 09:36:39 INFO Eastmoney-Action DESKTOP-AGI7VEF 准备存储数据
2022-07-07 09:36:42 INFO Eastmoney-Action DESKTOP-AGI7VEF 准备存储数据
2022-07-07 09:38:16 INFO NormalLog DESKTOP-AGI7VEF serve started in http://172.31.227.163:3000
2022-07-07 09:38:19 INFO Eastmoney-Action DESKTOP-AGI7VEF 准备存储数据
2022-07-07 09:38:23 FATAL ErrorCatch DESKTOP-AGI7VEF GET /eastmoney/hq 404
2022-07-07 09:38:23 FATAL ErrorCatch DESKTOP-AGI7VEF {"errors":{"change":{"stringValue":"\"NaN\"","valueType":"number","kind":"Number","value":null,"path":"change","reason":{"generatedMessage":true,"code":"ERR_ASSERTION","actual":false,"expected":true,"operator":"=="},"name":"CastError","message":"Cast to Number failed for value \"NaN\" (type number) at path \"change\""}},"_message":"t_em_hq validation failed","name":"ValidationError","message":"t_em_hq validation failed: change: Cast to Number failed for value \"NaN\" (type number) at path \"change\""}
2022-07-07 09:38:30 INFO Eastmoney-Action DESKTOP-AGI7VEF 准备存储数据
2022-07-07 09:40:33 INFO NormalLog DESKTOP-AGI7VEF serve started in http://172.31.227.163:3000
2022-07-07 09:41:31 INFO Eastmoney-Action DESKTOP-AGI7VEF 准备存储数据
2022-07-07 09:41:32 INFO Eastmoney-Action DESKTOP-AGI7VEF 准备存储数据（新增）-完成
2022-07-07 09:42:16 INFO Eastmoney-Action DESKTOP-AGI7VEF 准备存储数据
2022-07-07 09:42:16 INFO Eastmoney-Action DESKTOP-AGI7VEF 准备存储数据（更新）-完成
2022-07-07 09:42:16 INFO TimeLog DESKTOP-AGI7VEF /eastmoney/hq GET 0.897s
2022-07-07 09:42:30 INFO Eastmoney-Action DESKTOP-AGI7VEF 准备存储数据
2022-07-07 09:42:30 INFO Eastmoney-Action DESKTOP-AGI7VEF 准备存储数据（更新）-完成
2022-07-07 09:43:30 INFO Eastmoney-Action DESKTOP-AGI7VEF 准备存储数据
2022-07-07 09:43:30 INFO Eastmoney-Action DESKTOP-AGI7VEF 准备存储数据（更新）-完成
2022-07-07 09:44:30 INFO Eastmoney-Action DESKTOP-AGI7VEF 准备存储数据
2022-07-07 09:44:30 INFO Eastmoney-Action DESKTOP-AGI7VEF 准备存储数据（更新）-完成
2022-07-07 09:45:36 INFO NormalLog DESKTOP-AGI7VEF serve started in http://172.31.227.163:3000
2022-07-07 09:45:39 INFO Eastmoney-Action DESKTOP-AGI7VEF 准备存储数据
2022-07-07 09:45:39 INFO Eastmoney-Action DESKTOP-AGI7VEF 准备存储数据（更新）-完成
2022-07-07 09:45:39 INFO TimeLog DESKTOP-AGI7VEF /eastmoney/hq GET 1.042s
2022-07-07 09:45:44 INFO Eastmoney-Action DESKTOP-AGI7VEF 准备存储数据
2022-07-07 09:45:44 INFO Eastmoney-Action DESKTOP-AGI7VEF 准备存储数据（更新）-完成
2022-07-07 09:45:44 INFO TimeLog DESKTOP-AGI7VEF /eastmoney/hq GET 0.884s
2022-07-07 09:45:52 INFO Eastmoney-Action DESKTOP-AGI7VEF 准备存储数据
2022-07-07 09:45:52 INFO Eastmoney-Action DESKTOP-AGI7VEF 准备存储数据（更新）-完成
2022-07-07 09:45:52 INFO TimeLog DESKTOP-AGI7VEF /eastmoney/hq GET 0.843s
