2022-07-02 08:18:01 INFO MongoDB-Log DESKTOP-AGI7VEF mongodb connect success!!
2022-07-02 08:19:33 FATAL ErrorCatch DESKTOP-AGI7VEF GET /jiucaigongshe/hot/2022-06-30 404
2022-07-02 08:19:33 FATAL ErrorCatch DESKTOP-AGI7VEF {"name":"TimeoutError"}
2022-07-02 08:24:27 INFO MongoDB-Log DESKTOP-AGI7VEF mongodb connect success!!
2022-07-02 08:24:37 INFO MongoDB-Log DESKTOP-AGI7VEF mongodb connect success!!
2022-07-02 08:24:56 INFO MongoDB-Log DESKTOP-AGI7VEF mongodb connect success!!
2022-07-02 08:25:19 INFO MongoDB-Log DESKTOP-AGI7VEF mongodb connect success!!
2022-07-02 08:25:36 INFO MongoDB-Log DESKTOP-AGI7VEF mongodb connect success!!
2022-07-02 08:26:01 INFO MongoDB-Log DESKTOP-AGI7VEF mongodb connect success!!
2022-07-02 08:26:30 INFO MongoDB-Log DESKTOP-AGI7VEF mongodb connect success!!
2022-07-02 08:27:14 INFO TimeLog DESKTOP-AGI7VEF /jiucaigongshe/hot/2022-06-30 GET 7.718s
2022-07-02 08:27:49 INFO MongoDB-Log DESKTOP-AGI7VEF mongodb connect success!!
2022-07-02 08:28:00 INFO TimeLog DESKTOP-AGI7VEF /jiucaigongshe/hot/2022-06-30 GET 6.419s
2022-07-02 08:29:28 INFO MongoDB-Log DESKTOP-AGI7VEF mongodb connect success!!
2022-07-02 08:29:35 INFO TimeLog DESKTOP-AGI7VEF /jiucaigongshe/hot/2022-06-30 GET 2.765s
2022-07-02 08:29:48 INFO MongoDB-Log DESKTOP-AGI7VEF mongodb connect success!!
2022-07-02 08:29:55 INFO TimeLog DESKTOP-AGI7VEF /jiucaigongshe/hot/2022-06-30 GET 2.294s
2022-07-02 08:30:01 INFO TimeLog DESKTOP-AGI7VEF /jiucaigongshe/hot/2022-06-30 GET 2.452s
2022-07-02 08:32:35 INFO MongoDB-Log DESKTOP-AGI7VEF mongodb connect success!!
2022-07-02 08:32:55 INFO TimeLog DESKTOP-AGI7VEF /jiucaigongshe/hot/2022-06-30 GET 5.552s
2022-07-02 08:33:33 INFO MongoDB-Log DESKTOP-AGI7VEF mongodb connect success!!
2022-07-02 08:34:01 INFO MongoDB-Log DESKTOP-AGI7VEF mongodb connect success!!
2022-07-02 08:34:12 INFO MongoDB-Log DESKTOP-AGI7VEF mongodb connect success!!
2022-07-02 08:34:19 INFO MongoDB-Log DESKTOP-AGI7VEF mongodb connect success!!
2022-07-02 08:34:36 INFO TimeLog DESKTOP-AGI7VEF /jiucaigongshe/hot/2022-06-30 GET 5.536s
2022-07-02 08:34:51 INFO MongoDB-Log DESKTOP-AGI7VEF mongodb connect success!!
2022-07-02 08:35:01 INFO TimeLog DESKTOP-AGI7VEF /jiucaigongshe/hot/2022-06-30 GET 5.78s
2022-07-02 08:35:49 INFO MongoDB-Log DESKTOP-AGI7VEF mongodb connect success!!
2022-07-02 08:35:58 INFO TimeLog DESKTOP-AGI7VEF /jiucaigongshe/hot/2022-06-30 GET 5.411s
2022-07-02 08:36:09 INFO MongoDB-Log DESKTOP-AGI7VEF mongodb connect success!!
2022-07-02 08:36:19 INFO MongoDB-Log DESKTOP-AGI7VEF mongodb connect success!!
2022-07-02 08:36:27 INFO MongoDB-Log DESKTOP-AGI7VEF mongodb connect success!!
2022-07-02 08:37:29 INFO MongoDB-Log DESKTOP-AGI7VEF mongodb connect success!!
2022-07-02 08:37:34 INFO MongoDB-Log DESKTOP-AGI7VEF mongodb connect success!!
2022-07-02 08:37:52 INFO MongoDB-Log DESKTOP-AGI7VEF mongodb connect success!!
2022-07-02 08:38:11 INFO MongoDB-Log DESKTOP-AGI7VEF mongodb connect success!!
2022-07-02 08:38:34 INFO TimeLog DESKTOP-AGI7VEF /jiucaigongshe/hot/2022-06-30 GET 5.993s
2022-07-02 08:39:07 INFO MongoDB-Log DESKTOP-AGI7VEF mongodb connect success!!
2022-07-02 08:39:18 INFO MongoDB-Log DESKTOP-AGI7VEF mongodb connect success!!
2022-07-02 08:39:40 INFO MongoDB-Log DESKTOP-AGI7VEF mongodb connect success!!
2022-07-02 08:39:51 INFO MongoDB-Log DESKTOP-AGI7VEF mongodb connect success!!
2022-07-02 08:40:05 INFO TimeLog DESKTOP-AGI7VEF /jiucaigongshe/hot/2022-06-30 GET 7.689s
2022-07-02 08:40:31 INFO TimeLog DESKTOP-AGI7VEF /jiucaigongshe/hot/2022-06-30 GET 8.178s
2022-07-02 08:40:54 INFO MongoDB-Log DESKTOP-AGI7VEF mongodb connect success!!
2022-07-02 08:41:00 INFO TimeLog DESKTOP-AGI7VEF /jiucaigongshe/hot/2022-06-30 GET 6.462s
2022-07-02 08:41:11 INFO MongoDB-Log DESKTOP-AGI7VEF mongodb connect success!!
2022-07-02 08:41:21 INFO TimeLog DESKTOP-AGI7VEF /jiucaigongshe/hot/2022-06-30 GET 5.103s
2022-07-02 08:41:44 INFO TimeLog DESKTOP-AGI7VEF /jiucaigongshe/hot/2022-06-30 GET 5.277s
2022-07-02 08:41:56 INFO MongoDB-Log DESKTOP-AGI7VEF mongodb connect success!!
2022-07-02 08:42:02 INFO TimeLog DESKTOP-AGI7VEF /jiucaigongshe/hot/2022-06-30 GET 5.768s
2022-07-02 08:46:09 INFO MongoDB-Log DESKTOP-AGI7VEF mongodb connect success!!
2022-07-02 08:46:57 INFO MongoDB-Log DESKTOP-AGI7VEF mongodb connect success!!
2022-07-02 08:47:11 INFO TimeLog DESKTOP-AGI7VEF /jiucaigongshe/hot/2022-06-30 GET 5.334s
2022-07-02 08:47:25 INFO MongoDB-Log DESKTOP-AGI7VEF mongodb connect success!!
2022-07-02 08:47:37 INFO MongoDB-Log DESKTOP-AGI7VEF mongodb connect success!!
2022-07-02 08:47:53 INFO MongoDB-Log DESKTOP-AGI7VEF mongodb connect success!!
2022-07-02 08:47:59 INFO MongoDB-Log DESKTOP-AGI7VEF mongodb connect success!!
2022-07-02 08:48:08 INFO TimeLog DESKTOP-AGI7VEF /jiucaigongshe/hot/2022-06-30 GET 5.329s
2022-07-02 09:02:17 INFO MongoDB-Log DESKTOP-AGI7VEF mongodb connect success!!
2022-07-02 09:02:32 INFO TimeLog DESKTOP-AGI7VEF /jiucaigongshe/hot/2022-06-30 GET 5.136s
2022-07-02 09:03:57 INFO MongoDB-Log DESKTOP-AGI7VEF mongodb connect success!!
2022-07-02 09:04:05 INFO TimeLog DESKTOP-AGI7VEF /jiucaigongshe/hot/2022-06-30 GET 5.954s
2022-07-02 09:11:36 INFO MongoDB-Log DESKTOP-AGI7VEF mongodb connect success!!
2022-07-02 09:11:53 INFO MongoDB-Log DESKTOP-AGI7VEF mongodb connect success!!
2022-07-02 09:12:14 INFO MongoDB-Log DESKTOP-AGI7VEF mongodb connect success!!
2022-07-02 09:13:00 INFO MongoDB-Log DESKTOP-AGI7VEF mongodb connect success!!
2022-07-02 09:13:17 INFO TimeLog DESKTOP-AGI7VEF /jiucaigongshe/hot/2022-06-30 GET 6.547s
2022-07-02 09:15:43 INFO MongoDB-Log DESKTOP-AGI7VEF mongodb connect success!!
2022-07-02 09:16:51 INFO MongoDB-Log DESKTOP-AGI7VEF mongodb connect success!!
2022-07-02 09:17:08 INFO MongoDB-Log DESKTOP-AGI7VEF mongodb connect success!!
2022-07-02 09:17:13 INFO TimeLog DESKTOP-AGI7VEF /jiucaigongshe/hot/2022-06-30 GET 4.963s
2022-07-02 09:17:50 INFO MongoDB-Log DESKTOP-AGI7VEF mongodb connect success!!
2022-07-02 09:18:00 INFO MongoDB-Log DESKTOP-AGI7VEF mongodb connect success!!
2022-07-02 09:19:21 INFO MongoDB-Log DESKTOP-AGI7VEF mongodb connect success!!
2022-07-02 09:19:37 INFO MongoDB-Log DESKTOP-AGI7VEF mongodb connect success!!
2022-07-02 09:20:08 INFO MongoDB-Log DESKTOP-AGI7VEF mongodb connect success!!
2022-07-02 09:21:13 INFO MongoDB-Log DESKTOP-AGI7VEF mongodb connect success!!
2022-07-02 09:21:28 INFO MongoDB-Log DESKTOP-AGI7VEF mongodb connect success!!
2022-07-02 09:21:48 INFO MongoDB-Log DESKTOP-AGI7VEF mongodb connect success!!
2022-07-02 09:21:57 INFO TimeLog DESKTOP-AGI7VEF /jiucaigongshe/hot/2022-06-30 GET 6.401s
2022-07-02 09:22:38 INFO MongoDB-Log DESKTOP-AGI7VEF mongodb connect success!!
2022-07-02 09:23:51 INFO MongoDB-Log DESKTOP-AGI7VEF mongodb connect success!!
2022-07-02 09:24:15 INFO MongoDB-Log DESKTOP-AGI7VEF mongodb connect success!!
2022-07-02 09:24:32 INFO TimeLog DESKTOP-AGI7VEF /jiucaigongshe/hot/2022-06-30 GET 6.197s
2022-07-02 09:25:06 INFO MongoDB-Log DESKTOP-AGI7VEF mongodb connect success!!
2022-07-02 09:25:14 INFO TimeLog DESKTOP-AGI7VEF /jiucaigongshe/hot/2022-06-30 GET 5.147s
2022-07-02 09:26:19 INFO MongoDB-Log DESKTOP-AGI7VEF mongodb connect success!!
2022-07-02 09:26:29 INFO TimeLog DESKTOP-AGI7VEF /jiucaigongshe/hot/2022-06-30 GET 5.841s
2022-07-02 09:27:13 INFO MongoDB-Log DESKTOP-AGI7VEF mongodb connect success!!
2022-07-02 09:27:17 INFO MongoDB-Log DESKTOP-AGI7VEF mongodb connect success!!
2022-07-02 09:27:46 INFO MongoDB-Log DESKTOP-AGI7VEF mongodb connect success!!
2022-07-02 09:28:41 INFO TimeLog DESKTOP-AGI7VEF /jiucaigongshe/hot/2022-06-30 GET 6.253s
2022-07-02 09:29:30 INFO MongoDB-Log DESKTOP-AGI7VEF mongodb connect success!!
2022-07-02 09:29:34 INFO MongoDB-Log DESKTOP-AGI7VEF mongodb connect success!!
2022-07-02 09:30:56 INFO MongoDB-Log DESKTOP-AGI7VEF mongodb connect success!!
2022-07-02 09:33:49 INFO MongoDB-Log DESKTOP-AGI7VEF mongodb connect success!!
2022-07-02 09:34:03 INFO MongoDB-Log DESKTOP-AGI7VEF mongodb connect success!!
2022-07-02 09:34:26 INFO MongoDB-Log DESKTOP-AGI7VEF mongodb connect success!!
2022-07-02 09:34:44 INFO TimeLog DESKTOP-AGI7VEF /jiucaigongshe/hot/2022-06-30 GET 10.113s
2022-07-02 09:35:07 INFO TimeLog DESKTOP-AGI7VEF /jiucaigongshe/hot/2022-07-02 GET 5.966s
2022-07-02 09:36:30 INFO MongoDB-Log DESKTOP-AGI7VEF mongodb connect success!!
2022-07-02 09:36:39 INFO TimeLog DESKTOP-AGI7VEF /jiucaigongshe/hot/2022-07-02 GET 5.446s
2022-07-02 09:37:17 INFO MongoDB-Log DESKTOP-AGI7VEF mongodb connect success!!
2022-07-02 09:37:24 INFO TimeLog DESKTOP-AGI7VEF /jiucaigongshe/hot/2022-07-02 GET 4.67s
2022-07-02 09:37:32 INFO TimeLog DESKTOP-AGI7VEF /jiucaigongshe/hot/2022-07-02 GET 3.685s
2022-07-02 09:58:25 INFO MongoDB-Log DESKTOP-AGI7VEF mongodb connect success!!
2022-07-02 09:58:33 INFO TimeLog DESKTOP-AGI7VEF /jiucaigongshe/hot/2022-07-02 GET 5.421s
2022-07-02 09:58:33 INFO JiuCaiGongShe-Actions DESKTOP-AGI7VEF 数据库已经存在2022-07-01的数据了，无需再插入数据
2022-07-02 09:59:14 INFO TimeLog DESKTOP-AGI7VEF /jiucaigongshe/hot/2022-06-30 GET 5.296s
2022-07-02 09:59:14 INFO JiuCaiGongShe-Actions DESKTOP-AGI7VEF 数据库已经存在2022-06-30的数据了，无需再插入数据
2022-07-02 09:59:34 INFO TimeLog DESKTOP-AGI7VEF /jiucaigongshe/hot/2022-06-29 GET 5.129s
2022-07-02 10:01:27 INFO MongoDB-Log DESKTOP-AGI7VEF mongodb connect success!!
2022-07-02 10:02:19 INFO MongoDB-Log DESKTOP-AGI7VEF mongodb connect success!!
2022-07-02 10:23:44 INFO MongoDB-Log DESKTOP-AGI7VEF mongodb connect success!!
2022-07-02 10:24:03 INFO MongoDB-Log DESKTOP-AGI7VEF mongodb connect success!!
2022-07-02 10:24:29 INFO MongoDB-Log DESKTOP-AGI7VEF mongodb connect success!!
2022-07-02 10:25:50 INFO MongoDB-Log DESKTOP-AGI7VEF mongodb connect success!!
2022-07-02 10:26:00 INFO MongoDB-Log DESKTOP-AGI7VEF mongodb connect success!!
2022-07-02 10:27:32 INFO MongoDB-Log DESKTOP-AGI7VEF mongodb connect success!!
2022-07-02 10:29:00 INFO MongoDB-Log DESKTOP-AGI7VEF mongodb connect success!!
2022-07-02 10:29:49 INFO MongoDB-Log DESKTOP-AGI7VEF mongodb connect success!!
2022-07-02 10:31:30 INFO MongoDB-Log DESKTOP-AGI7VEF mongodb connect success!!
2022-07-02 10:31:41 INFO MongoDB-Log DESKTOP-AGI7VEF mongodb connect success!!
2022-07-02 10:32:06 INFO MongoDB-Log DESKTOP-AGI7VEF mongodb connect success!!
2022-07-02 10:33:16 INFO MongoDB-Log DESKTOP-AGI7VEF mongodb connect success!!
2022-07-02 10:34:59 INFO MongoDB-Log DESKTOP-AGI7VEF mongodb connect success!!
2022-07-02 10:35:23 INFO MongoDB-Log DESKTOP-AGI7VEF mongodb connect success!!
2022-07-02 10:36:14 INFO MongoDB-Log DESKTOP-AGI7VEF mongodb connect success!!
2022-07-02 10:36:37 INFO MongoDB-Log DESKTOP-AGI7VEF mongodb connect success!!
2022-07-02 10:36:53 INFO MongoDB-Log DESKTOP-AGI7VEF mongodb connect success!!
2022-07-02 10:37:35 INFO MongoDB-Log DESKTOP-AGI7VEF mongodb connect success!!
2022-07-02 10:38:11 INFO MongoDB-Log DESKTOP-AGI7VEF mongodb connect success!!
2022-07-02 10:38:25 INFO MongoDB-Log DESKTOP-AGI7VEF mongodb connect success!!
2022-07-02 10:39:25 INFO MongoDB-Log DESKTOP-AGI7VEF mongodb connect success!!
2022-07-02 10:39:38 INFO MongoDB-Log DESKTOP-AGI7VEF mongodb connect success!!
2022-07-02 10:40:00 INFO MongoDB-Log DESKTOP-AGI7VEF mongodb connect success!!
2022-07-02 10:40:24 INFO MongoDB-Log DESKTOP-AGI7VEF mongodb connect success!!
2022-07-02 10:42:27 INFO MongoDB-Log DESKTOP-AGI7VEF mongodb connect success!!
2022-07-02 10:42:56 INFO MongoDB-Log DESKTOP-AGI7VEF mongodb connect success!!
2022-07-02 10:43:40 INFO MongoDB-Log DESKTOP-AGI7VEF mongodb connect success!!
2022-07-02 10:44:53 INFO MongoDB-Log DESKTOP-AGI7VEF mongodb connect success!!
2022-07-02 10:45:57 INFO MongoDB-Log DESKTOP-AGI7VEF mongodb connect success!!
2022-07-02 10:46:30 INFO MongoDB-Log DESKTOP-AGI7VEF mongodb connect success!!
2022-07-02 11:11:40 INFO JiuCaiGongShe-Actions DESKTOP-AGI7VEF 数据库已经存在2022-07-01的数据了，无需再插入数据
2022-07-02 11:11:40 INFO JiuCaiGongSheLog-Auto DESKTOP-AGI7VEF 自动化任务抓取2022-07-01异动数据已经存在！
2022-07-02 11:13:35 INFO JiuCaiGongShe-Actions DESKTOP-AGI7VEF 数据库已经存在2022-07-01的数据了，无需再插入数据
2022-07-02 11:13:35 INFO JiuCaiGongSheLog-Auto DESKTOP-AGI7VEF 自动化任务抓取2022-07-01异动数据已经存在！
2022-07-02 11:13:35 INFO JiuCaiGongSheLog-Auto DESKTOP-AGI7VEF 自动化任务抓取2022-06-30异动数据已经存在！
2022-07-02 11:13:35 INFO JiuCaiGongSheLog-Auto DESKTOP-AGI7VEF 自动化任务抓取2022-06-29异动数据已经存在！
2022-07-02 11:14:06 INFO JiuCaiGongShe-Actions DESKTOP-AGI7VEF 数据库已经存在2022-06-24的数据了，无需再插入数据
2022-07-02 11:14:06 INFO JiuCaiGongSheLog-Auto DESKTOP-AGI7VEF 自动化任务抓取2022-06-24异动数据已经存在！
2022-07-02 11:14:38 INFO JiuCaiGongShe-Actions DESKTOP-AGI7VEF 数据库已经存在2022-06-17的数据了，无需再插入数据
2022-07-02 11:14:38 INFO JiuCaiGongSheLog-Auto DESKTOP-AGI7VEF 自动化任务抓取2022-06-17异动数据已经存在！
2022-07-02 11:15:12 INFO JiuCaiGongShe-Actions DESKTOP-AGI7VEF 数据库已经存在2022-06-10的数据了，无需再插入数据
2022-07-02 11:15:12 INFO JiuCaiGongSheLog-Auto DESKTOP-AGI7VEF 自动化任务抓取2022-06-10异动数据已经存在！
2022-07-02 11:16:17 INFO JiuCaiGongShe-Actions DESKTOP-AGI7VEF 数据库已经存在2022-05-27的数据了，无需再插入数据
2022-07-02 11:16:17 INFO JiuCaiGongSheLog-Auto DESKTOP-AGI7VEF 自动化任务抓取2022-05-27异动数据已经存在！
2022-07-02 11:16:53 INFO JiuCaiGongShe-Actions DESKTOP-AGI7VEF 数据库已经存在2022-05-20的数据了，无需再插入数据
2022-07-02 11:16:53 INFO JiuCaiGongSheLog-Auto DESKTOP-AGI7VEF 自动化任务抓取2022-05-20异动数据已经存在！
2022-07-02 11:17:28 INFO JiuCaiGongShe-Actions DESKTOP-AGI7VEF 数据库已经存在2022-05-13的数据了，无需再插入数据
2022-07-02 11:17:28 INFO JiuCaiGongSheLog-Auto DESKTOP-AGI7VEF 自动化任务抓取2022-05-13异动数据已经存在！
2022-07-02 11:18:09 INFO JiuCaiGongShe-Actions DESKTOP-AGI7VEF 数据库已经存在2022-05-06的数据了，无需再插入数据
2022-07-02 11:18:09 INFO JiuCaiGongSheLog-Auto DESKTOP-AGI7VEF 自动化任务抓取2022-05-06异动数据已经存在！
2022-07-02 15:13:33 INFO TimeLog VM_0_8_centos / GET 0.008s
2022-07-02 15:13:34 INFO TimeLog VM_0_8_centos /favicon.ico GET 0.005s
2022-07-02 15:13:34 INFO TimeLog VM_0_8_centos / GET 0s
2022-07-02 15:15:11 INFO TimeLog VM_0_8_centos / GET 0.007s
2022-07-02 15:15:11 INFO TimeLog VM_0_8_centos / GET 0.005s
2022-07-02 15:17:00 INFO TimeLog VM_0_8_centos / GET 0.007s
2022-07-02 15:17:00 INFO TimeLog VM_0_8_centos / GET 0.005s
2022-07-02 15:17:02 INFO TimeLog VM_0_8_centos / GET 0s
2022-07-02 15:17:02 INFO TimeLog VM_0_8_centos / GET 0s
2022-07-02 15:17:03 INFO TimeLog VM_0_8_centos / GET 0s
2022-07-02 15:17:03 INFO TimeLog VM_0_8_centos / GET 0s
2022-07-02 15:17:05 INFO TimeLog VM_0_8_centos / GET 0s
2022-07-02 15:17:05 INFO TimeLog VM_0_8_centos / GET 0s
2022-07-02 15:17:06 INFO TimeLog VM_0_8_centos / GET 0.001s
2022-07-02 15:17:06 INFO TimeLog VM_0_8_centos / GET 0s
2022-07-02 15:17:06 INFO TimeLog VM_0_8_centos / GET 0s
2022-07-02 15:17:06 INFO TimeLog VM_0_8_centos / GET 0.001s
2022-07-02 15:17:07 INFO TimeLog VM_0_8_centos / GET 0.001s
2022-07-02 15:17:07 INFO TimeLog VM_0_8_centos / GET 0s
2022-07-02 15:17:07 INFO TimeLog VM_0_8_centos / GET 0.001s
2022-07-02 15:17:07 INFO TimeLog VM_0_8_centos / GET 0s
2022-07-02 15:21:03 INFO TimeLog VM_0_8_centos / GET 0.008s
2022-07-02 15:21:03 INFO TimeLog VM_0_8_centos / GET 0.005s
2022-07-02 15:46:58 INFO TimeLog VM_0_8_centos / GET 0.007s
2022-07-02 15:46:58 INFO TimeLog VM_0_8_centos / GET 0.005s
2022-07-02 15:47:02 INFO TimeLog VM_0_8_centos / GET 0s
2022-07-02 15:47:02 INFO TimeLog VM_0_8_centos / GET 0.001s
2022-07-02 15:47:02 INFO TimeLog VM_0_8_centos / GET 0.001s
2022-07-02 15:47:02 INFO TimeLog VM_0_8_centos / GET 0.001s
2022-07-02 15:47:02 INFO TimeLog VM_0_8_centos / GET 0s
2022-07-02 15:47:03 INFO TimeLog VM_0_8_centos / GET 0.001s
2022-07-02 15:47:22 FATAL ErrorCatch VM_0_8_centos GET /jiucaigongshe/hot/2022-06-29 404
2022-07-02 15:47:22 FATAL ErrorCatch VM_0_8_centos {}
2022-07-02 15:48:55 FATAL ErrorCatch VM_0_8_centos GET /jiucaigongshe/hot/2022-06-29 404
2022-07-02 15:48:55 FATAL ErrorCatch VM_0_8_centos {}
2022-07-02 15:48:56 FATAL ErrorCatch VM_0_8_centos GET /jiucaigongshe/hot/2022-06-29 404
2022-07-02 15:48:56 FATAL ErrorCatch VM_0_8_centos {}
2022-07-02 15:48:57 FATAL ErrorCatch VM_0_8_centos GET /jiucaigongshe/hot/2022-06-29 404
2022-07-02 15:48:57 FATAL ErrorCatch VM_0_8_centos {}
2022-07-02 15:48:57 FATAL ErrorCatch VM_0_8_centos GET /jiucaigongshe/hot/2022-06-29 404
2022-07-02 15:48:57 FATAL ErrorCatch VM_0_8_centos {}
2022-07-02 15:48:58 FATAL ErrorCatch VM_0_8_centos GET /jiucaigongshe/hot/2022-06-29 404
2022-07-02 15:48:58 FATAL ErrorCatch VM_0_8_centos {}
2022-07-02 15:54:06 FATAL ErrorCatch VM_0_8_centos GET /jiucaigongshe/hot/2022-06-29 404
2022-07-02 15:54:06 FATAL ErrorCatch VM_0_8_centos {}
2022-07-02 15:57:59 FATAL ErrorCatch VM_0_8_centos GET /jiucaigongshe/hot/2022-06-29 404
2022-07-02 15:57:59 FATAL ErrorCatch VM_0_8_centos {}
2022-07-02 15:58:05 FATAL ErrorCatch VM_0_8_centos GET /jiucaigongshe/hot/2022-06-29 404
2022-07-02 15:58:05 FATAL ErrorCatch VM_0_8_centos {}
2022-07-02 15:58:08 FATAL ErrorCatch VM_0_8_centos GET /jiucaigongshe/hot/2022-06-29 404
2022-07-02 15:58:08 FATAL ErrorCatch VM_0_8_centos {}
2022-07-02 15:59:17 FATAL ErrorCatch VM_0_8_centos GET /jiucaigongshe/hot/2022-06-29 404
2022-07-02 15:59:17 FATAL ErrorCatch VM_0_8_centos {}
2022-07-02 15:59:18 FATAL ErrorCatch VM_0_8_centos GET /jiucaigongshe/hot/2022-06-29 404
2022-07-02 15:59:18 FATAL ErrorCatch VM_0_8_centos {}
2022-07-02 15:59:48 FATAL ErrorCatch VM_0_8_centos GET /jiucaigongshe/hot/2022-06-29 404
2022-07-02 15:59:48 FATAL ErrorCatch VM_0_8_centos {}
2022-07-02 16:11:36 INFO TimeLog VM_0_8_centos /jiucaigongshe/hot/2022-06-29 GET 4.571s
2022-07-02 16:11:42 INFO TimeLog VM_0_8_centos /jiucaigongshe/hot/2022-06-29 GET 3.799s
2022-07-02 16:23:08 INFO TimeLog VM_0_8_centos /jiucaigongshe/hot/2022-06-29 GET 4.487s
2022-07-02 16:23:51 INFO TimeLog VM_0_8_centos /jiucaigongshe/hot/2022-06-29 GET 3.888s
2022-07-02 16:24:11 INFO TimeLog VM_0_8_centos /jiucaigongshe/hot/2022-06-29 GET 4.115s
